<h2>Reporter output</h2><table><tr><td>Creating object of chrome</td></tr>
<tr><td>Navigating to http://automationpractice.com/index.php</td></tr>
<tr><td>Navigate to: 'http://automationpractice.com/index.php'</td></tr>
<tr><td>Creating object of chrome</td></tr>
<tr><td>Navigating to http://automationpractice.com/index.php</td></tr>
<tr><td>Navigate to: 'http://automationpractice.com/index.php'</td></tr>
<tr><td>Found element By: By.xpath: //a[@class='login'][@title='Log in to your customer account']</td></tr>
<tr><td>Trying to click on: [[ChromeDriver: chrome on XP (4006f5e4d54de3af072955a4fab1a8a0)] -> xpath: //a[@class='login'][@title='Log in to your customer account']]</td></tr>
<tr><td>Clicked on: [[ChromeDriver: chrome on XP (4006f5e4d54de3af072955a4fab1a8a0)] -> xpath: //a[@class='login'][@title='Log in to your customer account']]</td></tr>
<tr><td>Found element By: By.xpath: //a[@class='login'][@title='Log in to your customer account']</td></tr>
<tr><td>Clicked on SignIn and object is [[ChromeDriver: chrome on XP (4006f5e4d54de3af072955a4fab1a8a0)] -> xpath: //a[@class='login'][@title='Log in to your customer account']]</td></tr>
<tr><td>Found element By: By.xpath: //input[@id='email_create']</td></tr>
<tr><td>Element value changed to: [[ChromeDriver: chrome on XP (4006f5e4d54de3af072955a4fab1a8a0)] -> xpath: //input[@id='email_create']]</td></tr>
<tr><td>Found element By: By.xpath: //input[@id='email_create']</td></tr>
<tr><td>Element value changed to: [[ChromeDriver: chrome on XP (4006f5e4d54de3af072955a4fab1a8a0)] -> xpath: //input[@id='email_create']]</td></tr>
<tr><td>Found element By: By.xpath: //input[@id='email_create']</td></tr>
<tr><td>Entered email and object is [[ChromeDriver: chrome on XP (4006f5e4d54de3af072955a4fab1a8a0)] -> xpath: //input[@id='email_create']]</td></tr>
<tr><td>Found element By: By.xpath: //button[@id='SubmitCreate']</td></tr>
<tr><td>Trying to click on: [[ChromeDriver: chrome on XP (4006f5e4d54de3af072955a4fab1a8a0)] -> xpath: //button[@id='SubmitCreate']]</td></tr>
<tr><td>Clicked on: [[ChromeDriver: chrome on XP (4006f5e4d54de3af072955a4fab1a8a0)] -> xpath: //button[@id='SubmitCreate']]</td></tr>
<tr><td>Found element By: By.xpath: //button[@id='SubmitCreate']</td></tr>
<tr><td>Clicked on create account button and onject is [[ChromeDriver: chrome on XP (4006f5e4d54de3af072955a4fab1a8a0)] -> xpath: //button[@id='SubmitCreate']]</td></tr>
<tr><td>Found element By: By.xpath: //input[@id='id_gender2']</td></tr>
<tr><td>Trying to click on: [[ChromeDriver: chrome on XP (4006f5e4d54de3af072955a4fab1a8a0)] -> xpath: //input[@id='id_gender2']]</td></tr>
<tr><td>Clicked on: [[ChromeDriver: chrome on XP (4006f5e4d54de3af072955a4fab1a8a0)] -> xpath: //input[@id='id_gender2']]</td></tr>
<tr><td>Found element By: By.xpath: //input[@id='customer_firstname']</td></tr>
<tr><td>Element value changed to: [[ChromeDriver: chrome on XP (4006f5e4d54de3af072955a4fab1a8a0)] -> xpath: //input[@id='customer_firstname']]</td></tr>
<tr><td>Found element By: By.xpath: //input[@id='customer_firstname']</td></tr>
<tr><td>Element value changed to: [[ChromeDriver: chrome on XP (4006f5e4d54de3af072955a4fab1a8a0)] -> xpath: //input[@id='customer_firstname']]</td></tr>
<tr><td>Found element By: By.xpath: //input[@id='customer_lastname']</td></tr>
<tr><td>Element value changed to: [[ChromeDriver: chrome on XP (4006f5e4d54de3af072955a4fab1a8a0)] -> xpath: //input[@id='customer_lastname']]</td></tr>
<tr><td>Found element By: By.xpath: //input[@id='customer_lastname']</td></tr>
<tr><td>Element value changed to: [[ChromeDriver: chrome on XP (4006f5e4d54de3af072955a4fab1a8a0)] -> xpath: //input[@id='customer_lastname']]</td></tr>
<tr><td>Found element By: By.xpath: //input[@id='passwd']</td></tr>
<tr><td>Element value changed to: [[ChromeDriver: chrome on XP (4006f5e4d54de3af072955a4fab1a8a0)] -> xpath: //input[@id='passwd']]</td></tr>
<tr><td>Found element By: By.xpath: //input[@id='passwd']</td></tr>
<tr><td>Element value changed to: [[ChromeDriver: chrome on XP (4006f5e4d54de3af072955a4fab1a8a0)] -> xpath: //input[@id='passwd']]</td></tr>
<tr><td>Found element By: By.xpath: //input[@id='passwd']</td></tr>
<tr><td>Entered password and object is [[ChromeDriver: chrome on XP (4006f5e4d54de3af072955a4fab1a8a0)] -> xpath: //input[@id='passwd']]</td></tr>
<tr><td>Found element By: By.xpath: //select[@id='days']</td></tr>
<tr><td>Found element By: By.xpath: //select[@id='days']</td></tr>
<tr><td>Found element By: By.xpath: //select[@id='days']</td></tr>
<tr><td>Found element By: By.xpath: .//option[normalize-space(.) = "4  "]</td></tr>
<tr><td>Found element By: By.xpath: //select[@id='days']</td></tr>
<tr><td>Found element By: By.xpath: .//option[contains(., "4")]</td></tr>
<tr><td>Trying to click on: [[[[ChromeDriver: chrome on XP (4006f5e4d54de3af072955a4fab1a8a0)] -> xpath: //select[@id='days']]] -> xpath: .//option[contains(., "4")]]</td></tr>
<tr><td>Clicked on: [[[[ChromeDriver: chrome on XP (4006f5e4d54de3af072955a4fab1a8a0)] -> xpath: //select[@id='days']]] -> xpath: .//option[contains(., "4")]]</td></tr>
<tr><td>Found element By: By.xpath: //select[@id='months']</td></tr>
<tr><td>Found element By: By.xpath: //select[@id='months']</td></tr>
<tr><td>Found element By: By.xpath: //select[@id='months']</td></tr>
<tr><td>Found element By: By.xpath: .//option[normalize-space(.) = "April "]</td></tr>
<tr><td>Found element By: By.xpath: //select[@id='months']</td></tr>
<tr><td>Found element By: By.xpath: .//option[contains(., "April")]</td></tr>
<tr><td>Trying to click on: [[[[ChromeDriver: chrome on XP (4006f5e4d54de3af072955a4fab1a8a0)] -> xpath: //select[@id='months']]] -> xpath: .//option[contains(., "April")]]</td></tr>
<tr><td>Clicked on: [[[[ChromeDriver: chrome on XP (4006f5e4d54de3af072955a4fab1a8a0)] -> xpath: //select[@id='months']]] -> xpath: .//option[contains(., "April")]]</td></tr>
<tr><td>Found element By: By.xpath: //select[@id='years']</td></tr>
<tr><td>Found element By: By.xpath: //select[@id='years']</td></tr>
<tr><td>Found element By: By.xpath: //select[@id='years']</td></tr>
<tr><td>Found element By: By.xpath: .//option[normalize-space(.) = "1990  "]</td></tr>
<tr><td>Found element By: By.xpath: //select[@id='years']</td></tr>
<tr><td>Found element By: By.xpath: .//option[contains(., "1990")]</td></tr>
<tr><td>Trying to click on: [[[[ChromeDriver: chrome on XP (4006f5e4d54de3af072955a4fab1a8a0)] -> xpath: //select[@id='years']]] -> xpath: .//option[contains(., "1990")]]</td></tr>
<tr><td>Clicked on: [[[[ChromeDriver: chrome on XP (4006f5e4d54de3af072955a4fab1a8a0)] -> xpath: //select[@id='years']]] -> xpath: .//option[contains(., "1990")]]</td></tr>
<tr><td>Selected year and object is org.openqa.selenium.support.ui.Select@43cf6ea3</td></tr>
<tr><td>Found element By: By.xpath: //input[@id='address1']</td></tr>
<tr><td>Element value changed to: [[ChromeDriver: chrome on XP (4006f5e4d54de3af072955a4fab1a8a0)] -> xpath: //input[@id='address1']]</td></tr>
<tr><td>Found element By: By.xpath: //input[@id='address1']</td></tr>
<tr><td>Element value changed to: [[ChromeDriver: chrome on XP (4006f5e4d54de3af072955a4fab1a8a0)] -> xpath: //input[@id='address1']]</td></tr>
<tr><td>Found element By: By.xpath: //input[@id='city']</td></tr>
<tr><td>Element value changed to: [[ChromeDriver: chrome on XP (4006f5e4d54de3af072955a4fab1a8a0)] -> xpath: //input[@id='city']]</td></tr>
<tr><td>Found element By: By.xpath: //input[@id='city']</td></tr>
<tr><td>Element value changed to: [[ChromeDriver: chrome on XP (4006f5e4d54de3af072955a4fab1a8a0)] -> xpath: //input[@id='city']]</td></tr>
<tr><td>Found element By: By.xpath: //select[@id='id_state']</td></tr>
<tr><td>Found element By: By.xpath: //select[@id='id_state']</td></tr>
<tr><td>Found element By: By.xpath: //select[@id='id_state']</td></tr>
<tr><td>Found element By: By.xpath: .//option[@value = "2"]</td></tr>
<tr><td>Trying to click on: [[[[ChromeDriver: chrome on XP (4006f5e4d54de3af072955a4fab1a8a0)] -> xpath: //select[@id='id_state']]] -> xpath: .//option[@value = "2"]]</td></tr>
<tr><td>Clicked on: [[[[ChromeDriver: chrome on XP (4006f5e4d54de3af072955a4fab1a8a0)] -> xpath: //select[@id='id_state']]] -> xpath: .//option[@value = "2"]]</td></tr>
<tr><td>Found element By: By.xpath: //input[@id='postcode']</td></tr>
<tr><td>Element value changed to: [[ChromeDriver: chrome on XP (4006f5e4d54de3af072955a4fab1a8a0)] -> xpath: //input[@id='postcode']]</td></tr>
<tr><td>Found element By: By.xpath: //input[@id='postcode']</td></tr>
<tr><td>Element value changed to: [[ChromeDriver: chrome on XP (4006f5e4d54de3af072955a4fab1a8a0)] -> xpath: //input[@id='postcode']]</td></tr>
<tr><td>Found element By: By.xpath: //input[@id='postcode']</td></tr>
<tr><td>Enterted zipcode and object is [[ChromeDriver: chrome on XP (4006f5e4d54de3af072955a4fab1a8a0)] -> xpath: //input[@id='postcode']]</td></tr>
<tr><td>Found element By: By.xpath: //input[@id='phone_mobile']</td></tr>
<tr><td>Element value changed to: [[ChromeDriver: chrome on XP (4006f5e4d54de3af072955a4fab1a8a0)] -> xpath: //input[@id='phone_mobile']]</td></tr>
<tr><td>Found element By: By.xpath: //input[@id='alias']</td></tr>
<tr><td>Element value changed to: [[ChromeDriver: chrome on XP (4006f5e4d54de3af072955a4fab1a8a0)] -> xpath: //input[@id='alias']]</td></tr>
<tr><td>Found element By: By.xpath: //input[@id='alias']</td></tr>
<tr><td>Element value changed to: [[ChromeDriver: chrome on XP (4006f5e4d54de3af072955a4fab1a8a0)] -> xpath: //input[@id='alias']]</td></tr>
<tr><td>Found element By: By.xpath: //button[@id='submitAccount']</td></tr>
<tr><td>Trying to click on: [[ChromeDriver: chrome on XP (4006f5e4d54de3af072955a4fab1a8a0)] -> xpath: //button[@id='submitAccount']]</td></tr>
<tr><td>Clicked on: [[ChromeDriver: chrome on XP (4006f5e4d54de3af072955a4fab1a8a0)] -> xpath: //button[@id='submitAccount']]</td></tr>
<tr><td>Found element By: By.xpath: //div[@id='center_column']/h1</td></tr>
<tr><td>User has successfully logged into his/her account</td></tr>
<tr><td>browser closed</td></tr>
<tr><td>Creating object of chrome</td></tr>
<tr><td>Navigating to http://automationpractice.com/index.php</td></tr>
<tr><td>Navigate to: 'http://automationpractice.com/index.php'</td></tr>
<tr><td>Found element By: By.xpath: //a[@class='login'][@title='Log in to your customer account']</td></tr>
<tr><td>Trying to click on: [[ChromeDriver: chrome on XP (4d78b6ab0cba0a7c4429c8479102fe35)] -> xpath: //a[@class='login'][@title='Log in to your customer account']]</td></tr>
<tr><td>Clicked on: [[ChromeDriver: chrome on XP (4d78b6ab0cba0a7c4429c8479102fe35)] -> xpath: //a[@class='login'][@title='Log in to your customer account']]</td></tr>
<tr><td>Found element By: By.xpath: //a[@class='login'][@title='Log in to your customer account']</td></tr>
<tr><td>Clicked on SignIn and object is [[ChromeDriver: chrome on XP (4d78b6ab0cba0a7c4429c8479102fe35)] -> xpath: //a[@class='login'][@title='Log in to your customer account']]</td></tr>
<tr><td>Found element By: By.xpath: //input[@id='email']</td></tr>
<tr><td>Element value changed to: [[ChromeDriver: chrome on XP (4d78b6ab0cba0a7c4429c8479102fe35)] -> xpath: //input[@id='email']]</td></tr>
<tr><td>Found element By: By.xpath: //input[@id='email']</td></tr>
<tr><td>Entered email address: testautomation4@gmail.com and object is [[ChromeDriver: chrome on XP (4d78b6ab0cba0a7c4429c8479102fe35)] -> xpath: //input[@id='email']]</td></tr>
<tr><td>Found element By: By.xpath: //input[@id='passwd']</td></tr>
<tr><td>Element value changed to: [[ChromeDriver: chrome on XP (4d78b6ab0cba0a7c4429c8479102fe35)] -> xpath: //input[@id='passwd']]</td></tr>
<tr><td>Found element By: By.xpath: //input[@id='passwd']</td></tr>
<tr><td>Entered password: password@123 and object is [[ChromeDriver: chrome on XP (4d78b6ab0cba0a7c4429c8479102fe35)] -> xpath: //input[@id='passwd']]</td></tr>
<tr><td>Found element By: By.xpath: //button[@id='SubmitLogin']</td></tr>
<tr><td>Trying to click on: [[ChromeDriver: chrome on XP (4d78b6ab0cba0a7c4429c8479102fe35)] -> xpath: //button[@id='SubmitLogin']]</td></tr>
<tr><td>Clicked on: [[ChromeDriver: chrome on XP (4d78b6ab0cba0a7c4429c8479102fe35)] -> xpath: //button[@id='SubmitLogin']]</td></tr>
<tr><td>Found element By: By.xpath: //button[@id='SubmitLogin']</td></tr>
<tr><td>Clicked on submit button and object is [[ChromeDriver: chrome on XP (4d78b6ab0cba0a7c4429c8479102fe35)] -> xpath: //button[@id='SubmitLogin']]</td></tr>
<tr><td>Found element By: By.xpath: //div[@id='center_column']/h1</td></tr>
<tr><td>User has successfully logged into his/her account</td></tr>
<tr><td><a href='C:\Automation\Jan18\FirstMavenProject\uiAutomation\src\main\java\com\test\automation\uiAutomation\screenshot\testLogin_testautomation4@gmail.com_06_02_2019_07_54_16.png'><img src='C:\Automation\Jan18\FirstMavenProject\uiAutomation\src\main\java\com\test\automation\uiAutomation\screenshot\testLogin_testautomation4@gmail.com_06_02_2019_07_54_16.png' height='100' width='100'/> </a></td></tr>
<tr><td>Exception occured: org.openqa.selenium.NoSuchElementException: no such element: Unable to locate element: {"method":"xpath","selector":"//a[@class='logout']"}
  (Session info: chrome=71.0.3578.98)
  (Driver info: chromedriver=2.35.528161 (5b82f2d2aae0ca24b877009200ced9065a772e73),platform=Windows NT 10.0.17134 x86_64) (WARNING: The server did not provide any stacktrace information)
Command duration or timeout: 0 milliseconds
For documentation on this error, please visit: http://seleniumhq.org/exceptions/no_such_element.html
Build info: version: '3.8.1', revision: '6e95a6684b', time: '2017-12-01T18:33:54.468Z'
System info: host: 'HIMANI', ip: '192.168.1.5', os.name: 'Windows 10', os.arch: 'amd64', os.version: '10.0', java.version: '9.0.4'
Driver info: org.openqa.selenium.chrome.ChromeDriver
Capabilities {acceptInsecureCerts: false, acceptSslCerts: false, applicationCacheEnabled: false, browserConnectionEnabled: false, browserName: chrome, chrome: {chromedriverVersion: 2.35.528161 (5b82f2d2aae0ca..., userDataDir: C:\Users\Himani\AppData\Loc...}, cssSelectorsEnabled: true, databaseEnabled: false, handlesAlerts: true, hasTouchScreen: false, javascriptEnabled: true, locationContextEnabled: true, mobileEmulationEnabled: false, nativeEvents: true, networkConnectionEnabled: false, pageLoadStrategy: normal, platform: XP, platformName: XP, rotatable: false, setWindowRect: true, takesHeapSnapshot: true, takesScreenshot: true, unexpectedAlertBehaviour: , unhandledPromptBehavior: , version: 71.0.3578.98, webStorageEnabled: true}
Session ID: 4d78b6ab0cba0a7c4429c8479102fe35
*** Element info: {Using=xpath, value=//a[@class='logout']}</td></tr>
<tr><td>Exception occured: </td></tr>
<tr><td><a href='C:\Automation\Jan18\FirstMavenProject\uiAutomation\src\main\java\com\test\automation\uiAutomation\screenshot\blank_06_02_2019_07_54_48.png'><img src='C:\Automation\Jan18\FirstMavenProject\uiAutomation\src\main\java\com\test\automation\uiAutomation\screenshot\blank_06_02_2019_07_54_48.png' height='100' width='100'/> </a></td></tr>
<tr><td>Found element By: By.xpath: //a[@class='login'][@title='Log in to your customer account']</td></tr>
<tr><td>Trying to click on: [[ChromeDriver: chrome on XP (4d78b6ab0cba0a7c4429c8479102fe35)] -> xpath: //a[@class='login'][@title='Log in to your customer account']]</td></tr>
<tr><td>Clicked on: [[ChromeDriver: chrome on XP (4d78b6ab0cba0a7c4429c8479102fe35)] -> xpath: //a[@class='login'][@title='Log in to your customer account']]</td></tr>
<tr><td>Found element By: By.xpath: //a[@class='login'][@title='Log in to your customer account']</td></tr>
<tr><td>Clicked on SignIn and object is [[ChromeDriver: chrome on XP (4d78b6ab0cba0a7c4429c8479102fe35)] -> xpath: //a[@class='login'][@title='Log in to your customer account']]</td></tr>
<tr><td>Found element By: By.xpath: //input[@id='email']</td></tr>
<tr><td>Element value changed to: [[ChromeDriver: chrome on XP (4d78b6ab0cba0a7c4429c8479102fe35)] -> xpath: //input[@id='email']]</td></tr>
<tr><td>Found element By: By.xpath: //input[@id='email']</td></tr>
<tr><td>Entered email address: testautomation5@gmail.com and object is [[ChromeDriver: chrome on XP (4d78b6ab0cba0a7c4429c8479102fe35)] -> xpath: //input[@id='email']]</td></tr>
<tr><td>Found element By: By.xpath: //input[@id='passwd']</td></tr>
<tr><td>Element value changed to: [[ChromeDriver: chrome on XP (4d78b6ab0cba0a7c4429c8479102fe35)] -> xpath: //input[@id='passwd']]</td></tr>
<tr><td>Found element By: By.xpath: //input[@id='passwd']</td></tr>
<tr><td>Entered password: password@123 and object is [[ChromeDriver: chrome on XP (4d78b6ab0cba0a7c4429c8479102fe35)] -> xpath: //input[@id='passwd']]</td></tr>
<tr><td>Found element By: By.xpath: //button[@id='SubmitLogin']</td></tr>
<tr><td>Trying to click on: [[ChromeDriver: chrome on XP (4d78b6ab0cba0a7c4429c8479102fe35)] -> xpath: //button[@id='SubmitLogin']]</td></tr>
<tr><td>Clicked on: [[ChromeDriver: chrome on XP (4d78b6ab0cba0a7c4429c8479102fe35)] -> xpath: //button[@id='SubmitLogin']]</td></tr>
<tr><td>Found element By: By.xpath: //button[@id='SubmitLogin']</td></tr>
<tr><td>Clicked on submit button and object is [[ChromeDriver: chrome on XP (4d78b6ab0cba0a7c4429c8479102fe35)] -> xpath: //button[@id='SubmitLogin']]</td></tr>
<tr><td>Found element By: By.xpath: //div[@id='center_column']/h1</td></tr>
<tr><td>User has successfully logged into his/her account</td></tr>
<tr><td><a href='C:\Automation\Jan18\FirstMavenProject\uiAutomation\src\main\java\com\test\automation\uiAutomation\screenshot\testLogin_testautomation5@gmail.com_06_02_2019_07_54_53.png'><img src='C:\Automation\Jan18\FirstMavenProject\uiAutomation\src\main\java\com\test\automation\uiAutomation\screenshot\testLogin_testautomation5@gmail.com_06_02_2019_07_54_53.png' height='100' width='100'/> </a></td></tr>
<tr><td>Exception occured: org.openqa.selenium.NoSuchElementException: no such element: Unable to locate element: {"method":"xpath","selector":"//a[@class='logout']"}
  (Session info: chrome=71.0.3578.98)
  (Driver info: chromedriver=2.35.528161 (5b82f2d2aae0ca24b877009200ced9065a772e73),platform=Windows NT 10.0.17134 x86_64) (WARNING: The server did not provide any stacktrace information)
Command duration or timeout: 0 milliseconds
For documentation on this error, please visit: http://seleniumhq.org/exceptions/no_such_element.html
Build info: version: '3.8.1', revision: '6e95a6684b', time: '2017-12-01T18:33:54.468Z'
System info: host: 'HIMANI', ip: '192.168.1.5', os.name: 'Windows 10', os.arch: 'amd64', os.version: '10.0', java.version: '9.0.4'
Driver info: org.openqa.selenium.chrome.ChromeDriver
Capabilities {acceptInsecureCerts: false, acceptSslCerts: false, applicationCacheEnabled: false, browserConnectionEnabled: false, browserName: chrome, chrome: {chromedriverVersion: 2.35.528161 (5b82f2d2aae0ca..., userDataDir: C:\Users\Himani\AppData\Loc...}, cssSelectorsEnabled: true, databaseEnabled: false, handlesAlerts: true, hasTouchScreen: false, javascriptEnabled: true, locationContextEnabled: true, mobileEmulationEnabled: false, nativeEvents: true, networkConnectionEnabled: false, pageLoadStrategy: normal, platform: XP, platformName: XP, rotatable: false, setWindowRect: true, takesHeapSnapshot: true, takesScreenshot: true, unexpectedAlertBehaviour: , unhandledPromptBehavior: , version: 71.0.3578.98, webStorageEnabled: true}
Session ID: 4d78b6ab0cba0a7c4429c8479102fe35
*** Element info: {Using=xpath, value=//a[@class='logout']}</td></tr>
<tr><td>Exception occured: </td></tr>
<tr><td><a href='C:\Automation\Jan18\FirstMavenProject\uiAutomation\src\main\java\com\test\automation\uiAutomation\screenshot\blank_06_02_2019_07_55_23.png'><img src='C:\Automation\Jan18\FirstMavenProject\uiAutomation\src\main\java\com\test\automation\uiAutomation\screenshot\blank_06_02_2019_07_55_23.png' height='100' width='100'/> </a></td></tr>
<tr><td>Found element By: By.xpath: //a[@class='login'][@title='Log in to your customer account']</td></tr>
<tr><td>Trying to click on: [[ChromeDriver: chrome on XP (4d78b6ab0cba0a7c4429c8479102fe35)] -> xpath: //a[@class='login'][@title='Log in to your customer account']]</td></tr>
<tr><td>Clicked on: [[ChromeDriver: chrome on XP (4d78b6ab0cba0a7c4429c8479102fe35)] -> xpath: //a[@class='login'][@title='Log in to your customer account']]</td></tr>
<tr><td>Found element By: By.xpath: //a[@class='login'][@title='Log in to your customer account']</td></tr>
<tr><td>Clicked on SignIn and object is [[ChromeDriver: chrome on XP (4d78b6ab0cba0a7c4429c8479102fe35)] -> xpath: //a[@class='login'][@title='Log in to your customer account']]</td></tr>
<tr><td>Found element By: By.xpath: //input[@id='email']</td></tr>
<tr><td>Element value changed to: [[ChromeDriver: chrome on XP (4d78b6ab0cba0a7c4429c8479102fe35)] -> xpath: //input[@id='email']]</td></tr>
<tr><td>Found element By: By.xpath: //input[@id='email']</td></tr>
<tr><td>Entered email address: testautomation6@gmail.com and object is [[ChromeDriver: chrome on XP (4d78b6ab0cba0a7c4429c8479102fe35)] -> xpath: //input[@id='email']]</td></tr>
<tr><td>Found element By: By.xpath: //input[@id='passwd']</td></tr>
<tr><td>Element value changed to: [[ChromeDriver: chrome on XP (4d78b6ab0cba0a7c4429c8479102fe35)] -> xpath: //input[@id='passwd']]</td></tr>
<tr><td>Found element By: By.xpath: //input[@id='passwd']</td></tr>
<tr><td>Entered password: password@123 and object is [[ChromeDriver: chrome on XP (4d78b6ab0cba0a7c4429c8479102fe35)] -> xpath: //input[@id='passwd']]</td></tr>
<tr><td>Found element By: By.xpath: //button[@id='SubmitLogin']</td></tr>
<tr><td>Trying to click on: [[ChromeDriver: chrome on XP (4d78b6ab0cba0a7c4429c8479102fe35)] -> xpath: //button[@id='SubmitLogin']]</td></tr>
<tr><td>Clicked on: [[ChromeDriver: chrome on XP (4d78b6ab0cba0a7c4429c8479102fe35)] -> xpath: //button[@id='SubmitLogin']]</td></tr>
<tr><td>Found element By: By.xpath: //button[@id='SubmitLogin']</td></tr>
<tr><td>Clicked on submit button and object is [[ChromeDriver: chrome on XP (4d78b6ab0cba0a7c4429c8479102fe35)] -> xpath: //button[@id='SubmitLogin']]</td></tr>
<tr><td>Found element By: By.xpath: //div[@id='center_column']/h1</td></tr>
<tr><td>User has successfully logged into his/her account</td></tr>
<tr><td><a href='C:\Automation\Jan18\FirstMavenProject\uiAutomation\src\main\java\com\test\automation\uiAutomation\screenshot\testLogin_testautomation6@gmail.com_06_02_2019_07_55_28.png'><img src='C:\Automation\Jan18\FirstMavenProject\uiAutomation\src\main\java\com\test\automation\uiAutomation\screenshot\testLogin_testautomation6@gmail.com_06_02_2019_07_55_28.png' height='100' width='100'/> </a></td></tr>
<tr><td>Exception occured: org.openqa.selenium.NoSuchElementException: no such element: Unable to locate element: {"method":"xpath","selector":"//a[@class='logout']"}
  (Session info: chrome=71.0.3578.98)
  (Driver info: chromedriver=2.35.528161 (5b82f2d2aae0ca24b877009200ced9065a772e73),platform=Windows NT 10.0.17134 x86_64) (WARNING: The server did not provide any stacktrace information)
Command duration or timeout: 0 milliseconds
For documentation on this error, please visit: http://seleniumhq.org/exceptions/no_such_element.html
Build info: version: '3.8.1', revision: '6e95a6684b', time: '2017-12-01T18:33:54.468Z'
System info: host: 'HIMANI', ip: '192.168.1.5', os.name: 'Windows 10', os.arch: 'amd64', os.version: '10.0', java.version: '9.0.4'
Driver info: org.openqa.selenium.chrome.ChromeDriver
Capabilities {acceptInsecureCerts: false, acceptSslCerts: false, applicationCacheEnabled: false, browserConnectionEnabled: false, browserName: chrome, chrome: {chromedriverVersion: 2.35.528161 (5b82f2d2aae0ca..., userDataDir: C:\Users\Himani\AppData\Loc...}, cssSelectorsEnabled: true, databaseEnabled: false, handlesAlerts: true, hasTouchScreen: false, javascriptEnabled: true, locationContextEnabled: true, mobileEmulationEnabled: false, nativeEvents: true, networkConnectionEnabled: false, pageLoadStrategy: normal, platform: XP, platformName: XP, rotatable: false, setWindowRect: true, takesHeapSnapshot: true, takesScreenshot: true, unexpectedAlertBehaviour: , unhandledPromptBehavior: , version: 71.0.3578.98, webStorageEnabled: true}
Session ID: 4d78b6ab0cba0a7c4429c8479102fe35
*** Element info: {Using=xpath, value=//a[@class='logout']}</td></tr>
<tr><td>Exception occured: </td></tr>
<tr><td><a href='C:\Automation\Jan18\FirstMavenProject\uiAutomation\src\main\java\com\test\automation\uiAutomation\screenshot\blank_06_02_2019_07_55_59.png'><img src='C:\Automation\Jan18\FirstMavenProject\uiAutomation\src\main\java\com\test\automation\uiAutomation\screenshot\blank_06_02_2019_07_55_59.png' height='100' width='100'/> </a></td></tr>
<tr><td>browser closed</td></tr>
<tr><td>Found element By: By.xpath: //a[@class='login'][@title='Log in to your customer account']</td></tr>
<tr><td>Trying to click on: [[ChromeDriver: chrome on XP (1952e13e5cca128ea20567078ab28cec)] -> xpath: //a[@class='login'][@title='Log in to your customer account']]</td></tr>
<tr><td>Clicked on: [[ChromeDriver: chrome on XP (1952e13e5cca128ea20567078ab28cec)] -> xpath: //a[@class='login'][@title='Log in to your customer account']]</td></tr>
<tr><td>Found element By: By.xpath: //a[@class='login'][@title='Log in to your customer account']</td></tr>
<tr><td>Clicked on SignIn and object is [[ChromeDriver: chrome on XP (1952e13e5cca128ea20567078ab28cec)] -> xpath: //a[@class='login'][@title='Log in to your customer account']]</td></tr>
<tr><td>Found element By: By.xpath: //input[@id='email']</td></tr>
<tr><td>Element value changed to: [[ChromeDriver: chrome on XP (1952e13e5cca128ea20567078ab28cec)] -> xpath: //input[@id='email']]</td></tr>
<tr><td>Found element By: By.xpath: //input[@id='email']</td></tr>
<tr><td>Entered email address: test@gmail.com and object is [[ChromeDriver: chrome on XP (1952e13e5cca128ea20567078ab28cec)] -> xpath: //input[@id='email']]</td></tr>
<tr><td>Found element By: By.xpath: //input[@id='passwd']</td></tr>
<tr><td>Element value changed to: [[ChromeDriver: chrome on XP (1952e13e5cca128ea20567078ab28cec)] -> xpath: //input[@id='passwd']]</td></tr>
<tr><td>Found element By: By.xpath: //input[@id='passwd']</td></tr>
<tr><td>Entered password: password and object is [[ChromeDriver: chrome on XP (1952e13e5cca128ea20567078ab28cec)] -> xpath: //input[@id='passwd']]</td></tr>
<tr><td>Found element By: By.xpath: //button[@id='SubmitLogin']</td></tr>
<tr><td>Trying to click on: [[ChromeDriver: chrome on XP (1952e13e5cca128ea20567078ab28cec)] -> xpath: //button[@id='SubmitLogin']]</td></tr>
<tr><td>Clicked on: [[ChromeDriver: chrome on XP (1952e13e5cca128ea20567078ab28cec)] -> xpath: //button[@id='SubmitLogin']]</td></tr>
<tr><td>Found element By: By.xpath: //button[@id='SubmitLogin']</td></tr>
<tr><td>Clicked on submit button and object is [[ChromeDriver: chrome on XP (1952e13e5cca128ea20567078ab28cec)] -> xpath: //button[@id='SubmitLogin']]</td></tr>
<tr><td>Found element By: By.xpath: //div[@class='alert alert-danger']/ol/li</td></tr>
<tr><td>Error message is Authentication failed.</td></tr>
<tr><td>Found element By: By.xpath: //div[@class='alert alert-danger']/ol/li</td></tr>
<tr><td>browser closed</td></tr>
<tr><td>Creating object of chrome</td></tr>
<tr><td>Navigating to http://automationpractice.com/index.php</td></tr>
<tr><td>Navigate to: 'http://automationpractice.com/index.php'</td></tr>
<tr><td>Found element By: By.cssSelector: ul[class^='sf-menu']>li>a[title='Women']</td></tr>
<tr><td>Exception occured: org.openqa.selenium.UnsupportedCommandException: actions
Build info: version: '3.8.1', revision: '6e95a6684b', time: '2017-12-01T18:33:54.468Z'
System info: host: 'HIMANI', ip: '192.168.1.5', os.name: 'Windows 10', os.arch: 'amd64', os.version: '10.0', java.version: '9.0.4'
Driver info: driver.version: EventFiringWebDriver</td></tr>
<tr><td>Exception occured: </td></tr>
<tr><td>Mouse hover over option: Women</td></tr>
<tr><td><a href='C:\Automation\Jan18\FirstMavenProject\uiAutomation\src\main\java\com\test\automation\uiAutomation\screenshot\TC004_VerifyNavigationToApparelPage_ClickOnWomen_06_02_2019_07_56_22.png'><img src='C:\Automation\Jan18\FirstMavenProject\uiAutomation\src\main\java\com\test\automation\uiAutomation\screenshot\TC004_VerifyNavigationToApparelPage_ClickOnWomen_06_02_2019_07_56_22.png' height='100' width='100'/> </a></td></tr>
<tr><td>Found element By: By.cssSelector: ul[class^='sf-menu']>li>a[title='Women']+ul>li>ul>li>a[title='Blouses']</td></tr>
<tr><td>Exception occured: org.openqa.selenium.UnsupportedCommandException: actions
Build info: version: '3.8.1', revision: '6e95a6684b', time: '2017-12-01T18:33:54.468Z'
System info: host: 'HIMANI', ip: '192.168.1.5', os.name: 'Windows 10', os.arch: 'amd64', os.version: '10.0', java.version: '9.0.4'
Driver info: driver.version: EventFiringWebDriver</td></tr>
<tr><td>Exception occured: </td></tr>
<tr><td>Clicked on apparel option: Blouses in Women section</td></tr>
<tr><td><a href='C:\Automation\Jan18\FirstMavenProject\uiAutomation\src\main\java\com\test\automation\uiAutomation\screenshot\TC004_VerifyNavigationToApparelPage_ClickOnApparelOption_06_02_2019_07_56_26.png'><img src='C:\Automation\Jan18\FirstMavenProject\uiAutomation\src\main\java\com\test\automation\uiAutomation\screenshot\TC004_VerifyNavigationToApparelPage_ClickOnApparelOption_06_02_2019_07_56_26.png' height='100' width='100'/> </a></td></tr>
<tr><td>browser closed</td></tr>
<tr><td>Creating object of chrome</td></tr>
<tr><td>Navigating to http://automationpractice.com/index.php</td></tr>
<tr><td>Navigate to: 'http://automationpractice.com/index.php'</td></tr>
<tr><td>Found element By: By.cssSelector: ul[class^='sf-menu']>li>a[title='Dresses']</td></tr>
<tr><td>Exception occured: org.openqa.selenium.UnsupportedCommandException: actions
Build info: version: '3.8.1', revision: '6e95a6684b', time: '2017-12-01T18:33:54.468Z'
System info: host: 'HIMANI', ip: '192.168.1.5', os.name: 'Windows 10', os.arch: 'amd64', os.version: '10.0', java.version: '9.0.4'
Driver info: driver.version: EventFiringWebDriver</td></tr>
<tr><td>Exception occured: </td></tr>
<tr><td>Mouse hover over option: Dresses</td></tr>
<tr><td>Found element By: By.cssSelector: ul[class^='sf-menu']>li>a[title='Dresses']+ul>li>a[title='Casual Dresses']</td></tr>
<tr><td>Exception occured: org.openqa.selenium.UnsupportedCommandException: actions
Build info: version: '3.8.1', revision: '6e95a6684b', time: '2017-12-01T18:33:54.468Z'
System info: host: 'HIMANI', ip: '192.168.1.5', os.name: 'Windows 10', os.arch: 'amd64', os.version: '10.0', java.version: '9.0.4'
Driver info: driver.version: EventFiringWebDriver</td></tr>
<tr><td>Exception occured: </td></tr>
<tr><td>Clicked on apparel option: Casual Dresses in Dresses section</td></tr>
<tr><td>Found element By: By.xpath: //div[@class='product-container']//a[contains(text(),'Printed Dress')]</td></tr>
<tr><td>Trying to click on: [[ChromeDriver: chrome on XP (d0084a2b532de93847ae017998a27b69)] -> xpath: //div[@class='product-container']//a[contains(text(),'Printed Dress')]]</td></tr>
<tr><td>Clicked on: [[ChromeDriver: chrome on XP (d0084a2b532de93847ae017998a27b69)] -> xpath: //div[@class='product-container']//a[contains(text(),'Printed Dress')]]</td></tr>
<tr><td>Printed Dress has been selected</td></tr>
<tr><td>Found element By: By.xpath: //p[@id='add_to_cart']/button[@name='Submit']</td></tr>
<tr><td>Trying to click on: [[ChromeDriver: chrome on XP (d0084a2b532de93847ae017998a27b69)] -> xpath: //p[@id='add_to_cart']/button[@name='Submit']]</td></tr>
<tr><td>Clicked on: [[ChromeDriver: chrome on XP (d0084a2b532de93847ae017998a27b69)] -> xpath: //p[@id='add_to_cart']/button[@name='Submit']]</td></tr>
<tr><td>Found element By: By.xpath: //p[@id='add_to_cart']/button[@name='Submit']</td></tr>
<tr><td>Clicked on add to cart button and object is Add to cart</td></tr>
<tr><td>browser closed</td></tr>
<tr><td>Creating object of chrome</td></tr>
<tr><td>Navigating to http://automationpractice.com/index.php</td></tr>
<tr><td>Navigate to: 'http://automationpractice.com/index.php'</td></tr>
<tr><td>Found element By: By.cssSelector: ul[class^='sf-menu']>li>a[title='Dresses']</td></tr>
<tr><td>Exception occured: org.openqa.selenium.UnsupportedCommandException: actions
Build info: version: '3.8.1', revision: '6e95a6684b', time: '2017-12-01T18:33:54.468Z'
System info: host: 'HIMANI', ip: '192.168.1.5', os.name: 'Windows 10', os.arch: 'amd64', os.version: '10.0', java.version: '9.0.4'
Driver info: driver.version: EventFiringWebDriver</td></tr>
<tr><td>Exception occured: </td></tr>
<tr><td>Mouse hover over option: Dresses</td></tr>
<tr><td>Found element By: By.cssSelector: ul[class^='sf-menu']>li>a[title='Dresses']+ul>li>a[title='Casual Dresses']</td></tr>
<tr><td>Exception occured: org.openqa.selenium.UnsupportedCommandException: actions
Build info: version: '3.8.1', revision: '6e95a6684b', time: '2017-12-01T18:33:54.468Z'
System info: host: 'HIMANI', ip: '192.168.1.5', os.name: 'Windows 10', os.arch: 'amd64', os.version: '10.0', java.version: '9.0.4'
Driver info: driver.version: EventFiringWebDriver</td></tr>
<tr><td>Exception occured: </td></tr>
<tr><td>Clicked on apparel option: Casual Dresses in Dresses section</td></tr>
<tr><td>Found element By: By.xpath: //div[@class='product-container']//a[contains(text(),'Printed Dress')]</td></tr>
<tr><td>Trying to click on: [[ChromeDriver: chrome on XP (23e7315c4920d57d87f9caf80efe47ce)] -> xpath: //div[@class='product-container']//a[contains(text(),'Printed Dress')]]</td></tr>
<tr><td>Clicked on: [[ChromeDriver: chrome on XP (23e7315c4920d57d87f9caf80efe47ce)] -> xpath: //div[@class='product-container']//a[contains(text(),'Printed Dress')]]</td></tr>
<tr><td>Printed Dress has been selected</td></tr>
<tr><td>Found element By: By.cssSelector: button[class='btn btn-default btn-twitter']</td></tr>
<tr><td>Trying to click on: [[ChromeDriver: chrome on XP (23e7315c4920d57d87f9caf80efe47ce)] -> css selector: button[class='btn btn-default btn-twitter']]</td></tr>
<tr><td>Clicked on: [[ChromeDriver: chrome on XP (23e7315c4920d57d87f9caf80efe47ce)] -> css selector: button[class='btn btn-default btn-twitter']]</td></tr>
<tr><td>Found element By: By.cssSelector: button[class='btn btn-default btn-twitter']</td></tr>
<tr><td>Clicked on tweet button and object is Tweet</td></tr>
<tr><td>Exception occured: org.openqa.selenium.NoSuchElementException: no such element: Unable to locate element: {"method":"css selector","selector":"h2[class='action-information']"}
  (Session info: chrome=71.0.3578.98)
  (Driver info: chromedriver=2.35.528161 (5b82f2d2aae0ca24b877009200ced9065a772e73),platform=Windows NT 10.0.17134 x86_64) (WARNING: The server did not provide any stacktrace information)
Command duration or timeout: 0 milliseconds
For documentation on this error, please visit: http://seleniumhq.org/exceptions/no_such_element.html
Build info: version: '3.8.1', revision: '6e95a6684b', time: '2017-12-01T18:33:54.468Z'
System info: host: 'HIMANI', ip: '192.168.1.5', os.name: 'Windows 10', os.arch: 'amd64', os.version: '10.0', java.version: '9.0.4'
Driver info: org.openqa.selenium.chrome.ChromeDriver
Capabilities {acceptInsecureCerts: false, acceptSslCerts: false, applicationCacheEnabled: false, browserConnectionEnabled: false, browserName: chrome, chrome: {chromedriverVersion: 2.35.528161 (5b82f2d2aae0ca..., userDataDir: C:\Users\Himani\AppData\Loc...}, cssSelectorsEnabled: true, databaseEnabled: false, handlesAlerts: true, hasTouchScreen: false, javascriptEnabled: true, locationContextEnabled: true, mobileEmulationEnabled: false, nativeEvents: true, networkConnectionEnabled: false, pageLoadStrategy: normal, platform: XP, platformName: XP, rotatable: false, setWindowRect: true, takesHeapSnapshot: true, takesScreenshot: true, unexpectedAlertBehaviour: , unhandledPromptBehavior: , version: 71.0.3578.98, webStorageEnabled: true}
Session ID: 23e7315c4920d57d87f9caf80efe47ce
*** Element info: {Using=css selector, value=h2[class='action-information']}</td></tr>
<tr><td>Exception occured: </td></tr>
<tr><td>Exception occured: java.lang.RuntimeException: Unexpected result for screenshot command: null</td></tr>
<tr><td>Exception occured: </td></tr>
<tr><td>browser closed</td></tr>
</table>