<!DOCTYPE html PUBLIC "-//W3C//DTD XHTML 1.1//EN" "http://www.w3.org/TR/xhtml11/DTD/xhtml11.dtd">
<html xmlns="http://www.w3.org/1999/xhtml"><head><title>TestNG Report</title><style type="text/css">table {margin-bottom:10px;border-collapse:collapse;empty-cells:show}th,td {border:1px solid #009;padding:.25em .5em}th {vertical-align:bottom}td {vertical-align:top}table a {font-weight:bold}.stripe td {background-color: #E6EBF9}.num {text-align:right}.passedodd td {background-color: #3F3}.passedeven td {background-color: #0A0}.skippedodd td {background-color: #DDD}.skippedeven td {background-color: #CCC}.failedodd td,.attn {background-color: #F33}.failedeven td,.stripe .attn {background-color: #D00}.stacktrace {white-space:pre;font-family:monospace}.totop {font-size:85%;text-align:center;border-bottom:2px solid #000}</style></head><body><table><tr><th>Test</th><th># Passed</th><th># Skipped</th><th># Failed</th><th>Time (ms)</th><th>Included Groups</th><th>Excluded Groups</th></tr><tr><th colspan="7">Default suite</th></tr><tr><td><a href="#t0">Default test</a></td><td class="num">1</td><td class="num">0</td><td class="num">0</td><td class="num">22,007</td><td></td><td></td></tr></table><table id='summary'><thead><tr><th>Class</th><th>Method</th><th>Start</th><th>Time (ms)</th></tr></thead><tbody><tr><th colspan="4">Default suite</th></tr></tbody><tbody id="t0"><tr><th colspan="4">Default test &#8212; passed</th></tr><tr class="passedeven"><td rowspan="1">com.test.automation.uiAutomation.homepage.TC004_VerifyNavigationToApparelPage</td><td><a href="#m0">VerifyNavigationToApparelPage</a></td><td rowspan="1">1525195476068</td><td rowspan="1">4625</td></tr></tbody></table><h2>Default test</h2><h3 id="m0">com.test.automation.uiAutomation.homepage.TC004_VerifyNavigationToApparelPage#VerifyNavigationToApparelPage</h3><table class="result"><tr><th>Messages</th></tr><tr><td><div class="messages">Found element By: By.cssSelector: ul[class^='sf-menu']>li>a[title='Women']<br/>Exception occured: org.openqa.selenium.UnsupportedCommandException: actions
Build info: version: '3.8.1', revision: '6e95a6684b', time: '2017-12-01T18:33:54.468Z'
System info: host: 'HIMANI', ip: '172.20.10.4', os.name: 'Windows 10', os.arch: 'amd64', os.version: '10.0', java.version: '9.0.4'
Driver info: driver.version: EventFiringWebDriver<br/>Exception occured: <br/>Mouse hover over option: Women<br/><a href='C:\Automation\Jan18\FirstMavenProject\uiAutomation\src\main\java\com\test\automation\uiAutomation\screenshot\TC004_VerifyNavigationToApparelPage_ClickOnWomen_01_05_2018_10_54_36.png'><img src='C:\Automation\Jan18\FirstMavenProject\uiAutomation\src\main\java\com\test\automation\uiAutomation\screenshot\TC004_VerifyNavigationToApparelPage_ClickOnWomen_01_05_2018_10_54_36.png' height='100' width='100'/> </a><br/>Found element By: By.cssSelector: ul[class^='sf-menu']>li>a[title='Women']+ul>li>ul>li>a[title='Blouses']<br/>Exception occured: org.openqa.selenium.UnsupportedCommandException: actions
Build info: version: '3.8.1', revision: '6e95a6684b', time: '2017-12-01T18:33:54.468Z'
System info: host: 'HIMANI', ip: '172.20.10.4', os.name: 'Windows 10', os.arch: 'amd64', os.version: '10.0', java.version: '9.0.4'
Driver info: driver.version: EventFiringWebDriver<br/>Exception occured: <br/>Clicked on apparel option: Blouses in Women section<br/><a href='C:\Automation\Jan18\FirstMavenProject\uiAutomation\src\main\java\com\test\automation\uiAutomation\screenshot\TC004_VerifyNavigationToApparelPage_ClickOnApparelOption_01_05_2018_10_54_40.png'><img src='C:\Automation\Jan18\FirstMavenProject\uiAutomation\src\main\java\com\test\automation\uiAutomation\screenshot\TC004_VerifyNavigationToApparelPage_ClickOnApparelOption_01_05_2018_10_54_40.png' height='100' width='100'/> </a></div></td></tr></table><p class="totop"><a href="#summary">back to summary</a></p></body></html>