<!DOCTYPE html>

<html>
  <head>
  <meta charset='utf-8'>
  <title>TestNG reports</title>

    <link type="text/css" href="testng-reports.css" rel="stylesheet" />
    <script type="text/javascript" src="jquery-1.7.1.min.js"></script>
    <script type="text/javascript" src="testng-reports.js"></script>
    <script type="text/javascript" src="https://www.google.com/jsapi"></script>
    <script type='text/javascript'>
      google.load('visualization', '1', {packages:['table']});
      google.setOnLoadCallback(drawTable);
      var suiteTableInitFunctions = new Array();
      var suiteTableData = new Array();
    </script>
    <!--
      <script type="text/javascript" src="jquery-ui/js/jquery-ui-1.8.16.custom.min.js"></script>
     -->
  </head>

  <body>
    <div class="top-banner-root">
      <span class="top-banner-title-font">Test results</span>
      <br/>
      <span class="top-banner-font-1">1 suite</span>
    </div> <!-- top-banner-root -->
    <div class="navigator-root">
      <div class="navigator-suite-header">
        <span>All suites</span>
        <a href="#" title="Collapse/expand all the suites" class="collapse-all-link">
          <img src="collapseall.gif" class="collapse-all-icon">
          </img> <!-- collapse-all-icon -->
        </a> <!-- collapse-all-link -->
      </div> <!-- navigator-suite-header -->
      <div class="suite">
        <div class="rounded-window">
          <div class="suite-header light-rounded-window-top">
            <a href="#" panel-name="suite-Regression_Suite" class="navigator-link">
              <span class="suite-name border-skipped">Regression Suite</span>
            </a> <!-- navigator-link -->
          </div> <!-- suite-header light-rounded-window-top -->
          <div class="navigator-suite-content">
            <div class="suite-section-title">
              <span>Info</span>
            </div> <!-- suite-section-title -->
            <div class="suite-section-content">
              <ul>
                <li>
                  <a href="#" panel-name="test-xml-Regression_Suite" class="navigator-link ">
                    <span>C:\Automation\Jan18\FirstMavenProject\uiAutomation\testNG.xml</span>
                  </a> <!-- navigator-link  -->
                </li>
                <li>
                  <a href="#" panel-name="testlist-Regression_Suite" class="navigator-link ">
                    <span class="test-stats">2 tests</span>
                  </a> <!-- navigator-link  -->
                </li>
                <li>
                  <a href="#" panel-name="group-Regression_Suite" class="navigator-link ">
                    <span>0 groups</span>
                  </a> <!-- navigator-link  -->
                </li>
                <li>
                  <a href="#" panel-name="times-Regression_Suite" class="navigator-link ">
                    <span>Times</span>
                  </a> <!-- navigator-link  -->
                </li>
                <li>
                  <a href="#" panel-name="reporter-Regression_Suite" class="navigator-link ">
                    <span>Reporter output</span>
                  </a> <!-- navigator-link  -->
                </li>
                <li>
                  <a href="#" panel-name="ignored-methods-Regression_Suite" class="navigator-link ">
                    <span>Ignored methods</span>
                  </a> <!-- navigator-link  -->
                </li>
                <li>
                  <a href="#" panel-name="chronological-Regression_Suite" class="navigator-link ">
                    <span>Chronological view</span>
                  </a> <!-- navigator-link  -->
                </li>
              </ul>
            </div> <!-- suite-section-content -->
            <div class="result-section">
              <div class="suite-section-title">
                <span>Results</span>
              </div> <!-- suite-section-title -->
              <div class="suite-section-content">
                <ul>
                  <li>
                    <span class="method-stats">10 methods,  2 skipped,  8 passed</span>
                  </li>
                  <li>
                    <span class="method-list-title skipped">Skipped methods</span>
                    <span class="show-or-hide-methods skipped">
                      <a href="#" panel-name="suite-Regression_Suite" class="hide-methods skipped suite-Regression_Suite"> (hide)</a> <!-- hide-methods skipped suite-Regression_Suite -->
                      <a href="#" panel-name="suite-Regression_Suite" class="show-methods skipped suite-Regression_Suite"> (show)</a> <!-- show-methods skipped suite-Regression_Suite -->
                    </span>
                    <div class="method-list-content skipped suite-Regression_Suite">
                      <span>
                        <img src="skipped.png" width="3%"/>
                        <a href="#" panel-name="suite-Regression_Suite" title="com.test.automation.uiAutomation.homepage.TC003_VerifyLoginWithDifferentRecords" class="method navigator-link" hash-for-method="TestLogin(testautomation8@gmail.com, password@123, n)">TestLogin(testautomation8@gmail.com, password@123, n)</a> <!-- method navigator-link -->
                      </span>
                      <br/>
                      <span>
                        <img src="skipped.png" width="3%"/>
                        <a href="#" panel-name="suite-Regression_Suite" title="com.test.automation.uiAutomation.homepage.TC003_VerifyLoginWithDifferentRecords" class="method navigator-link" hash-for-method="TestLogin(testautomation7@gmail.com, password@123, n)">TestLogin(testautomation7@gmail.com, password@123, n)</a> <!-- method navigator-link -->
                      </span>
                      <br/>
                    </div> <!-- method-list-content skipped suite-Regression_Suite -->
                  </li>
                  <li>
                    <span class="method-list-title passed">Passed methods</span>
                    <span class="show-or-hide-methods passed">
                      <a href="#" panel-name="suite-Regression_Suite" class="hide-methods passed suite-Regression_Suite"> (hide)</a> <!-- hide-methods passed suite-Regression_Suite -->
                      <a href="#" panel-name="suite-Regression_Suite" class="show-methods passed suite-Regression_Suite"> (show)</a> <!-- show-methods passed suite-Regression_Suite -->
                    </span>
                    <div class="method-list-content passed suite-Regression_Suite">
                      <span>
                        <img src="passed.png" width="3%"/>
                        <a href="#" panel-name="suite-Regression_Suite" title="com.test.automation.uiAutomation.homepage.TC003_VerifyLoginWithDifferentRecords" class="method navigator-link" hash-for-method="TestLogin(testautomation4@gmail.com, password@123, y)">TestLogin(testautomation4@gmail.com, password@123, y)</a> <!-- method navigator-link -->
                      </span>
                      <br/>
                      <span>
                        <img src="passed.png" width="3%"/>
                        <a href="#" panel-name="suite-Regression_Suite" title="com.test.automation.uiAutomation.homepage.TC003_VerifyLoginWithDifferentRecords" class="method navigator-link" hash-for-method="TestLogin(testautomation6@gmail.com, password@123, y)">TestLogin(testautomation6@gmail.com, password@123, y)</a> <!-- method navigator-link -->
                      </span>
                      <br/>
                      <span>
                        <img src="passed.png" width="3%"/>
                        <a href="#" panel-name="suite-Regression_Suite" title="com.test.automation.uiAutomation.homepage.TC003_VerifyLoginWithDifferentRecords" class="method navigator-link" hash-for-method="TestLogin(testautomation5@gmail.com, password@123, y)">TestLogin(testautomation5@gmail.com, password@123, y)</a> <!-- method navigator-link -->
                      </span>
                      <br/>
                      <span>
                        <img src="passed.png" width="3%"/>
                        <a href="#" panel-name="suite-Regression_Suite" title="com.test.automation.uiAutomation.addToCart.TC001_VerifyAddToCart" class="method navigator-link" hash-for-method="VerifyAddToCart">VerifyAddToCart</a> <!-- method navigator-link -->
                      </span>
                      <br/>
                      <span>
                        <img src="passed.png" width="3%"/>
                        <a href="#" panel-name="suite-Regression_Suite" title="com.test.automation.uiAutomation.homepage.TC001_VerifyLoginWithInvalidCredentials" class="method navigator-link" hash-for-method="VerifyLoginWithInvalidCredentials">VerifyLoginWithInvalidCredentials</a> <!-- method navigator-link -->
                      </span>
                      <br/>
                      <span>
                        <img src="passed.png" width="3%"/>
                        <a href="#" panel-name="suite-Regression_Suite" title="com.test.automation.uiAutomation.homepage.TC004_VerifyNavigationToApparelPage" class="method navigator-link" hash-for-method="VerifyNavigationToApparelPage">VerifyNavigationToApparelPage</a> <!-- method navigator-link -->
                      </span>
                      <br/>
                      <span>
                        <img src="passed.png" width="3%"/>
                        <a href="#" panel-name="suite-Regression_Suite" title="com.test.automation.uiAutomation.homepage.TC002_VerifyRegistration" class="method navigator-link" hash-for-method="VerifyRegistration">VerifyRegistration</a> <!-- method navigator-link -->
                      </span>
                      <br/>
                      <span>
                        <img src="passed.png" width="3%"/>
                        <a href="#" panel-name="suite-Regression_Suite" title="com.test.automation.uiAutomation.addToCart.TC002_VerifyTweetLink" class="method navigator-link" hash-for-method="VerifyTweetLink">VerifyTweetLink</a> <!-- method navigator-link -->
                      </span>
                      <br/>
                    </div> <!-- method-list-content passed suite-Regression_Suite -->
                  </li>
                </ul>
              </div> <!-- suite-section-content -->
            </div> <!-- result-section -->
          </div> <!-- navigator-suite-content -->
        </div> <!-- rounded-window -->
      </div> <!-- suite -->
    </div> <!-- navigator-root -->
    <div class="wrapper">
      <div class="main-panel-root">
        <div panel-name="suite-Regression_Suite" class="panel Regression_Suite">
          <div class="suite-Regression_Suite-class-skipped">
            <div class="main-panel-header rounded-window-top">
              <img src="skipped.png"/>
              <span class="class-name">com.test.automation.uiAutomation.homepage.TC003_VerifyLoginWithDifferentRecords</span>
            </div> <!-- main-panel-header rounded-window-top -->
            <div class="main-panel-content rounded-window-bottom">
              <div class="method">
                <div class="method-content">
                  <a name="TestLogin(testautomation8@gmail.com, password@123, n)">
                  </a> <!-- TestLogin(testautomation8@gmail.com, password@123, n) -->
                  <span class="method-name">TestLogin</span>
                  <span class="parameters">(testautomation8@gmail.com, password@123, n)</span>
                  <div class="stack-trace">org.testng.SkipException: user marked this record as no run
	at com.test.automation.uiAutomation.homepage.TC003_VerifyLoginWithDifferentRecords.TestLogin(TC003_VerifyLoginWithDifferentRecords.java:39)
... Removed 25 stack frames
</div> <!-- stack-trace -->
                </div> <!-- method-content -->
              </div> <!-- method -->
              <div class="method">
                <div class="method-content">
                  <a name="TestLogin(testautomation7@gmail.com, password@123, n)">
                  </a> <!-- TestLogin(testautomation7@gmail.com, password@123, n) -->
                  <span class="method-name">TestLogin</span>
                  <span class="parameters">(testautomation7@gmail.com, password@123, n)</span>
                  <div class="stack-trace">org.testng.SkipException: user marked this record as no run
	at com.test.automation.uiAutomation.homepage.TC003_VerifyLoginWithDifferentRecords.TestLogin(TC003_VerifyLoginWithDifferentRecords.java:39)
... Removed 25 stack frames
</div> <!-- stack-trace -->
                </div> <!-- method-content -->
              </div> <!-- method -->
            </div> <!-- main-panel-content rounded-window-bottom -->
          </div> <!-- suite-Regression_Suite-class-skipped -->
          <div class="suite-Regression_Suite-class-passed">
            <div class="main-panel-header rounded-window-top">
              <img src="passed.png"/>
              <span class="class-name">com.test.automation.uiAutomation.homepage.TC003_VerifyLoginWithDifferentRecords</span>
            </div> <!-- main-panel-header rounded-window-top -->
            <div class="main-panel-content rounded-window-bottom">
              <div class="method">
                <div class="method-content">
                  <a name="TestLogin(testautomation4@gmail.com, password@123, y)">
                  </a> <!-- TestLogin(testautomation4@gmail.com, password@123, y) -->
                  <span class="method-name">TestLogin</span>
                  <span class="parameters">(testautomation4@gmail.com, password@123, y)</span>
                </div> <!-- method-content -->
              </div> <!-- method -->
              <div class="method">
                <div class="method-content">
                  <a name="TestLogin(testautomation6@gmail.com, password@123, y)">
                  </a> <!-- TestLogin(testautomation6@gmail.com, password@123, y) -->
                  <span class="method-name">TestLogin</span>
                  <span class="parameters">(testautomation6@gmail.com, password@123, y)</span>
                </div> <!-- method-content -->
              </div> <!-- method -->
              <div class="method">
                <div class="method-content">
                  <a name="TestLogin(testautomation5@gmail.com, password@123, y)">
                  </a> <!-- TestLogin(testautomation5@gmail.com, password@123, y) -->
                  <span class="method-name">TestLogin</span>
                  <span class="parameters">(testautomation5@gmail.com, password@123, y)</span>
                </div> <!-- method-content -->
              </div> <!-- method -->
            </div> <!-- main-panel-content rounded-window-bottom -->
          </div> <!-- suite-Regression_Suite-class-passed -->
          <div class="suite-Regression_Suite-class-passed">
            <div class="main-panel-header rounded-window-top">
              <img src="passed.png"/>
              <span class="class-name">com.test.automation.uiAutomation.addToCart.TC002_VerifyTweetLink</span>
            </div> <!-- main-panel-header rounded-window-top -->
            <div class="main-panel-content rounded-window-bottom">
              <div class="method">
                <div class="method-content">
                  <a name="VerifyTweetLink">
                  </a> <!-- VerifyTweetLink -->
                  <span class="method-name">VerifyTweetLink</span>
                </div> <!-- method-content -->
              </div> <!-- method -->
            </div> <!-- main-panel-content rounded-window-bottom -->
          </div> <!-- suite-Regression_Suite-class-passed -->
          <div class="suite-Regression_Suite-class-passed">
            <div class="main-panel-header rounded-window-top">
              <img src="passed.png"/>
              <span class="class-name">com.test.automation.uiAutomation.homepage.TC001_VerifyLoginWithInvalidCredentials</span>
            </div> <!-- main-panel-header rounded-window-top -->
            <div class="main-panel-content rounded-window-bottom">
              <div class="method">
                <div class="method-content">
                  <a name="VerifyLoginWithInvalidCredentials">
                  </a> <!-- VerifyLoginWithInvalidCredentials -->
                  <span class="method-name">VerifyLoginWithInvalidCredentials</span>
                </div> <!-- method-content -->
              </div> <!-- method -->
            </div> <!-- main-panel-content rounded-window-bottom -->
          </div> <!-- suite-Regression_Suite-class-passed -->
          <div class="suite-Regression_Suite-class-passed">
            <div class="main-panel-header rounded-window-top">
              <img src="passed.png"/>
              <span class="class-name">com.test.automation.uiAutomation.homepage.TC002_VerifyRegistration</span>
            </div> <!-- main-panel-header rounded-window-top -->
            <div class="main-panel-content rounded-window-bottom">
              <div class="method">
                <div class="method-content">
                  <a name="VerifyRegistration">
                  </a> <!-- VerifyRegistration -->
                  <span class="method-name">VerifyRegistration</span>
                </div> <!-- method-content -->
              </div> <!-- method -->
            </div> <!-- main-panel-content rounded-window-bottom -->
          </div> <!-- suite-Regression_Suite-class-passed -->
          <div class="suite-Regression_Suite-class-passed">
            <div class="main-panel-header rounded-window-top">
              <img src="passed.png"/>
              <span class="class-name">com.test.automation.uiAutomation.homepage.TC004_VerifyNavigationToApparelPage</span>
            </div> <!-- main-panel-header rounded-window-top -->
            <div class="main-panel-content rounded-window-bottom">
              <div class="method">
                <div class="method-content">
                  <a name="VerifyNavigationToApparelPage">
                  </a> <!-- VerifyNavigationToApparelPage -->
                  <span class="method-name">VerifyNavigationToApparelPage</span>
                </div> <!-- method-content -->
              </div> <!-- method -->
            </div> <!-- main-panel-content rounded-window-bottom -->
          </div> <!-- suite-Regression_Suite-class-passed -->
          <div class="suite-Regression_Suite-class-passed">
            <div class="main-panel-header rounded-window-top">
              <img src="passed.png"/>
              <span class="class-name">com.test.automation.uiAutomation.addToCart.TC001_VerifyAddToCart</span>
            </div> <!-- main-panel-header rounded-window-top -->
            <div class="main-panel-content rounded-window-bottom">
              <div class="method">
                <div class="method-content">
                  <a name="VerifyAddToCart">
                  </a> <!-- VerifyAddToCart -->
                  <span class="method-name">VerifyAddToCart</span>
                </div> <!-- method-content -->
              </div> <!-- method -->
            </div> <!-- main-panel-content rounded-window-bottom -->
          </div> <!-- suite-Regression_Suite-class-passed -->
        </div> <!-- panel Regression_Suite -->
        <div panel-name="test-xml-Regression_Suite" class="panel">
          <div class="main-panel-header rounded-window-top">
            <span class="header-content">C:\Automation\Jan18\FirstMavenProject\uiAutomation\testNG.xml</span>
          </div> <!-- main-panel-header rounded-window-top -->
          <div class="main-panel-content rounded-window-bottom">
            <pre>
&lt;?xml version=&quot;1.0&quot; encoding=&quot;UTF-8&quot;?&gt;
&lt;!DOCTYPE suite SYSTEM &quot;http://testng.org/testng-1.0.dtd&quot;&gt;
&lt;suite name=&quot;Regression Suite&quot; guice-stage=&quot;DEVELOPMENT&quot;&gt;
  &lt;test name=&quot;HomePageTest&quot;&gt;
    &lt;classes&gt;
      &lt;class name=&quot;com.test.automation.uiAutomation.homepage.TC002_VerifyRegistration&quot;/&gt;
      &lt;class name=&quot;com.test.automation.uiAutomation.homepage.TC003_VerifyLoginWithDifferentRecords&quot;/&gt;
      &lt;class name=&quot;com.test.automation.uiAutomation.homepage.TC001_VerifyLoginWithInvalidCredentials&quot;/&gt;
      &lt;class name=&quot;com.test.automation.uiAutomation.homepage.TC004_VerifyNavigationToApparelPage&quot;/&gt;
    &lt;/classes&gt;
  &lt;/test&gt; &lt;!-- HomePageTest --&gt;
  &lt;test name=&quot;AddToCartTest&quot;&gt;
    &lt;classes&gt;
      &lt;class name=&quot;com.test.automation.uiAutomation.addToCart.TC001_VerifyAddToCart&quot;/&gt;
      &lt;class name=&quot;com.test.automation.uiAutomation.addToCart.TC002_VerifyTweetLink&quot;/&gt;
    &lt;/classes&gt;
  &lt;/test&gt; &lt;!-- AddToCartTest --&gt;
&lt;/suite&gt; &lt;!-- Regression Suite --&gt;
            </pre>
          </div> <!-- main-panel-content rounded-window-bottom -->
        </div> <!-- panel -->
        <div panel-name="testlist-Regression_Suite" class="panel">
          <div class="main-panel-header rounded-window-top">
            <span class="header-content">Tests for Regression Suite</span>
          </div> <!-- main-panel-header rounded-window-top -->
          <div class="main-panel-content rounded-window-bottom">
            <ul>
              <li>
                <span class="test-name">HomePageTest (4 classes)</span>
              </li>
              <li>
                <span class="test-name">AddToCartTest (2 classes)</span>
              </li>
            </ul>
          </div> <!-- main-panel-content rounded-window-bottom -->
        </div> <!-- panel -->
        <div panel-name="group-Regression_Suite" class="panel">
          <div class="main-panel-header rounded-window-top">
            <span class="header-content">Groups for Regression Suite</span>
          </div> <!-- main-panel-header rounded-window-top -->
          <div class="main-panel-content rounded-window-bottom">
          </div> <!-- main-panel-content rounded-window-bottom -->
        </div> <!-- panel -->
        <div panel-name="times-Regression_Suite" class="panel">
          <div class="main-panel-header rounded-window-top">
            <span class="header-content">Times for Regression Suite</span>
          </div> <!-- main-panel-header rounded-window-top -->
          <div class="main-panel-content rounded-window-bottom">
            <div class="times-div">
              <script type="text/javascript">
suiteTableInitFunctions.push('tableData_Regression_Suite');
function tableData_Regression_Suite() {
var data = new google.visualization.DataTable();
data.addColumn('number', 'Number');
data.addColumn('string', 'Method');
data.addColumn('string', 'Class');
data.addColumn('number', 'Time (ms)');
data.addRows(10);
data.setCell(0, 0, 0)
data.setCell(0, 1, 'VerifyRegistration')
data.setCell(0, 2, 'com.test.automation.uiAutomation.homepage.TC002_VerifyRegistration')
data.setCell(0, 3, 103043);
data.setCell(1, 0, 1)
data.setCell(1, 1, 'TestLogin')
data.setCell(1, 2, 'com.test.automation.uiAutomation.homepage.TC003_VerifyLoginWithDifferentRecords')
data.setCell(1, 3, 69980);
data.setCell(2, 0, 2)
data.setCell(2, 1, 'TestLogin')
data.setCell(2, 2, 'com.test.automation.uiAutomation.homepage.TC003_VerifyLoginWithDifferentRecords')
data.setCell(2, 3, 68110);
data.setCell(3, 0, 3)
data.setCell(3, 1, 'TestLogin')
data.setCell(3, 2, 'com.test.automation.uiAutomation.homepage.TC003_VerifyLoginWithDifferentRecords')
data.setCell(3, 3, 67562);
data.setCell(4, 0, 4)
data.setCell(4, 1, 'VerifyTweetLink')
data.setCell(4, 2, 'com.test.automation.uiAutomation.addToCart.TC002_VerifyTweetLink')
data.setCell(4, 3, 15199);
data.setCell(5, 0, 5)
data.setCell(5, 1, 'VerifyLoginWithInvalidCredentials')
data.setCell(5, 2, 'com.test.automation.uiAutomation.homepage.TC001_VerifyLoginWithInvalidCredentials')
data.setCell(5, 3, 6181);
data.setCell(6, 0, 6)
data.setCell(6, 1, 'VerifyNavigationToApparelPage')
data.setCell(6, 2, 'com.test.automation.uiAutomation.homepage.TC004_VerifyNavigationToApparelPage')
data.setCell(6, 3, 4587);
data.setCell(7, 0, 7)
data.setCell(7, 1, 'VerifyAddToCart')
data.setCell(7, 2, 'com.test.automation.uiAutomation.addToCart.TC001_VerifyAddToCart')
data.setCell(7, 3, 4178);
data.setCell(8, 0, 8)
data.setCell(8, 1, 'TestLogin')
data.setCell(8, 2, 'com.test.automation.uiAutomation.homepage.TC003_VerifyLoginWithDifferentRecords')
data.setCell(8, 3, 5);
data.setCell(9, 0, 9)
data.setCell(9, 1, 'TestLogin')
data.setCell(9, 2, 'com.test.automation.uiAutomation.homepage.TC003_VerifyLoginWithDifferentRecords')
data.setCell(9, 3, 0);
window.suiteTableData['Regression_Suite']= { tableData: data, tableDiv: 'times-div-Regression_Suite'}
return data;
}
              </script>
              <span class="suite-total-time">Total running time: 5 minutes</span>
              <div id="times-div-Regression_Suite">
              </div> <!-- times-div-Regression_Suite -->
            </div> <!-- times-div -->
          </div> <!-- main-panel-content rounded-window-bottom -->
        </div> <!-- panel -->
        <div panel-name="reporter-Regression_Suite" class="panel">
          <div class="main-panel-header rounded-window-top">
            <span class="header-content">Reporter output for Regression Suite</span>
          </div> <!-- main-panel-header rounded-window-top -->
          <div class="main-panel-content rounded-window-bottom">
            <div class="reporter-method-div">
              <span class="reporter-method-name">TestLogin(testautomation4@gmail.com, password@123, y)</span>
              <div class="reporter-method-output-div">
                <span class="reporter-method-output">Found element By: By.xpath: //a[@class='login'][@title='Log in to your customer account']</span>
                <span class="reporter-method-output">Trying to click on: [[ChromeDriver: chrome on XP (8364c75b2ac40056a2e068e50c59b2e5)] -> xpath: //a[@class='login'][@title='Log in to your customer account']]</span>
                <span class="reporter-method-output">Clicked on: [[ChromeDriver: chrome on XP (8364c75b2ac40056a2e068e50c59b2e5)] -> xpath: //a[@class='login'][@title='Log in to your customer account']]</span>
                <span class="reporter-method-output">Found element By: By.xpath: //a[@class='login'][@title='Log in to your customer account']</span>
                <span class="reporter-method-output">Found element By: By.xpath: //input[@id='email']</span>
                <span class="reporter-method-output">Element value changed to: [[ChromeDriver: chrome on XP (8364c75b2ac40056a2e068e50c59b2e5)] -> xpath: //input[@id='email']]</span>
                <span class="reporter-method-output">Found element By: By.xpath: //input[@id='email']</span>
                <span class="reporter-method-output">Found element By: By.xpath: //input[@id='passwd']</span>
                <span class="reporter-method-output">Element value changed to: [[ChromeDriver: chrome on XP (8364c75b2ac40056a2e068e50c59b2e5)] -> xpath: //input[@id='passwd']]</span>
                <span class="reporter-method-output">Found element By: By.xpath: //input[@id='passwd']</span>
                <span class="reporter-method-output">Found element By: By.xpath: //button[@id='SubmitLogin']</span>
                <span class="reporter-method-output">Trying to click on: [[ChromeDriver: chrome on XP (8364c75b2ac40056a2e068e50c59b2e5)] -> xpath: //button[@id='SubmitLogin']]</span>
                <span class="reporter-method-output">Clicked on: [[ChromeDriver: chrome on XP (8364c75b2ac40056a2e068e50c59b2e5)] -> xpath: //button[@id='SubmitLogin']]</span>
                <span class="reporter-method-output">Exception occured: org.openqa.selenium.NoSuchElementException: no such element: Unable to locate element: {"method":"xpath","selector":"//button[@id='SubmitLogin']"}
  (Session info: chrome=65.0.3325.181)
  (Driver info: chromedriver=2.35.528161 (5b82f2d2aae0ca24b877009200ced9065a772e73),platform=Windows NT 10.0.16299 x86_64) (WARNING: The server did not provide any stacktrace information)
Command duration or timeout: 0 milliseconds
For documentation on this error, please visit: http://seleniumhq.org/exceptions/no_such_element.html
Build info: version: '3.8.1', revision: '6e95a6684b', time: '2017-12-01T18:33:54.468Z'
System info: host: 'HIMANI', ip: '192.168.1.7', os.name: 'Windows 10', os.arch: 'amd64', os.version: '10.0', java.version: '9.0.4'
Driver info: org.openqa.selenium.chrome.ChromeDriver
Capabilities {acceptInsecureCerts: false, acceptSslCerts: false, applicationCacheEnabled: false, browserConnectionEnabled: false, browserName: chrome, chrome: {chromedriverVersion: 2.35.528161 (5b82f2d2aae0ca..., userDataDir: C:\Users\Himani\AppData\Loc...}, cssSelectorsEnabled: true, databaseEnabled: false, handlesAlerts: true, hasTouchScreen: false, javascriptEnabled: true, locationContextEnabled: true, mobileEmulationEnabled: false, nativeEvents: true, networkConnectionEnabled: false, pageLoadStrategy: normal, platform: XP, platformName: XP, rotatable: false, setWindowRect: true, takesHeapSnapshot: true, takesScreenshot: true, unexpectedAlertBehaviour: , unhandledPromptBehavior: , version: 65.0.3325.181, webStorageEnabled: true}
Session ID: 8364c75b2ac40056a2e068e50c59b2e5
*** Element info: {Using=xpath, value=//button[@id='SubmitLogin']}</span>
                <span class="reporter-method-output">Exception occured: </span>
                <span class="reporter-method-output">Found element By: By.xpath: //div[@id='center_column']/h1</span>
                <span class="reporter-method-output"><a href='C:\Automation\Jan18\FirstMavenProject\uiAutomation\src\main\java\com\test\automation\uiAutomation\screenshot\testLogin_testautomation4@gmail.com_25_04_2018_09_59_05.png'><img src='C:\Automation\Jan18\FirstMavenProject\uiAutomation\src\main\java\com\test\automation\uiAutomation\screenshot\testLogin_testautomation4@gmail.com_25_04_2018_09_59_05.png' height='100' width='100'/> </a></span>
                <span class="reporter-method-output">Found element By: By.xpath: //a[@class='logout']</span>
                <span class="reporter-method-output">Trying to click on: [[ChromeDriver: chrome on XP (8364c75b2ac40056a2e068e50c59b2e5)] -> xpath: //a[@class='logout']]</span>
                <span class="reporter-method-output">Clicked on: [[ChromeDriver: chrome on XP (8364c75b2ac40056a2e068e50c59b2e5)] -> xpath: //a[@class='logout']]</span>
                <span class="reporter-method-output">Exception occured: org.openqa.selenium.NoSuchElementException: no such element: Unable to locate element: {"method":"xpath","selector":"//a[@class='logout']"}
  (Session info: chrome=65.0.3325.181)
  (Driver info: chromedriver=2.35.528161 (5b82f2d2aae0ca24b877009200ced9065a772e73),platform=Windows NT 10.0.16299 x86_64) (WARNING: The server did not provide any stacktrace information)
Command duration or timeout: 0 milliseconds
For documentation on this error, please visit: http://seleniumhq.org/exceptions/no_such_element.html
Build info: version: '3.8.1', revision: '6e95a6684b', time: '2017-12-01T18:33:54.468Z'
System info: host: 'HIMANI', ip: '192.168.1.7', os.name: 'Windows 10', os.arch: 'amd64', os.version: '10.0', java.version: '9.0.4'
Driver info: org.openqa.selenium.chrome.ChromeDriver
Capabilities {acceptInsecureCerts: false, acceptSslCerts: false, applicationCacheEnabled: false, browserConnectionEnabled: false, browserName: chrome, chrome: {chromedriverVersion: 2.35.528161 (5b82f2d2aae0ca..., userDataDir: C:\Users\Himani\AppData\Loc...}, cssSelectorsEnabled: true, databaseEnabled: false, handlesAlerts: true, hasTouchScreen: false, javascriptEnabled: true, locationContextEnabled: true, mobileEmulationEnabled: false, nativeEvents: true, networkConnectionEnabled: false, pageLoadStrategy: normal, platform: XP, platformName: XP, rotatable: false, setWindowRect: true, takesHeapSnapshot: true, takesScreenshot: true, unexpectedAlertBehaviour: , unhandledPromptBehavior: , version: 65.0.3325.181, webStorageEnabled: true}
Session ID: 8364c75b2ac40056a2e068e50c59b2e5
*** Element info: {Using=xpath, value=//a[@class='logout']}</span>
                <span class="reporter-method-output">Exception occured: </span>
              </div> <!-- reporter-method-output-div -->
            </div> <!-- reporter-method-div -->
            <div class="reporter-method-div">
              <span class="reporter-method-name">TestLogin(testautomation6@gmail.com, password@123, y)</span>
              <div class="reporter-method-output-div">
                <span class="reporter-method-output">Found element By: By.xpath: //a[@class='login'][@title='Log in to your customer account']</span>
                <span class="reporter-method-output">Trying to click on: [[ChromeDriver: chrome on XP (8364c75b2ac40056a2e068e50c59b2e5)] -> xpath: //a[@class='login'][@title='Log in to your customer account']]</span>
                <span class="reporter-method-output">Clicked on: [[ChromeDriver: chrome on XP (8364c75b2ac40056a2e068e50c59b2e5)] -> xpath: //a[@class='login'][@title='Log in to your customer account']]</span>
                <span class="reporter-method-output">Found element By: By.xpath: //a[@class='login'][@title='Log in to your customer account']</span>
                <span class="reporter-method-output">Found element By: By.xpath: //input[@id='email']</span>
                <span class="reporter-method-output">Element value changed to: [[ChromeDriver: chrome on XP (8364c75b2ac40056a2e068e50c59b2e5)] -> xpath: //input[@id='email']]</span>
                <span class="reporter-method-output">Found element By: By.xpath: //input[@id='email']</span>
                <span class="reporter-method-output">Found element By: By.xpath: //input[@id='passwd']</span>
                <span class="reporter-method-output">Element value changed to: [[ChromeDriver: chrome on XP (8364c75b2ac40056a2e068e50c59b2e5)] -> xpath: //input[@id='passwd']]</span>
                <span class="reporter-method-output">Found element By: By.xpath: //input[@id='passwd']</span>
                <span class="reporter-method-output">Found element By: By.xpath: //button[@id='SubmitLogin']</span>
                <span class="reporter-method-output">Trying to click on: [[ChromeDriver: chrome on XP (8364c75b2ac40056a2e068e50c59b2e5)] -> xpath: //button[@id='SubmitLogin']]</span>
                <span class="reporter-method-output">Clicked on: [[ChromeDriver: chrome on XP (8364c75b2ac40056a2e068e50c59b2e5)] -> xpath: //button[@id='SubmitLogin']]</span>
                <span class="reporter-method-output">Exception occured: org.openqa.selenium.NoSuchElementException: no such element: Unable to locate element: {"method":"xpath","selector":"//button[@id='SubmitLogin']"}
  (Session info: chrome=65.0.3325.181)
  (Driver info: chromedriver=2.35.528161 (5b82f2d2aae0ca24b877009200ced9065a772e73),platform=Windows NT 10.0.16299 x86_64) (WARNING: The server did not provide any stacktrace information)
Command duration or timeout: 0 milliseconds
For documentation on this error, please visit: http://seleniumhq.org/exceptions/no_such_element.html
Build info: version: '3.8.1', revision: '6e95a6684b', time: '2017-12-01T18:33:54.468Z'
System info: host: 'HIMANI', ip: '192.168.1.7', os.name: 'Windows 10', os.arch: 'amd64', os.version: '10.0', java.version: '9.0.4'
Driver info: org.openqa.selenium.chrome.ChromeDriver
Capabilities {acceptInsecureCerts: false, acceptSslCerts: false, applicationCacheEnabled: false, browserConnectionEnabled: false, browserName: chrome, chrome: {chromedriverVersion: 2.35.528161 (5b82f2d2aae0ca..., userDataDir: C:\Users\Himani\AppData\Loc...}, cssSelectorsEnabled: true, databaseEnabled: false, handlesAlerts: true, hasTouchScreen: false, javascriptEnabled: true, locationContextEnabled: true, mobileEmulationEnabled: false, nativeEvents: true, networkConnectionEnabled: false, pageLoadStrategy: normal, platform: XP, platformName: XP, rotatable: false, setWindowRect: true, takesHeapSnapshot: true, takesScreenshot: true, unexpectedAlertBehaviour: , unhandledPromptBehavior: , version: 65.0.3325.181, webStorageEnabled: true}
Session ID: 8364c75b2ac40056a2e068e50c59b2e5
*** Element info: {Using=xpath, value=//button[@id='SubmitLogin']}</span>
                <span class="reporter-method-output">Exception occured: </span>
                <span class="reporter-method-output">Found element By: By.xpath: //div[@id='center_column']/h1</span>
                <span class="reporter-method-output"><a href='C:\Automation\Jan18\FirstMavenProject\uiAutomation\src\main\java\com\test\automation\uiAutomation\screenshot\testLogin_testautomation6@gmail.com_25_04_2018_10_01_21.png'><img src='C:\Automation\Jan18\FirstMavenProject\uiAutomation\src\main\java\com\test\automation\uiAutomation\screenshot\testLogin_testautomation6@gmail.com_25_04_2018_10_01_21.png' height='100' width='100'/> </a></span>
                <span class="reporter-method-output">Found element By: By.xpath: //a[@class='logout']</span>
                <span class="reporter-method-output">Trying to click on: [[ChromeDriver: chrome on XP (8364c75b2ac40056a2e068e50c59b2e5)] -> xpath: //a[@class='logout']]</span>
                <span class="reporter-method-output">Clicked on: [[ChromeDriver: chrome on XP (8364c75b2ac40056a2e068e50c59b2e5)] -> xpath: //a[@class='logout']]</span>
                <span class="reporter-method-output">Exception occured: org.openqa.selenium.NoSuchElementException: no such element: Unable to locate element: {"method":"xpath","selector":"//a[@class='logout']"}
  (Session info: chrome=65.0.3325.181)
  (Driver info: chromedriver=2.35.528161 (5b82f2d2aae0ca24b877009200ced9065a772e73),platform=Windows NT 10.0.16299 x86_64) (WARNING: The server did not provide any stacktrace information)
Command duration or timeout: 0 milliseconds
For documentation on this error, please visit: http://seleniumhq.org/exceptions/no_such_element.html
Build info: version: '3.8.1', revision: '6e95a6684b', time: '2017-12-01T18:33:54.468Z'
System info: host: 'HIMANI', ip: '192.168.1.7', os.name: 'Windows 10', os.arch: 'amd64', os.version: '10.0', java.version: '9.0.4'
Driver info: org.openqa.selenium.chrome.ChromeDriver
Capabilities {acceptInsecureCerts: false, acceptSslCerts: false, applicationCacheEnabled: false, browserConnectionEnabled: false, browserName: chrome, chrome: {chromedriverVersion: 2.35.528161 (5b82f2d2aae0ca..., userDataDir: C:\Users\Himani\AppData\Loc...}, cssSelectorsEnabled: true, databaseEnabled: false, handlesAlerts: true, hasTouchScreen: false, javascriptEnabled: true, locationContextEnabled: true, mobileEmulationEnabled: false, nativeEvents: true, networkConnectionEnabled: false, pageLoadStrategy: normal, platform: XP, platformName: XP, rotatable: false, setWindowRect: true, takesHeapSnapshot: true, takesScreenshot: true, unexpectedAlertBehaviour: , unhandledPromptBehavior: , version: 65.0.3325.181, webStorageEnabled: true}
Session ID: 8364c75b2ac40056a2e068e50c59b2e5
*** Element info: {Using=xpath, value=//a[@class='logout']}</span>
                <span class="reporter-method-output">Exception occured: </span>
              </div> <!-- reporter-method-output-div -->
            </div> <!-- reporter-method-div -->
            <div class="reporter-method-div">
              <span class="reporter-method-name">TestLogin(testautomation5@gmail.com, password@123, y)</span>
              <div class="reporter-method-output-div">
                <span class="reporter-method-output">Found element By: By.xpath: //a[@class='login'][@title='Log in to your customer account']</span>
                <span class="reporter-method-output">Trying to click on: [[ChromeDriver: chrome on XP (8364c75b2ac40056a2e068e50c59b2e5)] -> xpath: //a[@class='login'][@title='Log in to your customer account']]</span>
                <span class="reporter-method-output">Clicked on: [[ChromeDriver: chrome on XP (8364c75b2ac40056a2e068e50c59b2e5)] -> xpath: //a[@class='login'][@title='Log in to your customer account']]</span>
                <span class="reporter-method-output">Found element By: By.xpath: //a[@class='login'][@title='Log in to your customer account']</span>
                <span class="reporter-method-output">Found element By: By.xpath: //input[@id='email']</span>
                <span class="reporter-method-output">Element value changed to: [[ChromeDriver: chrome on XP (8364c75b2ac40056a2e068e50c59b2e5)] -> xpath: //input[@id='email']]</span>
                <span class="reporter-method-output">Found element By: By.xpath: //input[@id='email']</span>
                <span class="reporter-method-output">Found element By: By.xpath: //input[@id='passwd']</span>
                <span class="reporter-method-output">Element value changed to: [[ChromeDriver: chrome on XP (8364c75b2ac40056a2e068e50c59b2e5)] -> xpath: //input[@id='passwd']]</span>
                <span class="reporter-method-output">Found element By: By.xpath: //input[@id='passwd']</span>
                <span class="reporter-method-output">Found element By: By.xpath: //button[@id='SubmitLogin']</span>
                <span class="reporter-method-output">Trying to click on: [[ChromeDriver: chrome on XP (8364c75b2ac40056a2e068e50c59b2e5)] -> xpath: //button[@id='SubmitLogin']]</span>
                <span class="reporter-method-output">Clicked on: [[ChromeDriver: chrome on XP (8364c75b2ac40056a2e068e50c59b2e5)] -> xpath: //button[@id='SubmitLogin']]</span>
                <span class="reporter-method-output">Exception occured: org.openqa.selenium.NoSuchElementException: no such element: Unable to locate element: {"method":"xpath","selector":"//button[@id='SubmitLogin']"}
  (Session info: chrome=65.0.3325.181)
  (Driver info: chromedriver=2.35.528161 (5b82f2d2aae0ca24b877009200ced9065a772e73),platform=Windows NT 10.0.16299 x86_64) (WARNING: The server did not provide any stacktrace information)
Command duration or timeout: 0 milliseconds
For documentation on this error, please visit: http://seleniumhq.org/exceptions/no_such_element.html
Build info: version: '3.8.1', revision: '6e95a6684b', time: '2017-12-01T18:33:54.468Z'
System info: host: 'HIMANI', ip: '192.168.1.7', os.name: 'Windows 10', os.arch: 'amd64', os.version: '10.0', java.version: '9.0.4'
Driver info: org.openqa.selenium.chrome.ChromeDriver
Capabilities {acceptInsecureCerts: false, acceptSslCerts: false, applicationCacheEnabled: false, browserConnectionEnabled: false, browserName: chrome, chrome: {chromedriverVersion: 2.35.528161 (5b82f2d2aae0ca..., userDataDir: C:\Users\Himani\AppData\Loc...}, cssSelectorsEnabled: true, databaseEnabled: false, handlesAlerts: true, hasTouchScreen: false, javascriptEnabled: true, locationContextEnabled: true, mobileEmulationEnabled: false, nativeEvents: true, networkConnectionEnabled: false, pageLoadStrategy: normal, platform: XP, platformName: XP, rotatable: false, setWindowRect: true, takesHeapSnapshot: true, takesScreenshot: true, unexpectedAlertBehaviour: , unhandledPromptBehavior: , version: 65.0.3325.181, webStorageEnabled: true}
Session ID: 8364c75b2ac40056a2e068e50c59b2e5
*** Element info: {Using=xpath, value=//button[@id='SubmitLogin']}</span>
                <span class="reporter-method-output">Exception occured: </span>
                <span class="reporter-method-output">Found element By: By.xpath: //div[@id='center_column']/h1</span>
                <span class="reporter-method-output"><a href='C:\Automation\Jan18\FirstMavenProject\uiAutomation\src\main\java\com\test\automation\uiAutomation\screenshot\testLogin_testautomation5@gmail.com_25_04_2018_10_00_13.png'><img src='C:\Automation\Jan18\FirstMavenProject\uiAutomation\src\main\java\com\test\automation\uiAutomation\screenshot\testLogin_testautomation5@gmail.com_25_04_2018_10_00_13.png' height='100' width='100'/> </a></span>
                <span class="reporter-method-output">Found element By: By.xpath: //a[@class='logout']</span>
                <span class="reporter-method-output">Trying to click on: [[ChromeDriver: chrome on XP (8364c75b2ac40056a2e068e50c59b2e5)] -> xpath: //a[@class='logout']]</span>
                <span class="reporter-method-output">Clicked on: [[ChromeDriver: chrome on XP (8364c75b2ac40056a2e068e50c59b2e5)] -> xpath: //a[@class='logout']]</span>
                <span class="reporter-method-output">Exception occured: org.openqa.selenium.NoSuchElementException: no such element: Unable to locate element: {"method":"xpath","selector":"//a[@class='logout']"}
  (Session info: chrome=65.0.3325.181)
  (Driver info: chromedriver=2.35.528161 (5b82f2d2aae0ca24b877009200ced9065a772e73),platform=Windows NT 10.0.16299 x86_64) (WARNING: The server did not provide any stacktrace information)
Command duration or timeout: 0 milliseconds
For documentation on this error, please visit: http://seleniumhq.org/exceptions/no_such_element.html
Build info: version: '3.8.1', revision: '6e95a6684b', time: '2017-12-01T18:33:54.468Z'
System info: host: 'HIMANI', ip: '192.168.1.7', os.name: 'Windows 10', os.arch: 'amd64', os.version: '10.0', java.version: '9.0.4'
Driver info: org.openqa.selenium.chrome.ChromeDriver
Capabilities {acceptInsecureCerts: false, acceptSslCerts: false, applicationCacheEnabled: false, browserConnectionEnabled: false, browserName: chrome, chrome: {chromedriverVersion: 2.35.528161 (5b82f2d2aae0ca..., userDataDir: C:\Users\Himani\AppData\Loc...}, cssSelectorsEnabled: true, databaseEnabled: false, handlesAlerts: true, hasTouchScreen: false, javascriptEnabled: true, locationContextEnabled: true, mobileEmulationEnabled: false, nativeEvents: true, networkConnectionEnabled: false, pageLoadStrategy: normal, platform: XP, platformName: XP, rotatable: false, setWindowRect: true, takesHeapSnapshot: true, takesScreenshot: true, unexpectedAlertBehaviour: , unhandledPromptBehavior: , version: 65.0.3325.181, webStorageEnabled: true}
Session ID: 8364c75b2ac40056a2e068e50c59b2e5
*** Element info: {Using=xpath, value=//a[@class='logout']}</span>
                <span class="reporter-method-output">Exception occured: </span>
              </div> <!-- reporter-method-output-div -->
            </div> <!-- reporter-method-div -->
            <div class="reporter-method-div">
              <span class="reporter-method-name">VerifyNavigationToApparelPage</span>
              <div class="reporter-method-output-div">
                <span class="reporter-method-output">Found element By: By.cssSelector: ul[class^='sf-menu']>li>a[title='Women']</span>
                <span class="reporter-method-output">Exception occured: org.openqa.selenium.UnsupportedCommandException: actions
Build info: version: '3.8.1', revision: '6e95a6684b', time: '2017-12-01T18:33:54.468Z'
System info: host: 'HIMANI', ip: '192.168.1.7', os.name: 'Windows 10', os.arch: 'amd64', os.version: '10.0', java.version: '9.0.4'
Driver info: driver.version: EventFiringWebDriver</span>
                <span class="reporter-method-output">Exception occured: </span>
                <span class="reporter-method-output"><a href='C:\Automation\Jan18\FirstMavenProject\uiAutomation\src\main\java\com\test\automation\uiAutomation\screenshot\TC004_VerifyNavigationToApparelPage_ClickOnWomen_25_04_2018_10_02_18.png'><img src='C:\Automation\Jan18\FirstMavenProject\uiAutomation\src\main\java\com\test\automation\uiAutomation\screenshot\TC004_VerifyNavigationToApparelPage_ClickOnWomen_25_04_2018_10_02_18.png' height='100' width='100'/> </a></span>
                <span class="reporter-method-output">Found element By: By.cssSelector: ul[class^='sf-menu']>li>a[title='Women']+ul>li>ul>li>a[title='Blouses']</span>
                <span class="reporter-method-output">Exception occured: org.openqa.selenium.UnsupportedCommandException: actions
Build info: version: '3.8.1', revision: '6e95a6684b', time: '2017-12-01T18:33:54.468Z'
System info: host: 'HIMANI', ip: '192.168.1.7', os.name: 'Windows 10', os.arch: 'amd64', os.version: '10.0', java.version: '9.0.4'
Driver info: driver.version: EventFiringWebDriver</span>
                <span class="reporter-method-output">Exception occured: </span>
                <span class="reporter-method-output"><a href='C:\Automation\Jan18\FirstMavenProject\uiAutomation\src\main\java\com\test\automation\uiAutomation\screenshot\TC004_VerifyNavigationToApparelPage_ClickOnApparelOption_25_04_2018_10_02_22.png'><img src='C:\Automation\Jan18\FirstMavenProject\uiAutomation\src\main\java\com\test\automation\uiAutomation\screenshot\TC004_VerifyNavigationToApparelPage_ClickOnApparelOption_25_04_2018_10_02_22.png' height='100' width='100'/> </a></span>
              </div> <!-- reporter-method-output-div -->
            </div> <!-- reporter-method-div -->
            <div class="reporter-method-div">
              <span class="reporter-method-name">VerifyRegistration</span>
              <div class="reporter-method-output-div">
                <span class="reporter-method-output">Found element By: By.xpath: //a[@class='login'][@title='Log in to your customer account']</span>
                <span class="reporter-method-output">Trying to click on: [[ChromeDriver: chrome on XP (0cb3e68d6d468eed27a310b8cf61cf16)] -> xpath: //a[@class='login'][@title='Log in to your customer account']]</span>
                <span class="reporter-method-output">Clicked on: [[ChromeDriver: chrome on XP (0cb3e68d6d468eed27a310b8cf61cf16)] -> xpath: //a[@class='login'][@title='Log in to your customer account']]</span>
                <span class="reporter-method-output">Found element By: By.xpath: //a[@class='login'][@title='Log in to your customer account']</span>
                <span class="reporter-method-output">Found element By: By.xpath: //input[@id='email_create']</span>
                <span class="reporter-method-output">Element value changed to: [[ChromeDriver: chrome on XP (0cb3e68d6d468eed27a310b8cf61cf16)] -> xpath: //input[@id='email_create']]</span>
                <span class="reporter-method-output">Found element By: By.xpath: //input[@id='email_create']</span>
                <span class="reporter-method-output">Element value changed to: [[ChromeDriver: chrome on XP (0cb3e68d6d468eed27a310b8cf61cf16)] -> xpath: //input[@id='email_create']]</span>
                <span class="reporter-method-output">Found element By: By.xpath: //input[@id='email_create']</span>
                <span class="reporter-method-output">Found element By: By.xpath: //button[@id='SubmitCreate']</span>
                <span class="reporter-method-output">Trying to click on: [[ChromeDriver: chrome on XP (0cb3e68d6d468eed27a310b8cf61cf16)] -> xpath: //button[@id='SubmitCreate']]</span>
                <span class="reporter-method-output">Clicked on: [[ChromeDriver: chrome on XP (0cb3e68d6d468eed27a310b8cf61cf16)] -> xpath: //button[@id='SubmitCreate']]</span>
                <span class="reporter-method-output">Found element By: By.xpath: //button[@id='SubmitCreate']</span>
                <span class="reporter-method-output">Found element By: By.xpath: //input[@id='id_gender2']</span>
                <span class="reporter-method-output">Trying to click on: [[ChromeDriver: chrome on XP (0cb3e68d6d468eed27a310b8cf61cf16)] -> xpath: //input[@id='id_gender2']]</span>
                <span class="reporter-method-output">Clicked on: [[ChromeDriver: chrome on XP (0cb3e68d6d468eed27a310b8cf61cf16)] -> xpath: //input[@id='id_gender2']]</span>
                <span class="reporter-method-output">Found element By: By.xpath: //input[@id='customer_firstname']</span>
                <span class="reporter-method-output">Element value changed to: [[ChromeDriver: chrome on XP (0cb3e68d6d468eed27a310b8cf61cf16)] -> xpath: //input[@id='customer_firstname']]</span>
                <span class="reporter-method-output">Found element By: By.xpath: //input[@id='customer_firstname']</span>
                <span class="reporter-method-output">Element value changed to: [[ChromeDriver: chrome on XP (0cb3e68d6d468eed27a310b8cf61cf16)] -> xpath: //input[@id='customer_firstname']]</span>
                <span class="reporter-method-output">Found element By: By.xpath: //input[@id='customer_lastname']</span>
                <span class="reporter-method-output">Element value changed to: [[ChromeDriver: chrome on XP (0cb3e68d6d468eed27a310b8cf61cf16)] -> xpath: //input[@id='customer_lastname']]</span>
                <span class="reporter-method-output">Found element By: By.xpath: //input[@id='customer_lastname']</span>
                <span class="reporter-method-output">Element value changed to: [[ChromeDriver: chrome on XP (0cb3e68d6d468eed27a310b8cf61cf16)] -> xpath: //input[@id='customer_lastname']]</span>
                <span class="reporter-method-output">Found element By: By.xpath: //input[@id='passwd']</span>
                <span class="reporter-method-output">Element value changed to: [[ChromeDriver: chrome on XP (0cb3e68d6d468eed27a310b8cf61cf16)] -> xpath: //input[@id='passwd']]</span>
                <span class="reporter-method-output">Found element By: By.xpath: //input[@id='passwd']</span>
                <span class="reporter-method-output">Element value changed to: [[ChromeDriver: chrome on XP (0cb3e68d6d468eed27a310b8cf61cf16)] -> xpath: //input[@id='passwd']]</span>
                <span class="reporter-method-output">Found element By: By.xpath: //input[@id='passwd']</span>
                <span class="reporter-method-output">Found element By: By.xpath: //select[@id='days']</span>
                <span class="reporter-method-output">Found element By: By.xpath: //select[@id='days']</span>
                <span class="reporter-method-output">Found element By: By.xpath: //select[@id='days']</span>
                <span class="reporter-method-output">Found element By: By.xpath: .//option[normalize-space(.) = "4  "]</span>
                <span class="reporter-method-output">Found element By: By.xpath: //select[@id='days']</span>
                <span class="reporter-method-output">Found element By: By.xpath: .//option[contains(., "4")]</span>
                <span class="reporter-method-output">Trying to click on: [[[[ChromeDriver: chrome on XP (0cb3e68d6d468eed27a310b8cf61cf16)] -> xpath: //select[@id='days']]] -> xpath: .//option[contains(., "4")]]</span>
                <span class="reporter-method-output">Clicked on: [[[[ChromeDriver: chrome on XP (0cb3e68d6d468eed27a310b8cf61cf16)] -> xpath: //select[@id='days']]] -> xpath: .//option[contains(., "4")]]</span>
                <span class="reporter-method-output">Found element By: By.xpath: //select[@id='months']</span>
                <span class="reporter-method-output">Found element By: By.xpath: //select[@id='months']</span>
                <span class="reporter-method-output">Found element By: By.xpath: //select[@id='months']</span>
                <span class="reporter-method-output">Found element By: By.xpath: .//option[normalize-space(.) = "April "]</span>
                <span class="reporter-method-output">Found element By: By.xpath: //select[@id='months']</span>
                <span class="reporter-method-output">Found element By: By.xpath: .//option[contains(., "April")]</span>
                <span class="reporter-method-output">Trying to click on: [[[[ChromeDriver: chrome on XP (0cb3e68d6d468eed27a310b8cf61cf16)] -> xpath: //select[@id='months']]] -> xpath: .//option[contains(., "April")]]</span>
                <span class="reporter-method-output">Clicked on: [[[[ChromeDriver: chrome on XP (0cb3e68d6d468eed27a310b8cf61cf16)] -> xpath: //select[@id='months']]] -> xpath: .//option[contains(., "April")]]</span>
                <span class="reporter-method-output">Found element By: By.xpath: //select[@id='years']</span>
                <span class="reporter-method-output">Found element By: By.xpath: //select[@id='years']</span>
                <span class="reporter-method-output">Found element By: By.xpath: //select[@id='years']</span>
                <span class="reporter-method-output">Found element By: By.xpath: .//option[normalize-space(.) = "1990  "]</span>
                <span class="reporter-method-output">Found element By: By.xpath: //select[@id='years']</span>
                <span class="reporter-method-output">Found element By: By.xpath: .//option[contains(., "1990")]</span>
                <span class="reporter-method-output">Trying to click on: [[[[ChromeDriver: chrome on XP (0cb3e68d6d468eed27a310b8cf61cf16)] -> xpath: //select[@id='years']]] -> xpath: .//option[contains(., "1990")]]</span>
                <span class="reporter-method-output">Clicked on: [[[[ChromeDriver: chrome on XP (0cb3e68d6d468eed27a310b8cf61cf16)] -> xpath: //select[@id='years']]] -> xpath: .//option[contains(., "1990")]]</span>
                <span class="reporter-method-output">Found element By: By.xpath: //input[@id='address1']</span>
                <span class="reporter-method-output">Element value changed to: [[ChromeDriver: chrome on XP (0cb3e68d6d468eed27a310b8cf61cf16)] -> xpath: //input[@id='address1']]</span>
                <span class="reporter-method-output">Found element By: By.xpath: //input[@id='address1']</span>
                <span class="reporter-method-output">Element value changed to: [[ChromeDriver: chrome on XP (0cb3e68d6d468eed27a310b8cf61cf16)] -> xpath: //input[@id='address1']]</span>
                <span class="reporter-method-output">Found element By: By.xpath: //input[@id='city']</span>
                <span class="reporter-method-output">Element value changed to: [[ChromeDriver: chrome on XP (0cb3e68d6d468eed27a310b8cf61cf16)] -> xpath: //input[@id='city']]</span>
                <span class="reporter-method-output">Found element By: By.xpath: //input[@id='city']</span>
                <span class="reporter-method-output">Element value changed to: [[ChromeDriver: chrome on XP (0cb3e68d6d468eed27a310b8cf61cf16)] -> xpath: //input[@id='city']]</span>
                <span class="reporter-method-output">Found element By: By.xpath: //select[@id='id_state']</span>
                <span class="reporter-method-output">Found element By: By.xpath: //select[@id='id_state']</span>
                <span class="reporter-method-output">Found element By: By.xpath: //select[@id='id_state']</span>
                <span class="reporter-method-output">Found element By: By.xpath: .//option[@value = "2"]</span>
                <span class="reporter-method-output">Trying to click on: [[[[ChromeDriver: chrome on XP (0cb3e68d6d468eed27a310b8cf61cf16)] -> xpath: //select[@id='id_state']]] -> xpath: .//option[@value = "2"]]</span>
                <span class="reporter-method-output">Clicked on: [[[[ChromeDriver: chrome on XP (0cb3e68d6d468eed27a310b8cf61cf16)] -> xpath: //select[@id='id_state']]] -> xpath: .//option[@value = "2"]]</span>
                <span class="reporter-method-output">Found element By: By.xpath: //input[@id='postcode']</span>
                <span class="reporter-method-output">Element value changed to: [[ChromeDriver: chrome on XP (0cb3e68d6d468eed27a310b8cf61cf16)] -> xpath: //input[@id='postcode']]</span>
                <span class="reporter-method-output">Found element By: By.xpath: //input[@id='postcode']</span>
                <span class="reporter-method-output">Element value changed to: [[ChromeDriver: chrome on XP (0cb3e68d6d468eed27a310b8cf61cf16)] -> xpath: //input[@id='postcode']]</span>
                <span class="reporter-method-output">Found element By: By.xpath: //input[@id='postcode']</span>
                <span class="reporter-method-output">Found element By: By.xpath: //input[@id='phone_mobile']</span>
                <span class="reporter-method-output">Element value changed to: [[ChromeDriver: chrome on XP (0cb3e68d6d468eed27a310b8cf61cf16)] -> xpath: //input[@id='phone_mobile']]</span>
                <span class="reporter-method-output">Found element By: By.xpath: //input[@id='alias']</span>
                <span class="reporter-method-output">Element value changed to: [[ChromeDriver: chrome on XP (0cb3e68d6d468eed27a310b8cf61cf16)] -> xpath: //input[@id='alias']]</span>
                <span class="reporter-method-output">Found element By: By.xpath: //input[@id='alias']</span>
                <span class="reporter-method-output">Element value changed to: [[ChromeDriver: chrome on XP (0cb3e68d6d468eed27a310b8cf61cf16)] -> xpath: //input[@id='alias']]</span>
                <span class="reporter-method-output">Found element By: By.xpath: //button[@id='submitAccount']</span>
                <span class="reporter-method-output">Trying to click on: [[ChromeDriver: chrome on XP (0cb3e68d6d468eed27a310b8cf61cf16)] -> xpath: //button[@id='submitAccount']]</span>
                <span class="reporter-method-output">Clicked on: [[ChromeDriver: chrome on XP (0cb3e68d6d468eed27a310b8cf61cf16)] -> xpath: //button[@id='submitAccount']]</span>
                <span class="reporter-method-output">Found element By: By.xpath: //div[@id='center_column']/h1</span>
              </div> <!-- reporter-method-output-div -->
            </div> <!-- reporter-method-div -->
            <div class="reporter-method-div">
              <span class="reporter-method-name">VerifyLoginWithInvalidCredentials</span>
              <div class="reporter-method-output-div">
                <span class="reporter-method-output">Found element By: By.xpath: //a[@class='login'][@title='Log in to your customer account']</span>
                <span class="reporter-method-output">Trying to click on: [[FirefoxDriver: firefox on XP (88d165c7-5a1b-442d-9ab3-157cd36585d9)] -> xpath: //a[@class='login'][@title='Log in to your customer account']]</span>
                <span class="reporter-method-output">Clicked on: [[FirefoxDriver: firefox on XP (88d165c7-5a1b-442d-9ab3-157cd36585d9)] -> xpath: //a[@class='login'][@title='Log in to your customer account']]</span>
                <span class="reporter-method-output">Found element By: By.xpath: //a[@class='login'][@title='Log in to your customer account']</span>
                <span class="reporter-method-output">Found element By: By.xpath: //input[@id='email']</span>
                <span class="reporter-method-output">Element value changed to: [[FirefoxDriver: firefox on XP (88d165c7-5a1b-442d-9ab3-157cd36585d9)] -> xpath: //input[@id='email']]</span>
                <span class="reporter-method-output">Found element By: By.xpath: //input[@id='email']</span>
                <span class="reporter-method-output">Found element By: By.xpath: //input[@id='passwd']</span>
                <span class="reporter-method-output">Element value changed to: [[FirefoxDriver: firefox on XP (88d165c7-5a1b-442d-9ab3-157cd36585d9)] -> xpath: //input[@id='passwd']]</span>
                <span class="reporter-method-output">Found element By: By.xpath: //input[@id='passwd']</span>
                <span class="reporter-method-output">Found element By: By.xpath: //button[@id='SubmitLogin']</span>
                <span class="reporter-method-output">Trying to click on: [[FirefoxDriver: firefox on XP (88d165c7-5a1b-442d-9ab3-157cd36585d9)] -> xpath: //button[@id='SubmitLogin']]</span>
                <span class="reporter-method-output">Clicked on: [[FirefoxDriver: firefox on XP (88d165c7-5a1b-442d-9ab3-157cd36585d9)] -> xpath: //button[@id='SubmitLogin']]</span>
                <span class="reporter-method-output">Found element By: By.xpath: //button[@id='SubmitLogin']</span>
                <span class="reporter-method-output">Found element By: By.xpath: //div[@class='alert alert-danger']/ol/li</span>
                <span class="reporter-method-output">Found element By: By.xpath: //div[@class='alert alert-danger']/ol/li</span>
              </div> <!-- reporter-method-output-div -->
            </div> <!-- reporter-method-div -->
            <div class="reporter-method-div">
              <span class="reporter-method-name">VerifyAddToCart</span>
              <div class="reporter-method-output-div">
                <span class="reporter-method-output">Found element By: By.cssSelector: ul[class^='sf-menu']>li>a[title='Dresses']</span>
                <span class="reporter-method-output">Exception occured: org.openqa.selenium.UnsupportedCommandException: actions
Build info: version: '3.8.1', revision: '6e95a6684b', time: '2017-12-01T18:33:54.468Z'
System info: host: 'HIMANI', ip: '192.168.1.7', os.name: 'Windows 10', os.arch: 'amd64', os.version: '10.0', java.version: '9.0.4'
Driver info: driver.version: EventFiringWebDriver</span>
                <span class="reporter-method-output">Exception occured: </span>
                <span class="reporter-method-output">Found element By: By.cssSelector: ul[class^='sf-menu']>li>a[title='Dresses']+ul>li>a[title='Casual Dresses']</span>
                <span class="reporter-method-output">Exception occured: org.openqa.selenium.UnsupportedCommandException: actions
Build info: version: '3.8.1', revision: '6e95a6684b', time: '2017-12-01T18:33:54.468Z'
System info: host: 'HIMANI', ip: '192.168.1.7', os.name: 'Windows 10', os.arch: 'amd64', os.version: '10.0', java.version: '9.0.4'
Driver info: driver.version: EventFiringWebDriver</span>
                <span class="reporter-method-output">Exception occured: </span>
                <span class="reporter-method-output">Found element By: By.xpath: //div[@class='product-container']//a[contains(text(),'Printed Dress')]</span>
                <span class="reporter-method-output">Trying to click on: [[ChromeDriver: chrome on XP (51986404ccea271b19362b80a9c25762)] -> xpath: //div[@class='product-container']//a[contains(text(),'Printed Dress')]]</span>
                <span class="reporter-method-output">Clicked on: [[ChromeDriver: chrome on XP (51986404ccea271b19362b80a9c25762)] -> xpath: //div[@class='product-container']//a[contains(text(),'Printed Dress')]]</span>
                <span class="reporter-method-output">Found element By: By.xpath: //p[@id='add_to_cart']/button[@name='Submit']</span>
                <span class="reporter-method-output">Trying to click on: [[ChromeDriver: chrome on XP (51986404ccea271b19362b80a9c25762)] -> xpath: //p[@id='add_to_cart']/button[@name='Submit']]</span>
                <span class="reporter-method-output">Clicked on: [[ChromeDriver: chrome on XP (51986404ccea271b19362b80a9c25762)] -> xpath: //p[@id='add_to_cart']/button[@name='Submit']]</span>
                <span class="reporter-method-output">Found element By: By.xpath: //p[@id='add_to_cart']/button[@name='Submit']</span>
              </div> <!-- reporter-method-output-div -->
            </div> <!-- reporter-method-div -->
            <div class="reporter-method-div">
              <span class="reporter-method-name">VerifyTweetLink</span>
              <div class="reporter-method-output-div">
                <span class="reporter-method-output">Found element By: By.cssSelector: ul[class^='sf-menu']>li>a[title='Dresses']</span>
                <span class="reporter-method-output">Exception occured: org.openqa.selenium.UnsupportedCommandException: actions
Build info: version: '3.8.1', revision: '6e95a6684b', time: '2017-12-01T18:33:54.468Z'
System info: host: 'HIMANI', ip: '192.168.1.7', os.name: 'Windows 10', os.arch: 'amd64', os.version: '10.0', java.version: '9.0.4'
Driver info: driver.version: EventFiringWebDriver</span>
                <span class="reporter-method-output">Exception occured: </span>
                <span class="reporter-method-output">Found element By: By.cssSelector: ul[class^='sf-menu']>li>a[title='Dresses']+ul>li>a[title='Casual Dresses']</span>
                <span class="reporter-method-output">Exception occured: org.openqa.selenium.UnsupportedCommandException: actions
Build info: version: '3.8.1', revision: '6e95a6684b', time: '2017-12-01T18:33:54.468Z'
System info: host: 'HIMANI', ip: '192.168.1.7', os.name: 'Windows 10', os.arch: 'amd64', os.version: '10.0', java.version: '9.0.4'
Driver info: driver.version: EventFiringWebDriver</span>
                <span class="reporter-method-output">Exception occured: </span>
                <span class="reporter-method-output">Found element By: By.xpath: //div[@class='product-container']//a[contains(text(),'Printed Dress')]</span>
                <span class="reporter-method-output">Trying to click on: [[ChromeDriver: chrome on XP (0e9853549d5de6cab1ced8e7ba2a2c5a)] -> xpath: //div[@class='product-container']//a[contains(text(),'Printed Dress')]]</span>
                <span class="reporter-method-output">Clicked on: [[ChromeDriver: chrome on XP (0e9853549d5de6cab1ced8e7ba2a2c5a)] -> xpath: //div[@class='product-container']//a[contains(text(),'Printed Dress')]]</span>
                <span class="reporter-method-output">Found element By: By.cssSelector: button[class='btn btn-default btn-twitter']</span>
                <span class="reporter-method-output">Trying to click on: [[ChromeDriver: chrome on XP (0e9853549d5de6cab1ced8e7ba2a2c5a)] -> css selector: button[class='btn btn-default btn-twitter']]</span>
                <span class="reporter-method-output">Clicked on: [[ChromeDriver: chrome on XP (0e9853549d5de6cab1ced8e7ba2a2c5a)] -> css selector: button[class='btn btn-default btn-twitter']]</span>
                <span class="reporter-method-output">Found element By: By.cssSelector: button[class='btn btn-default btn-twitter']</span>
                <span class="reporter-method-output">Found element By: By.cssSelector: h2[class='action-information']</span>
              </div> <!-- reporter-method-output-div -->
            </div> <!-- reporter-method-div -->
          </div> <!-- main-panel-content rounded-window-bottom -->
        </div> <!-- panel -->
        <div panel-name="ignored-methods-Regression_Suite" class="panel">
          <div class="main-panel-header rounded-window-top">
            <span class="header-content">0 ignored methods</span>
          </div> <!-- main-panel-header rounded-window-top -->
          <div class="main-panel-content rounded-window-bottom">
          </div> <!-- main-panel-content rounded-window-bottom -->
        </div> <!-- panel -->
        <div panel-name="chronological-Regression_Suite" class="panel">
          <div class="main-panel-header rounded-window-top">
            <span class="header-content">Methods in chronological order</span>
          </div> <!-- main-panel-header rounded-window-top -->
          <div class="main-panel-content rounded-window-bottom">
            <div class="chronological-class">
              <div class="chronological-class-name">com.test.automation.uiAutomation.homepage.TC001_VerifyLoginWithInvalidCredentials</div> <!-- chronological-class-name -->
              <div class="configuration-test before">
                <span class="method-name">setup</span>
                <span class="method-start">0 ms</span>
              </div> <!-- configuration-test before -->
            </div> <!-- chronological-class -->
            <div class="chronological-class">
              <div class="chronological-class-name">com.test.automation.uiAutomation.homepage.TC002_VerifyRegistration</div> <!-- chronological-class-name -->
              <div class="configuration-test before">
                <span class="method-name">setup</span>
                <span class="method-start">33334 ms</span>
              </div> <!-- configuration-test before -->
              <div class="test-method">
                <span class="method-name">VerifyRegistration</span>
                <span class="method-start">51734 ms</span>
              </div> <!-- test-method -->
              <div class="configuration-class after">
                <span class="method-name">endTest</span>
                <span class="method-start">154778 ms</span>
              </div> <!-- configuration-class after -->
            </div> <!-- chronological-class -->
            <div class="chronological-class">
              <div class="chronological-class-name">com.test.automation.uiAutomation.homepage.TC003_VerifyLoginWithDifferentRecords</div> <!-- chronological-class-name -->
              <div class="configuration-class before">
                <span class="method-name">setup</span>
                <span class="method-start">154881 ms</span>
              </div> <!-- configuration-class before -->
              <div class="test-method">
                <span class="method-name">TestLogin(testautomation4@gmail.com, password@123, y)</span>
                <span class="method-start">199829 ms</span>
              </div> <!-- test-method -->
              <div class="test-method">
                <span class="method-name">TestLogin(testautomation5@gmail.com, password@123, y)</span>
                <span class="method-start">269811 ms</span>
              </div> <!-- test-method -->
              <div class="test-method">
                <span class="method-name">TestLogin(testautomation6@gmail.com, password@123, y)</span>
                <span class="method-start">337374 ms</span>
              </div> <!-- test-method -->
              <div class="test-method">
                <span class="method-name">TestLogin(testautomation7@gmail.com, password@123, n)</span>
                <span class="method-start">405491 ms</span>
              </div> <!-- test-method -->
              <div class="test-method">
                <span class="method-name">TestLogin(testautomation8@gmail.com, password@123, n)</span>
                <span class="method-start">405500 ms</span>
              </div> <!-- test-method -->
              <div class="configuration-class after">
                <span class="method-name">endTest</span>
                <span class="method-start">405514 ms</span>
              </div> <!-- configuration-class after -->
            </div> <!-- chronological-class -->
            <div class="chronological-class">
              <div class="chronological-class-name">com.test.automation.uiAutomation.homepage.TC001_VerifyLoginWithInvalidCredentials</div> <!-- chronological-class-name -->
              <div class="test-method">
                <span class="method-name">VerifyLoginWithInvalidCredentials</span>
                <span class="method-start">405892 ms</span>
              </div> <!-- test-method -->
              <div class="configuration-class after">
                <span class="method-name">endTest</span>
                <span class="method-start">412075 ms</span>
              </div> <!-- configuration-class after -->
            </div> <!-- chronological-class -->
            <div class="chronological-class">
              <div class="chronological-class-name">com.test.automation.uiAutomation.homepage.TC004_VerifyNavigationToApparelPage</div> <!-- chronological-class-name -->
              <div class="configuration-class before">
                <span class="method-name">setup</span>
                <span class="method-start">413634 ms</span>
              </div> <!-- configuration-class before -->
              <div class="test-method">
                <span class="method-name">VerifyNavigationToApparelPage</span>
                <span class="method-start">429378 ms</span>
              </div> <!-- test-method -->
              <div class="configuration-class after">
                <span class="method-name">endTest</span>
                <span class="method-start">433965 ms</span>
              </div> <!-- configuration-class after -->
            </div> <!-- chronological-class -->
            <div class="chronological-class">
              <div class="chronological-class-name">com.test.automation.uiAutomation.addToCart.TC001_VerifyAddToCart</div> <!-- chronological-class-name -->
              <div class="configuration-class before">
                <span class="method-name">setup</span>
                <span class="method-start">434362 ms</span>
              </div> <!-- configuration-class before -->
              <div class="test-method">
                <span class="method-name">VerifyAddToCart</span>
                <span class="method-start">448861 ms</span>
              </div> <!-- test-method -->
              <div class="configuration-class after">
                <span class="method-name">endTest</span>
                <span class="method-start">453039 ms</span>
              </div> <!-- configuration-class after -->
            </div> <!-- chronological-class -->
            <div class="chronological-class">
              <div class="chronological-class-name">com.test.automation.uiAutomation.addToCart.TC002_VerifyTweetLink</div> <!-- chronological-class-name -->
              <div class="configuration-class before">
                <span class="method-name">setup</span>
                <span class="method-start">453130 ms</span>
              </div> <!-- configuration-class before -->
              <div class="test-method">
                <span class="method-name">VerifyTweetLink</span>
                <span class="method-start">467435 ms</span>
              </div> <!-- test-method -->
              <div class="configuration-class after">
                <span class="method-name">endTest</span>
                <span class="method-start">482638 ms</span>
              </div> <!-- configuration-class after -->
          </div> <!-- main-panel-content rounded-window-bottom -->
        </div> <!-- panel -->
      </div> <!-- main-panel-root -->
    </div> <!-- wrapper -->
  </body>
</html>
