<?xml version="1.0" encoding="UTF-8"?>
<testng-results ignored="0" total="2" passed="0" failed="1" skipped="1">
  <reporter-output>
    <line>
      <![CDATA[Creating object of chrome]]>
    </line>
    <line>
      <![CDATA[Navigating to http://automationpractice.com/index.php]]>
    </line>
    <line>
      <![CDATA[Navigate to: 'http://automationpractice.com/index.php']]>
    </line>
    <line>
      <![CDATA[<a href='C:\Automation\Jan18\FirstMavenProject\uiAutomation\src\main\java\com\test\automation\uiAutomation\screenshot\blank_06_02_2019_08_58_08.png'><img src='C:\Automation\Jan18\FirstMavenProject\uiAutomation\src\main\java\com\test\automation\uiAutomation\screenshot\blank_06_02_2019_08_58_08.png' height='100' width='100'/> </a>]]>
    </line>
    <line>
      <![CDATA[browser closed]]>
    </line>
  </reporter-output>
  <suite started-at="2019-02-06T15:27:53Z" name="Smoke Suite" finished-at="2019-02-06T15:28:10Z" duration-ms="17109">
    <groups>
    </groups>
    <test started-at="2019-02-06T15:27:53Z" name="AddToCartTest" finished-at="2019-02-06T15:28:10Z" duration-ms="17109">
      <class name="com.test.automation.uiAutomation.addToCart.TC001_VerifyAddToCart">
        <test-method is-config="true" signature="setup()[pri:0, instance:com.test.automation.uiAutomation.addToCart.TC001_VerifyAddToCart@43015c69]" started-at="2019-02-06T20:57:53Z" name="setup" finished-at="2019-02-06T20:58:08Z" duration-ms="14815" status="PASS">
          <reporter-output>
            <line>
              <![CDATA[Creating object of chrome]]>
            </line>
            <line>
              <![CDATA[Navigating to http://automationpractice.com/index.php]]>
            </line>
            <line>
              <![CDATA[Navigate to: 'http://automationpractice.com/index.php']]>
            </line>
          </reporter-output>
        </test-method> <!-- setup -->
        <test-method is-config="true" signature="beforeMethod(java.lang.reflect.Method)[pri:0, instance:com.test.automation.uiAutomation.addToCart.TC001_VerifyAddToCart@43015c69]" started-at="2019-02-06T20:58:08Z" name="beforeMethod" finished-at="2019-02-06T20:58:08Z" duration-ms="6" status="PASS">
          <params>
            <param index="0">
              <value>
                <![CDATA[public void com.test.automation.uiAutomation.addToCart.TC001_VerifyAddToCart.addToCartTest2()]]>
              </value>
            </param>
          </params>
          <reporter-output>
          </reporter-output>
        </test-method> <!-- beforeMethod -->
        <test-method signature="addToCartTest2()[pri:0, instance:com.test.automation.uiAutomation.addToCart.TC001_VerifyAddToCart@43015c69]" started-at="2019-02-06T20:58:08Z" name="addToCartTest2" finished-at="2019-02-06T20:58:08Z" duration-ms="14" status="FAIL">
          <exception class="java.lang.AssertionError">
            <full-stacktrace>
              <![CDATA[java.lang.AssertionError
	at org.junit.Assert.fail(Assert.java:86)
	at org.junit.Assert.assertTrue(Assert.java:41)
	at org.junit.Assert.assertTrue(Assert.java:52)
	at com.test.automation.uiAutomation.addToCart.TC001_VerifyAddToCart.addToCartTest2(TC001_VerifyAddToCart.java:48)
	at java.base/jdk.internal.reflect.NativeMethodAccessorImpl.invoke0(Native Method)
	at java.base/jdk.internal.reflect.NativeMethodAccessorImpl.invoke(Unknown Source)
	at java.base/jdk.internal.reflect.DelegatingMethodAccessorImpl.invoke(Unknown Source)
	at java.base/java.lang.reflect.Method.invoke(Unknown Source)
	at org.testng.internal.MethodInvocationHelper.invokeMethod(MethodInvocationHelper.java:108)
	at org.testng.internal.Invoker.invokeMethod(Invoker.java:661)
	at org.testng.internal.Invoker.invokeTestMethod(Invoker.java:869)
	at org.testng.internal.Invoker.invokeTestMethods(Invoker.java:1193)
	at org.testng.internal.TestMethodWorker.invokeTestMethods(TestMethodWorker.java:126)
	at org.testng.internal.TestMethodWorker.run(TestMethodWorker.java:109)
	at org.testng.TestRunner.privateRun(TestRunner.java:744)
	at org.testng.TestRunner.run(TestRunner.java:602)
	at org.testng.SuiteRunner.runTest(SuiteRunner.java:380)
	at org.testng.SuiteRunner.runSequentially(SuiteRunner.java:375)
	at org.testng.SuiteRunner.privateRun(SuiteRunner.java:340)
	at org.testng.SuiteRunner.run(SuiteRunner.java:289)
	at org.testng.SuiteRunnerWorker.runSuite(SuiteRunnerWorker.java:52)
	at org.testng.SuiteRunnerWorker.run(SuiteRunnerWorker.java:86)
	at org.testng.TestNG.runSuitesSequentially(TestNG.java:1301)
	at org.testng.TestNG.runSuitesLocally(TestNG.java:1226)
	at org.testng.TestNG.runSuites(TestNG.java:1144)
	at org.testng.TestNG.run(TestNG.java:1115)
	at org.testng.remote.AbstractRemoteTestNG.run(AbstractRemoteTestNG.java:114)
	at org.testng.remote.RemoteTestNG.initAndRun(RemoteTestNG.java:251)
	at org.testng.remote.RemoteTestNG.main(RemoteTestNG.java:77)
]]>
            </full-stacktrace>
          </exception> <!-- java.lang.AssertionError -->
          <reporter-output>
          </reporter-output>
        </test-method> <!-- addToCartTest2 -->
        <test-method is-config="true" signature="afterMethod(org.testng.ITestResult)[pri:0, instance:com.test.automation.uiAutomation.addToCart.TC001_VerifyAddToCart@43015c69]" started-at="2019-02-06T20:58:08Z" name="afterMethod" finished-at="2019-02-06T20:58:09Z" duration-ms="1178" status="PASS">
          <params>
            <param index="0">
              <value>
                <![CDATA[[TestResult name=addToCartTest2 status=FAILURE method=TC001_VerifyAddToCart.addToCartTest2()[pri:0, instance:com.test.automation.uiAutomation.addToCart.TC001_VerifyAddToCart@43015c69] output={null}]]]>
              </value>
            </param>
          </params>
          <reporter-output>
            <line>
              <![CDATA[<a href='C:\Automation\Jan18\FirstMavenProject\uiAutomation\src\main\java\com\test\automation\uiAutomation\screenshot\blank_06_02_2019_08_58_08.png'><img src='C:\Automation\Jan18\FirstMavenProject\uiAutomation\src\main\java\com\test\automation\uiAutomation\screenshot\blank_06_02_2019_08_58_08.png' height='100' width='100'/> </a>]]>
            </line>
          </reporter-output>
        </test-method> <!-- afterMethod -->
        <test-method signature="VerifyAddToCart()[pri:0, instance:com.test.automation.uiAutomation.addToCart.TC001_VerifyAddToCart@43015c69]" started-at="2019-02-06T20:58:09Z" name="VerifyAddToCart" finished-at="2019-02-06T20:58:09Z" depends-on-methods="com.test.automation.uiAutomation.addToCart.TC001_VerifyAddToCart.addToCartTest2" duration-ms="0" status="SKIP">
          <exception class="java.lang.Throwable">
            <message>
              <![CDATA[Method TC001_VerifyAddToCart.VerifyAddToCart()[pri:0, instance:com.test.automation.uiAutomation.addToCart.TC001_VerifyAddToCart@43015c69] depends on not successfully finished methods]]>
            </message>
            <full-stacktrace>
              <![CDATA[java.lang.Throwable: Method TC001_VerifyAddToCart.VerifyAddToCart()[pri:0, instance:com.test.automation.uiAutomation.addToCart.TC001_VerifyAddToCart@43015c69] depends on not successfully finished methods
	at org.testng.internal.Invoker.invokeTestMethods(Invoker.java:1084)
	at org.testng.internal.TestMethodWorker.invokeTestMethods(TestMethodWorker.java:126)
	at org.testng.internal.TestMethodWorker.run(TestMethodWorker.java:109)
	at org.testng.TestRunner.privateRun(TestRunner.java:744)
	at org.testng.TestRunner.run(TestRunner.java:602)
	at org.testng.SuiteRunner.runTest(SuiteRunner.java:380)
	at org.testng.SuiteRunner.runSequentially(SuiteRunner.java:375)
	at org.testng.SuiteRunner.privateRun(SuiteRunner.java:340)
	at org.testng.SuiteRunner.run(SuiteRunner.java:289)
	at org.testng.SuiteRunnerWorker.runSuite(SuiteRunnerWorker.java:52)
	at org.testng.SuiteRunnerWorker.run(SuiteRunnerWorker.java:86)
	at org.testng.TestNG.runSuitesSequentially(TestNG.java:1301)
	at org.testng.TestNG.runSuitesLocally(TestNG.java:1226)
	at org.testng.TestNG.runSuites(TestNG.java:1144)
	at org.testng.TestNG.run(TestNG.java:1115)
	at org.testng.remote.AbstractRemoteTestNG.run(AbstractRemoteTestNG.java:114)
	at org.testng.remote.RemoteTestNG.initAndRun(RemoteTestNG.java:251)
	at org.testng.remote.RemoteTestNG.main(RemoteTestNG.java:77)
]]>
            </full-stacktrace>
          </exception> <!-- java.lang.Throwable -->
          <reporter-output>
          </reporter-output>
        </test-method> <!-- VerifyAddToCart -->
        <test-method is-config="true" signature="endTest()[pri:0, instance:com.test.automation.uiAutomation.addToCart.TC001_VerifyAddToCart@43015c69]" started-at="2019-02-06T20:58:09Z" name="endTest" finished-at="2019-02-06T20:58:10Z" duration-ms="1058" status="PASS">
          <reporter-output>
            <line>
              <![CDATA[browser closed]]>
            </line>
          </reporter-output>
        </test-method> <!-- endTest -->
      </class> <!-- com.test.automation.uiAutomation.addToCart.TC001_VerifyAddToCart -->
    </test> <!-- AddToCartTest -->
  </suite> <!-- Smoke Suite -->
</testng-results>
