<html>
<head>
<title>TestNG:  AddToCartTest</title>
<link href="../testng.css" rel="stylesheet" type="text/css" />
<link href="../my-testng.css" rel="stylesheet" type="text/css" />

<style type="text/css">
.log { display: none;} 
.stack-trace { display: none;} 
</style>
<script type="text/javascript">
<!--
function flip(e) {
  current = e.style.display;
  if (current == 'block') {
    e.style.display = 'none';
    return 0;
  }
  else {
    e.style.display = 'block';
    return 1;
  }
}

function toggleBox(szDivId, elem, msg1, msg2)
{
  var res = -1;  if (document.getElementById) {
    res = flip(document.getElementById(szDivId));
  }
  else if (document.all) {
    // this is the way old msie versions work
    res = flip(document.all[szDivId]);
  }
  if(elem) {
    if(res == 0) elem.innerHTML = msg1; else elem.innerHTML = msg2;
  }

}

function toggleAllBoxes() {
  if (document.getElementsByTagName) {
    d = document.getElementsByTagName('div');
    for (i = 0; i < d.length; i++) {
      if (d[i].className == 'log') {
        flip(d[i]);
      }
    }
  }
}

// -->
</script>

</head>
<body>
<h2 align='center'>AddToCartTest</h2><table border='1' align="center">
<tr>
<td>Tests passed/Failed/Skipped:</td><td>1/1/0</td>
</tr><tr>
<td>Started on:</td><td>Wed Feb 06 19:56:29 IST 2019</td>
</tr>
<tr><td>Total time:</td><td>267 seconds (267837 ms)</td>
</tr><tr>
<td>Included groups:</td><td></td>
</tr><tr>
<td>Excluded groups:</td><td></td>
</tr>
</table><p/>
<small><i>(Hover the method name to see the test class name)</i></small><p/>
<table width='100%' border='1' class='invocation-failed'>
<tr><td colspan='4' align='center'><b>FAILED CONFIGURATIONS</b></td></tr>
<tr><td><b>Test method</b></td>
<td width="30%"><b>Exception</b></td>
<td width="10%"><b>Time (seconds)</b></td>
<td><b>Instance</b></td>
</tr>
<tr>
<td title='com.test.automation.uiAutomation.addToCart.TC002_VerifyTweetLink.afterMethod()'><b>afterMethod</b><br>Test class: com.test.automation.uiAutomation.addToCart.TC002_VerifyTweetLink<br>Parameters: [TestResult name=VerifyTweetLink status=FAILURE method=TC002_VerifyTweetLink.VerifyTweetLink()[pri:0, instance:com.test.automation.uiAutomation.addToCart.TC002_VerifyTweetLink@352ff4da] output=Found element By: By.cssSelector: ul[class^='sf-menu']>li>a[title='Dresses']]<br/>
<a href="#Output-982337150" onClick='toggleBox("Output-982337150", this, "Show output", "Hide output");'>Show output</a>

<a href="#Output-982337150" onClick="toggleAllBoxes();">Show all outputs</a>
<div class='log' id="Output-982337150">
Exception occured: java.lang.RuntimeException: Unexpected result for screenshot command: null<br/>
Exception occured: <br/>
</div>
</td>
<td><div><pre>java.lang.RuntimeException: Unexpected result for screenshot command: null
	at org.openqa.selenium.remote.RemoteWebDriver.getScreenshotAs(RemoteWebDriver.java:352)
	at org.openqa.selenium.support.events.EventFiringWebDriver$2.invoke(EventFiringWebDriver.java:108)
	at com.sun.proxy.$Proxy15.getScreenshotAs(Unknown Source)
	at org.openqa.selenium.support.events.EventFiringWebDriver.getScreenshotAs(EventFiringWebDriver.java:291)
	at com.test.automation.uiAutomation.testBase.TestBase.captureScreen(TestBase.java:148)
	at com.test.automation.uiAutomation.testBase.TestBase.getresult(TestBase.java:202)
	at com.test.automation.uiAutomation.testBase.TestBase.afterMethod(TestBase.java:220)
... Removed 31 stack frames</pre></div><a href='#' onClick='toggleBox("stack-trace982337150", this, "Click to show all stack frames", "Click to hide stack frames")'>Click to show all stack frames</a>
<div class='stack-trace' id='stack-trace982337150'><pre>java.lang.RuntimeException: Unexpected result for screenshot command: null
	at org.openqa.selenium.remote.RemoteWebDriver.getScreenshotAs(RemoteWebDriver.java:352)
	at java.base/jdk.internal.reflect.NativeMethodAccessorImpl.invoke0(Native Method)
	at java.base/jdk.internal.reflect.NativeMethodAccessorImpl.invoke(Unknown Source)
	at java.base/jdk.internal.reflect.DelegatingMethodAccessorImpl.invoke(Unknown Source)
	at java.base/java.lang.reflect.Method.invoke(Unknown Source)
	at org.openqa.selenium.support.events.EventFiringWebDriver$2.invoke(EventFiringWebDriver.java:108)
	at com.sun.proxy.$Proxy15.getScreenshotAs(Unknown Source)
	at org.openqa.selenium.support.events.EventFiringWebDriver.getScreenshotAs(EventFiringWebDriver.java:291)
	at com.test.automation.uiAutomation.testBase.TestBase.captureScreen(TestBase.java:148)
	at com.test.automation.uiAutomation.testBase.TestBase.getresult(TestBase.java:202)
	at com.test.automation.uiAutomation.testBase.TestBase.afterMethod(TestBase.java:220)
	at java.base/jdk.internal.reflect.NativeMethodAccessorImpl.invoke0(Native Method)
	at java.base/jdk.internal.reflect.NativeMethodAccessorImpl.invoke(Unknown Source)
	at java.base/jdk.internal.reflect.DelegatingMethodAccessorImpl.invoke(Unknown Source)
	at java.base/java.lang.reflect.Method.invoke(Unknown Source)
	at org.testng.internal.MethodInvocationHelper.invokeMethod(MethodInvocationHelper.java:108)
	at org.testng.internal.Invoker.invokeConfigurationMethod(Invoker.java:523)
	at org.testng.internal.Invoker.invokeConfigurations(Invoker.java:224)
	at org.testng.internal.Invoker.invokeMethod(Invoker.java:723)
	at org.testng.internal.Invoker.invokeTestMethod(Invoker.java:869)
	at org.testng.internal.Invoker.invokeTestMethods(Invoker.java:1193)
	at org.testng.internal.TestMethodWorker.invokeTestMethods(TestMethodWorker.java:126)
	at org.testng.internal.TestMethodWorker.run(TestMethodWorker.java:109)
	at org.testng.TestRunner.privateRun(TestRunner.java:744)
	at org.testng.TestRunner.run(TestRunner.java:602)
	at org.testng.SuiteRunner.runTest(SuiteRunner.java:380)
	at org.testng.SuiteRunner.runSequentially(SuiteRunner.java:375)
	at org.testng.SuiteRunner.privateRun(SuiteRunner.java:340)
	at org.testng.SuiteRunner.run(SuiteRunner.java:289)
	at org.testng.SuiteRunnerWorker.runSuite(SuiteRunnerWorker.java:52)
	at org.testng.SuiteRunnerWorker.run(SuiteRunnerWorker.java:86)
	at org.testng.TestNG.runSuitesSequentially(TestNG.java:1301)
	at org.testng.TestNG.runSuitesLocally(TestNG.java:1226)
	at org.testng.TestNG.runSuites(TestNG.java:1144)
	at org.testng.TestNG.run(TestNG.java:1115)
	at org.testng.remote.AbstractRemoteTestNG.run(AbstractRemoteTestNG.java:114)
	at org.testng.remote.RemoteTestNG.initAndRun(RemoteTestNG.java:251)
	at org.testng.remote.RemoteTestNG.main(RemoteTestNG.java:77)
</pre></div></td>
<td>192</td>
<td>com.test.automation.uiAutomation.addToCart.TC002_VerifyTweetLink@352ff4da</td></tr>
</table><p>
<table width='100%' border='1' class='invocation-failed'>
<tr><td colspan='4' align='center'><b>FAILED TESTS</b></td></tr>
<tr><td><b>Test method</b></td>
<td width="30%"><b>Exception</b></td>
<td width="10%"><b>Time (seconds)</b></td>
<td><b>Instance</b></td>
</tr>
<tr>
<td title='com.test.automation.uiAutomation.addToCart.TC002_VerifyTweetLink.VerifyTweetLink()'><b>VerifyTweetLink</b><br>Test class: com.test.automation.uiAutomation.addToCart.TC002_VerifyTweetLink<br/>
<a href="#Output-300111306" onClick='toggleBox("Output-300111306", this, "Show output", "Hide output");'>Show output</a>

<a href="#Output-300111306" onClick="toggleAllBoxes();">Show all outputs</a>
<div class='log' id="Output-300111306">
Found element By: By.cssSelector: ul[class^='sf-menu']>li>a[title='Dresses']<br/>
Exception occured: org.openqa.selenium.UnsupportedCommandException: actions
Build info: version: '3.8.1', revision: '6e95a6684b', time: '2017-12-01T18:33:54.468Z'
System info: host: 'HIMANI', ip: '192.168.1.5', os.name: 'Windows 10', os.arch: 'amd64', os.version: '10.0', java.version: '9.0.4'
Driver info: driver.version: EventFiringWebDriver<br/>
Exception occured: <br/>
Mouse hover over option: Dresses<br/>
Found element By: By.cssSelector: ul[class^='sf-menu']>li>a[title='Dresses']+ul>li>a[title='Casual Dresses']<br/>
Exception occured: org.openqa.selenium.UnsupportedCommandException: actions
Build info: version: '3.8.1', revision: '6e95a6684b', time: '2017-12-01T18:33:54.468Z'
System info: host: 'HIMANI', ip: '192.168.1.5', os.name: 'Windows 10', os.arch: 'amd64', os.version: '10.0', java.version: '9.0.4'
Driver info: driver.version: EventFiringWebDriver<br/>
Exception occured: <br/>
Clicked on apparel option: Casual Dresses in Dresses section<br/>
Found element By: By.xpath: //div[@class='product-container']//a[contains(text(),'Printed Dress')]<br/>
Trying to click on: [[ChromeDriver: chrome on XP (23e7315c4920d57d87f9caf80efe47ce)] -> xpath: //div[@class='product-container']//a[contains(text(),'Printed Dress')]]<br/>
Clicked on: [[ChromeDriver: chrome on XP (23e7315c4920d57d87f9caf80efe47ce)] -> xpath: //div[@class='product-container']//a[contains(text(),'Printed Dress')]]<br/>
Printed Dress has been selected<br/>
Found element By: By.cssSelector: button[class='btn btn-default btn-twitter']<br/>
Trying to click on: [[ChromeDriver: chrome on XP (23e7315c4920d57d87f9caf80efe47ce)] -> css selector: button[class='btn btn-default btn-twitter']]<br/>
Clicked on: [[ChromeDriver: chrome on XP (23e7315c4920d57d87f9caf80efe47ce)] -> css selector: button[class='btn btn-default btn-twitter']]<br/>
Found element By: By.cssSelector: button[class='btn btn-default btn-twitter']<br/>
Clicked on tweet button and object is Tweet<br/>
Exception occured: org.openqa.selenium.NoSuchElementException: no such element: Unable to locate element: {"method":"css selector","selector":"h2[class='action-information']"}
  (Session info: chrome=71.0.3578.98)
  (Driver info: chromedriver=2.35.528161 (5b82f2d2aae0ca24b877009200ced9065a772e73),platform=Windows NT 10.0.17134 x86_64) (WARNING: The server did not provide any stacktrace information)
Command duration or timeout: 0 milliseconds
For documentation on this error, please visit: http://seleniumhq.org/exceptions/no_such_element.html
Build info: version: '3.8.1', revision: '6e95a6684b', time: '2017-12-01T18:33:54.468Z'
System info: host: 'HIMANI', ip: '192.168.1.5', os.name: 'Windows 10', os.arch: 'amd64', os.version: '10.0', java.version: '9.0.4'
Driver info: org.openqa.selenium.chrome.ChromeDriver
Capabilities {acceptInsecureCerts: false, acceptSslCerts: false, applicationCacheEnabled: false, browserConnectionEnabled: false, browserName: chrome, chrome: {chromedriverVersion: 2.35.528161 (5b82f2d2aae0ca..., userDataDir: C:\Users\Himani\AppData\Loc...}, cssSelectorsEnabled: true, databaseEnabled: false, handlesAlerts: true, hasTouchScreen: false, javascriptEnabled: true, locationContextEnabled: true, mobileEmulationEnabled: false, nativeEvents: true, networkConnectionEnabled: false, pageLoadStrategy: normal, platform: XP, platformName: XP, rotatable: false, setWindowRect: true, takesHeapSnapshot: true, takesScreenshot: true, unexpectedAlertBehaviour: , unhandledPromptBehavior: , version: 71.0.3578.98, webStorageEnabled: true}
Session ID: 23e7315c4920d57d87f9caf80efe47ce
*** Element info: {Using=css selector, value=h2[class='action-information']}<br/>
Exception occured: <br/>
</div>
</td>
<td><div><pre>java.lang.AssertionError: expected:&lt;true&gt; but was:&lt;false&gt;
	at org.junit.Assert.fail(Assert.java:88)
	at org.junit.Assert.failNotEquals(Assert.java:834)
	at org.junit.Assert.assertEquals(Assert.java:118)
	at org.junit.Assert.assertEquals(Assert.java:144)
	at com.test.automation.uiAutomation.addToCart.TC002_VerifyTweetLink.VerifyTweetLink(TC002_VerifyTweetLink.java:49)
... Removed 25 stack frames</pre></div><a href='#' onClick='toggleBox("stack-trace300111306", this, "Click to show all stack frames", "Click to hide stack frames")'>Click to show all stack frames</a>
<div class='stack-trace' id='stack-trace300111306'><pre>java.lang.AssertionError: expected:&lt;true&gt; but was:&lt;false&gt;
	at org.junit.Assert.fail(Assert.java:88)
	at org.junit.Assert.failNotEquals(Assert.java:834)
	at org.junit.Assert.assertEquals(Assert.java:118)
	at org.junit.Assert.assertEquals(Assert.java:144)
	at com.test.automation.uiAutomation.addToCart.TC002_VerifyTweetLink.VerifyTweetLink(TC002_VerifyTweetLink.java:49)
	at java.base/jdk.internal.reflect.NativeMethodAccessorImpl.invoke0(Native Method)
	at java.base/jdk.internal.reflect.NativeMethodAccessorImpl.invoke(Unknown Source)
	at java.base/jdk.internal.reflect.DelegatingMethodAccessorImpl.invoke(Unknown Source)
	at java.base/java.lang.reflect.Method.invoke(Unknown Source)
	at org.testng.internal.MethodInvocationHelper.invokeMethod(MethodInvocationHelper.java:108)
	at org.testng.internal.Invoker.invokeMethod(Invoker.java:661)
	at org.testng.internal.Invoker.invokeTestMethod(Invoker.java:869)
	at org.testng.internal.Invoker.invokeTestMethods(Invoker.java:1193)
	at org.testng.internal.TestMethodWorker.invokeTestMethods(TestMethodWorker.java:126)
	at org.testng.internal.TestMethodWorker.run(TestMethodWorker.java:109)
	at org.testng.TestRunner.privateRun(TestRunner.java:744)
	at org.testng.TestRunner.run(TestRunner.java:602)
	at org.testng.SuiteRunner.runTest(SuiteRunner.java:380)
	at org.testng.SuiteRunner.runSequentially(SuiteRunner.java:375)
	at org.testng.SuiteRunner.privateRun(SuiteRunner.java:340)
	at org.testng.SuiteRunner.run(SuiteRunner.java:289)
	at org.testng.SuiteRunnerWorker.runSuite(SuiteRunnerWorker.java:52)
	at org.testng.SuiteRunnerWorker.run(SuiteRunnerWorker.java:86)
	at org.testng.TestNG.runSuitesSequentially(TestNG.java:1301)
	at org.testng.TestNG.runSuitesLocally(TestNG.java:1226)
	at org.testng.TestNG.runSuites(TestNG.java:1144)
	at org.testng.TestNG.run(TestNG.java:1115)
	at org.testng.remote.AbstractRemoteTestNG.run(AbstractRemoteTestNG.java:114)
	at org.testng.remote.RemoteTestNG.initAndRun(RemoteTestNG.java:251)
	at org.testng.remote.RemoteTestNG.main(RemoteTestNG.java:77)
</pre></div></td>
<td>42</td>
<td>com.test.automation.uiAutomation.addToCart.TC002_VerifyTweetLink@352ff4da</td></tr>
</table><p>
<table width='100%' border='1' class='invocation-passed'>
<tr><td colspan='4' align='center'><b>PASSED TESTS</b></td></tr>
<tr><td><b>Test method</b></td>
<td width="30%"><b>Exception</b></td>
<td width="10%"><b>Time (seconds)</b></td>
<td><b>Instance</b></td>
</tr>
<tr>
<td title='com.test.automation.uiAutomation.addToCart.TC001_VerifyAddToCart.VerifyAddToCart()'><b>VerifyAddToCart</b><br>Test class: com.test.automation.uiAutomation.addToCart.TC001_VerifyAddToCart<br/>
<a href="#Output-1760443245" onClick='toggleBox("Output-1760443245", this, "Show output", "Hide output");'>Show output</a>

<a href="#Output-1760443245" onClick="toggleAllBoxes();">Show all outputs</a>
<div class='log' id="Output-1760443245">
Found element By: By.cssSelector: ul[class^='sf-menu']>li>a[title='Dresses']<br/>
Exception occured: org.openqa.selenium.UnsupportedCommandException: actions
Build info: version: '3.8.1', revision: '6e95a6684b', time: '2017-12-01T18:33:54.468Z'
System info: host: 'HIMANI', ip: '192.168.1.5', os.name: 'Windows 10', os.arch: 'amd64', os.version: '10.0', java.version: '9.0.4'
Driver info: driver.version: EventFiringWebDriver<br/>
Exception occured: <br/>
Mouse hover over option: Dresses<br/>
Found element By: By.cssSelector: ul[class^='sf-menu']>li>a[title='Dresses']+ul>li>a[title='Casual Dresses']<br/>
Exception occured: org.openqa.selenium.UnsupportedCommandException: actions
Build info: version: '3.8.1', revision: '6e95a6684b', time: '2017-12-01T18:33:54.468Z'
System info: host: 'HIMANI', ip: '192.168.1.5', os.name: 'Windows 10', os.arch: 'amd64', os.version: '10.0', java.version: '9.0.4'
Driver info: driver.version: EventFiringWebDriver<br/>
Exception occured: <br/>
Clicked on apparel option: Casual Dresses in Dresses section<br/>
Found element By: By.xpath: //div[@class='product-container']//a[contains(text(),'Printed Dress')]<br/>
Trying to click on: [[ChromeDriver: chrome on XP (d0084a2b532de93847ae017998a27b69)] -> xpath: //div[@class='product-container']//a[contains(text(),'Printed Dress')]]<br/>
Clicked on: [[ChromeDriver: chrome on XP (d0084a2b532de93847ae017998a27b69)] -> xpath: //div[@class='product-container']//a[contains(text(),'Printed Dress')]]<br/>
Printed Dress has been selected<br/>
Found element By: By.xpath: //p[@id='add_to_cart']/button[@name='Submit']<br/>
Trying to click on: [[ChromeDriver: chrome on XP (d0084a2b532de93847ae017998a27b69)] -> xpath: //p[@id='add_to_cart']/button[@name='Submit']]<br/>
Clicked on: [[ChromeDriver: chrome on XP (d0084a2b532de93847ae017998a27b69)] -> xpath: //p[@id='add_to_cart']/button[@name='Submit']]<br/>
Found element By: By.xpath: //p[@id='add_to_cart']/button[@name='Submit']<br/>
Clicked on add to cart button and object is Add to cart<br/>
</div>
</td>
<td></td>
<td>3</td>
<td>com.test.automation.uiAutomation.addToCart.TC001_VerifyAddToCart@4e928fbf</td></tr>
</table><p>
</body>
</html>