<?xml version="1.0" encoding="UTF-8"?>
<!-- Generated by org.testng.reporters.JUnitXMLReporter -->
<testsuite ignored="0" hostname="HIMANI" failures="1" tests="2" name="AddToCartTest" time="267.837" errors="0" timestamp="06 Feb 2019 14:30:57 GMT">
  <testcase classname="com.test.automation.uiAutomation.testBase.TestBase" name="@AfterMethod afterMethod" time="192.956">
    <failure type="java.lang.RuntimeException" message="Unexpected result for screenshot command: null">
      <![CDATA[java.lang.RuntimeException: Unexpected result for screenshot command: null
	at org.openqa.selenium.remote.RemoteWebDriver.getScreenshotAs(RemoteWebDriver.java:352)
	at org.openqa.selenium.support.events.EventFiringWebDriver$2.invoke(EventFiringWebDriver.java:108)
	at com.sun.proxy.$Proxy15.getScreenshotAs(Unknown Source)
	at org.openqa.selenium.support.events.EventFiringWebDriver.getScreenshotAs(EventFiringWebDriver.java:291)
	at com.test.automation.uiAutomation.testBase.TestBase.captureScreen(TestBase.java:148)
	at com.test.automation.uiAutomation.testBase.TestBase.getresult(TestBase.java:202)
	at com.test.automation.uiAutomation.testBase.TestBase.afterMethod(TestBase.java:220)
... Removed 31 stack frames]]>
    </failure>
  </testcase> <!-- @AfterMethod afterMethod -->
  <testcase classname="com.test.automation.uiAutomation.addToCart.TC001_VerifyAddToCart" name="VerifyAddToCart" time="3.198"/>
  <testcase classname="com.test.automation.uiAutomation.addToCart.TC002_VerifyTweetLink" name="VerifyTweetLink" time="42.388">
    <failure type="java.lang.AssertionError" message="expected:&amp;lt;true&amp;gt; but was:&amp;lt;false&amp;gt;">
      <![CDATA[java.lang.AssertionError: expected:<true> but was:<false>
	at org.junit.Assert.fail(Assert.java:88)
	at org.junit.Assert.failNotEquals(Assert.java:834)
	at org.junit.Assert.assertEquals(Assert.java:118)
	at org.junit.Assert.assertEquals(Assert.java:144)
	at com.test.automation.uiAutomation.addToCart.TC002_VerifyTweetLink.VerifyTweetLink(TC002_VerifyTweetLink.java:49)
... Removed 25 stack frames]]>
    </failure>
  </testcase> <!-- VerifyTweetLink -->
</testsuite> <!-- AddToCartTest -->
