<html>
<head>
<title>TestNG:  HomePageTest</title>
<link href="../testng.css" rel="stylesheet" type="text/css" />
<link href="../my-testng.css" rel="stylesheet" type="text/css" />

<style type="text/css">
.log { display: none;} 
.stack-trace { display: none;} 
</style>
<script type="text/javascript">
<!--
function flip(e) {
  current = e.style.display;
  if (current == 'block') {
    e.style.display = 'none';
    return 0;
  }
  else {
    e.style.display = 'block';
    return 1;
  }
}

function toggleBox(szDivId, elem, msg1, msg2)
{
  var res = -1;  if (document.getElementById) {
    res = flip(document.getElementById(szDivId));
  }
  else if (document.all) {
    // this is the way old msie versions work
    res = flip(document.all[szDivId]);
  }
  if(elem) {
    if(res == 0) elem.innerHTML = msg1; else elem.innerHTML = msg2;
  }

}

function toggleAllBoxes() {
  if (document.getElementsByTagName) {
    d = document.getElementsByTagName('div');
    for (i = 0; i < d.length; i++) {
      if (d[i].className == 'log') {
        flip(d[i]);
      }
    }
  }
}

// -->
</script>

</head>
<body>
<h2 align='center'>HomePageTest</h2><table border='1' align="center">
<tr>
<td>Tests passed/Failed/Skipped:</td><td>3/3/2</td>
</tr><tr>
<td>Started on:</td><td>Wed Feb 06 19:51:26 IST 2019</td>
</tr>
<tr><td>Total time:</td><td>301 seconds (301882 ms)</td>
</tr><tr>
<td>Included groups:</td><td></td>
</tr><tr>
<td>Excluded groups:</td><td></td>
</tr>
</table><p/>
<small><i>(Hover the method name to see the test class name)</i></small><p/>
<table width='100%' border='1' class='invocation-failed'>
<tr><td colspan='4' align='center'><b>FAILED TESTS</b></td></tr>
<tr><td><b>Test method</b></td>
<td width="30%"><b>Exception</b></td>
<td width="10%"><b>Time (seconds)</b></td>
<td><b>Instance</b></td>
</tr>
<tr>
<td title='com.test.automation.uiAutomation.homepage.TC003_VerifyLoginWithDifferentRecords.TestLogin()'><b>TestLogin</b><br>Test class: com.test.automation.uiAutomation.homepage.TC003_VerifyLoginWithDifferentRecords<br>Parameters: testautomation4@gmail.com, password@123, y<br/>
<a href="#Output-900073076" onClick='toggleBox("Output-900073076", this, "Show output", "Hide output");'>Show output</a>

<a href="#Output-900073076" onClick="toggleAllBoxes();">Show all outputs</a>
<div class='log' id="Output-900073076">
Found element By: By.xpath: //a[@class='login'][@title='Log in to your customer account']<br/>
Trying to click on: [[ChromeDriver: chrome on XP (4d78b6ab0cba0a7c4429c8479102fe35)] -> xpath: //a[@class='login'][@title='Log in to your customer account']]<br/>
Clicked on: [[ChromeDriver: chrome on XP (4d78b6ab0cba0a7c4429c8479102fe35)] -> xpath: //a[@class='login'][@title='Log in to your customer account']]<br/>
Found element By: By.xpath: //a[@class='login'][@title='Log in to your customer account']<br/>
Clicked on SignIn and object is [[ChromeDriver: chrome on XP (4d78b6ab0cba0a7c4429c8479102fe35)] -> xpath: //a[@class='login'][@title='Log in to your customer account']]<br/>
Found element By: By.xpath: //input[@id='email']<br/>
Element value changed to: [[ChromeDriver: chrome on XP (4d78b6ab0cba0a7c4429c8479102fe35)] -> xpath: //input[@id='email']]<br/>
Found element By: By.xpath: //input[@id='email']<br/>
Entered email address: testautomation4@gmail.com and object is [[ChromeDriver: chrome on XP (4d78b6ab0cba0a7c4429c8479102fe35)] -> xpath: //input[@id='email']]<br/>
Found element By: By.xpath: //input[@id='passwd']<br/>
Element value changed to: [[ChromeDriver: chrome on XP (4d78b6ab0cba0a7c4429c8479102fe35)] -> xpath: //input[@id='passwd']]<br/>
Found element By: By.xpath: //input[@id='passwd']<br/>
Entered password: password@123 and object is [[ChromeDriver: chrome on XP (4d78b6ab0cba0a7c4429c8479102fe35)] -> xpath: //input[@id='passwd']]<br/>
Found element By: By.xpath: //button[@id='SubmitLogin']<br/>
Trying to click on: [[ChromeDriver: chrome on XP (4d78b6ab0cba0a7c4429c8479102fe35)] -> xpath: //button[@id='SubmitLogin']]<br/>
Clicked on: [[ChromeDriver: chrome on XP (4d78b6ab0cba0a7c4429c8479102fe35)] -> xpath: //button[@id='SubmitLogin']]<br/>
Found element By: By.xpath: //button[@id='SubmitLogin']<br/>
Clicked on submit button and object is [[ChromeDriver: chrome on XP (4d78b6ab0cba0a7c4429c8479102fe35)] -> xpath: //button[@id='SubmitLogin']]<br/>
Found element By: By.xpath: //div[@id='center_column']/h1<br/>
User has successfully logged into his/her account<br/>
<a href='C:\Automation\Jan18\FirstMavenProject\uiAutomation\src\main\java\com\test\automation\uiAutomation\screenshot\testLogin_testautomation4@gmail.com_06_02_2019_07_54_16.png'><img src='C:\Automation\Jan18\FirstMavenProject\uiAutomation\src\main\java\com\test\automation\uiAutomation\screenshot\testLogin_testautomation4@gmail.com_06_02_2019_07_54_16.png' height='100' width='100'/> </a><br/>
Exception occured: org.openqa.selenium.NoSuchElementException: no such element: Unable to locate element: {"method":"xpath","selector":"//a[@class='logout']"}
  (Session info: chrome=71.0.3578.98)
  (Driver info: chromedriver=2.35.528161 (5b82f2d2aae0ca24b877009200ced9065a772e73),platform=Windows NT 10.0.17134 x86_64) (WARNING: The server did not provide any stacktrace information)
Command duration or timeout: 0 milliseconds
For documentation on this error, please visit: http://seleniumhq.org/exceptions/no_such_element.html
Build info: version: '3.8.1', revision: '6e95a6684b', time: '2017-12-01T18:33:54.468Z'
System info: host: 'HIMANI', ip: '192.168.1.5', os.name: 'Windows 10', os.arch: 'amd64', os.version: '10.0', java.version: '9.0.4'
Driver info: org.openqa.selenium.chrome.ChromeDriver
Capabilities {acceptInsecureCerts: false, acceptSslCerts: false, applicationCacheEnabled: false, browserConnectionEnabled: false, browserName: chrome, chrome: {chromedriverVersion: 2.35.528161 (5b82f2d2aae0ca..., userDataDir: C:\Users\Himani\AppData\Loc...}, cssSelectorsEnabled: true, databaseEnabled: false, handlesAlerts: true, hasTouchScreen: false, javascriptEnabled: true, locationContextEnabled: true, mobileEmulationEnabled: false, nativeEvents: true, networkConnectionEnabled: false, pageLoadStrategy: normal, platform: XP, platformName: XP, rotatable: false, setWindowRect: true, takesHeapSnapshot: true, takesScreenshot: true, unexpectedAlertBehaviour: , unhandledPromptBehavior: , version: 71.0.3578.98, webStorageEnabled: true}
Session ID: 4d78b6ab0cba0a7c4429c8479102fe35
*** Element info: {Using=xpath, value=//a[@class='logout']}<br/>
Exception occured: <br/>
</div>
</td>
<td><div><pre>org.openqa.selenium.NoSuchElementException: no such element: Unable to locate element: {&quot;method&quot;:&quot;xpath&quot;,&quot;selector&quot;:&quot;//a[@class=&apos;logout&apos;]&quot;}
  (Session info: chrome=71.0.3578.98)
  (Driver info: chromedriver=2.35.528161 (5b82f2d2aae0ca24b877009200ced9065a772e73),platform=Windows NT 10.0.17134 x86_64) (WARNING: The server did not provide any stacktrace information)
Command duration or timeout: 0 milliseconds
For documentation on this error, please visit: http://seleniumhq.org/exceptions/no_such_element.html
Build info: version: &apos;3.8.1&apos;, revision: &apos;6e95a6684b&apos;, time: &apos;2017-12-01T18:33:54.468Z&apos;
System info: host: &apos;HIMANI&apos;, ip: &apos;192.168.1.5&apos;, os.name: &apos;Windows 10&apos;, os.arch: &apos;amd64&apos;, os.version: &apos;10.0&apos;, java.version: &apos;9.0.4&apos;
Driver info: org.openqa.selenium.chrome.ChromeDriver
Capabilities {acceptInsecureCerts: false, acceptSslCerts: false, applicationCacheEnabled: false, browserConnectionEnabled: false, browserName: chrome, chrome: {chromedriverVersion: 2.35.528161 (5b82f2d2aae0ca..., userDataDir: C:\Users\Himani\AppData\Loc...}, cssSelectorsEnabled: true, databaseEnabled: false, handlesAlerts: true, hasTouchScreen: false, javascriptEnabled: true, locationContextEnabled: true, mobileEmulationEnabled: false, nativeEvents: true, networkConnectionEnabled: false, pageLoadStrategy: normal, platform: XP, platformName: XP, rotatable: false, setWindowRect: true, takesHeapSnapshot: true, takesScreenshot: true, unexpectedAlertBehaviour: , unhandledPromptBehavior: , version: 71.0.3578.98, webStorageEnabled: true}
Session ID: 4d78b6ab0cba0a7c4429c8479102fe35
*** Element info: {Using=xpath, value=//a[@class=&apos;logout&apos;]}
	at org.openqa.selenium.remote.ErrorHandler.createThrowable(ErrorHandler.java:214)
	at org.openqa.selenium.remote.ErrorHandler.throwIfResponseFailed(ErrorHandler.java:166)
	at org.openqa.selenium.remote.http.JsonHttpResponseCodec.reconstructValue(JsonHttpResponseCodec.java:40)
	at org.openqa.selenium.remote.http.AbstractHttpResponseCodec.decode(AbstractHttpResponseCodec.java:80)
	at org.openqa.selenium.remote.http.AbstractHttpResponseCodec.decode(AbstractHttpResponseCodec.java:44)
	at org.openqa.selenium.remote.HttpCommandExecutor.execute(HttpCommandExecutor.java:164)
	at org.openqa.selenium.remote.service.DriverCommandExecutor.execute(DriverCommandExecutor.java:83)
	at org.openqa.selenium.remote.RemoteWebDriver.execute(RemoteWebDriver.java:601)
	at org.openqa.selenium.remote.RemoteWebDriver.findElement(RemoteWebDriver.java:371)
	at org.openqa.selenium.remote.RemoteWebDriver.findElementByXPath(RemoteWebDriver.java:473)
	at org.openqa.selenium.By$ByXPath.findElement(By.java:361)
	at org.openqa.selenium.remote.RemoteWebDriver.findElement(RemoteWebDriver.java:363)
	at org.openqa.selenium.support.events.EventFiringWebDriver$2.invoke(EventFiringWebDriver.java:108)
	at com.sun.proxy.$Proxy15.findElement(Unknown Source)
	at org.openqa.selenium.support.events.EventFiringWebDriver.findElement(EventFiringWebDriver.java:192)
	at org.openqa.selenium.support.pagefactory.DefaultElementLocator.findElement(DefaultElementLocator.java:69)
	at org.openqa.selenium.support.pagefactory.internal.LocatingElementHandler.invoke(LocatingElementHandler.java:38)
	at com.sun.proxy.$Proxy19.click(Unknown Source)
	at com.test.automation.uiAutomation.uiActions.HomePage.logOutAccount(HomePage.java:209)
	at com.test.automation.uiAutomation.homepage.TC003_VerifyLoginWithDifferentRecords.TestLogin(TC003_VerifyLoginWithDifferentRecords.java:53)
... Removed 32 stack frames</pre></div><a href='#' onClick='toggleBox("stack-trace900073076", this, "Click to show all stack frames", "Click to hide stack frames")'>Click to show all stack frames</a>
<div class='stack-trace' id='stack-trace900073076'><pre>org.openqa.selenium.NoSuchElementException: no such element: Unable to locate element: {&quot;method&quot;:&quot;xpath&quot;,&quot;selector&quot;:&quot;//a[@class=&apos;logout&apos;]&quot;}
  (Session info: chrome=71.0.3578.98)
  (Driver info: chromedriver=2.35.528161 (5b82f2d2aae0ca24b877009200ced9065a772e73),platform=Windows NT 10.0.17134 x86_64) (WARNING: The server did not provide any stacktrace information)
Command duration or timeout: 0 milliseconds
For documentation on this error, please visit: http://seleniumhq.org/exceptions/no_such_element.html
Build info: version: &apos;3.8.1&apos;, revision: &apos;6e95a6684b&apos;, time: &apos;2017-12-01T18:33:54.468Z&apos;
System info: host: &apos;HIMANI&apos;, ip: &apos;192.168.1.5&apos;, os.name: &apos;Windows 10&apos;, os.arch: &apos;amd64&apos;, os.version: &apos;10.0&apos;, java.version: &apos;9.0.4&apos;
Driver info: org.openqa.selenium.chrome.ChromeDriver
Capabilities {acceptInsecureCerts: false, acceptSslCerts: false, applicationCacheEnabled: false, browserConnectionEnabled: false, browserName: chrome, chrome: {chromedriverVersion: 2.35.528161 (5b82f2d2aae0ca..., userDataDir: C:\Users\Himani\AppData\Loc...}, cssSelectorsEnabled: true, databaseEnabled: false, handlesAlerts: true, hasTouchScreen: false, javascriptEnabled: true, locationContextEnabled: true, mobileEmulationEnabled: false, nativeEvents: true, networkConnectionEnabled: false, pageLoadStrategy: normal, platform: XP, platformName: XP, rotatable: false, setWindowRect: true, takesHeapSnapshot: true, takesScreenshot: true, unexpectedAlertBehaviour: , unhandledPromptBehavior: , version: 71.0.3578.98, webStorageEnabled: true}
Session ID: 4d78b6ab0cba0a7c4429c8479102fe35
*** Element info: {Using=xpath, value=//a[@class=&apos;logout&apos;]}
	at java.base/jdk.internal.reflect.NativeConstructorAccessorImpl.newInstance0(Native Method)
	at java.base/jdk.internal.reflect.NativeConstructorAccessorImpl.newInstance(Unknown Source)
	at java.base/jdk.internal.reflect.DelegatingConstructorAccessorImpl.newInstance(Unknown Source)
	at java.base/java.lang.reflect.Constructor.newInstance(Unknown Source)
	at org.openqa.selenium.remote.ErrorHandler.createThrowable(ErrorHandler.java:214)
	at org.openqa.selenium.remote.ErrorHandler.throwIfResponseFailed(ErrorHandler.java:166)
	at org.openqa.selenium.remote.http.JsonHttpResponseCodec.reconstructValue(JsonHttpResponseCodec.java:40)
	at org.openqa.selenium.remote.http.AbstractHttpResponseCodec.decode(AbstractHttpResponseCodec.java:80)
	at org.openqa.selenium.remote.http.AbstractHttpResponseCodec.decode(AbstractHttpResponseCodec.java:44)
	at org.openqa.selenium.remote.HttpCommandExecutor.execute(HttpCommandExecutor.java:164)
	at org.openqa.selenium.remote.service.DriverCommandExecutor.execute(DriverCommandExecutor.java:83)
	at org.openqa.selenium.remote.RemoteWebDriver.execute(RemoteWebDriver.java:601)
	at org.openqa.selenium.remote.RemoteWebDriver.findElement(RemoteWebDriver.java:371)
	at org.openqa.selenium.remote.RemoteWebDriver.findElementByXPath(RemoteWebDriver.java:473)
	at org.openqa.selenium.By$ByXPath.findElement(By.java:361)
	at org.openqa.selenium.remote.RemoteWebDriver.findElement(RemoteWebDriver.java:363)
	at jdk.internal.reflect.GeneratedMethodAccessor8.invoke(Unknown Source)
	at java.base/jdk.internal.reflect.DelegatingMethodAccessorImpl.invoke(Unknown Source)
	at java.base/java.lang.reflect.Method.invoke(Unknown Source)
	at org.openqa.selenium.support.events.EventFiringWebDriver$2.invoke(EventFiringWebDriver.java:108)
	at com.sun.proxy.$Proxy15.findElement(Unknown Source)
	at org.openqa.selenium.support.events.EventFiringWebDriver.findElement(EventFiringWebDriver.java:192)
	at org.openqa.selenium.support.pagefactory.DefaultElementLocator.findElement(DefaultElementLocator.java:69)
	at org.openqa.selenium.support.pagefactory.internal.LocatingElementHandler.invoke(LocatingElementHandler.java:38)
	at com.sun.proxy.$Proxy19.click(Unknown Source)
	at com.test.automation.uiAutomation.uiActions.HomePage.logOutAccount(HomePage.java:209)
	at com.test.automation.uiAutomation.homepage.TC003_VerifyLoginWithDifferentRecords.TestLogin(TC003_VerifyLoginWithDifferentRecords.java:53)
	at java.base/jdk.internal.reflect.NativeMethodAccessorImpl.invoke0(Native Method)
	at java.base/jdk.internal.reflect.NativeMethodAccessorImpl.invoke(Unknown Source)
	at java.base/jdk.internal.reflect.DelegatingMethodAccessorImpl.invoke(Unknown Source)
	at java.base/java.lang.reflect.Method.invoke(Unknown Source)
	at org.testng.internal.MethodInvocationHelper.invokeMethod(MethodInvocationHelper.java:108)
	at org.testng.internal.Invoker.invokeMethod(Invoker.java:661)
	at org.testng.internal.Invoker.invokeTestMethod(Invoker.java:869)
	at org.testng.internal.Invoker.invokeTestMethods(Invoker.java:1193)
	at org.testng.internal.TestMethodWorker.invokeTestMethods(TestMethodWorker.java:126)
	at org.testng.internal.TestMethodWorker.run(TestMethodWorker.java:109)
	at org.testng.TestRunner.privateRun(TestRunner.java:744)
	at org.testng.TestRunner.run(TestRunner.java:602)
	at org.testng.SuiteRunner.runTest(SuiteRunner.java:380)
	at org.testng.SuiteRunner.runSequentially(SuiteRunner.java:375)
	at org.testng.SuiteRunner.privateRun(SuiteRunner.java:340)
	at org.testng.SuiteRunner.run(SuiteRunner.java:289)
	at org.testng.SuiteRunnerWorker.runSuite(SuiteRunnerWorker.java:52)
	at org.testng.SuiteRunnerWorker.run(SuiteRunnerWorker.java:86)
	at org.testng.TestNG.runSuitesSequentially(TestNG.java:1301)
	at org.testng.TestNG.runSuitesLocally(TestNG.java:1226)
	at org.testng.TestNG.runSuites(TestNG.java:1144)
	at org.testng.TestNG.run(TestNG.java:1115)
	at org.testng.remote.AbstractRemoteTestNG.run(AbstractRemoteTestNG.java:114)
	at org.testng.remote.RemoteTestNG.initAndRun(RemoteTestNG.java:251)
	at org.testng.remote.RemoteTestNG.main(RemoteTestNG.java:77)
</pre></div></td>
<td>38</td>
<td>com.test.automation.uiAutomation.homepage.TC003_VerifyLoginWithDifferentRecords@2bec854f</td></tr>
<tr>
<td title='com.test.automation.uiAutomation.homepage.TC003_VerifyLoginWithDifferentRecords.TestLogin()'><b>TestLogin</b><br>Test class: com.test.automation.uiAutomation.homepage.TC003_VerifyLoginWithDifferentRecords<br>Parameters: testautomation5@gmail.com, password@123, y<br/>
<a href="#Output-204078646" onClick='toggleBox("Output-204078646", this, "Show output", "Hide output");'>Show output</a>

<a href="#Output-204078646" onClick="toggleAllBoxes();">Show all outputs</a>
<div class='log' id="Output-204078646">
Found element By: By.xpath: //a[@class='login'][@title='Log in to your customer account']<br/>
Trying to click on: [[ChromeDriver: chrome on XP (4d78b6ab0cba0a7c4429c8479102fe35)] -> xpath: //a[@class='login'][@title='Log in to your customer account']]<br/>
Clicked on: [[ChromeDriver: chrome on XP (4d78b6ab0cba0a7c4429c8479102fe35)] -> xpath: //a[@class='login'][@title='Log in to your customer account']]<br/>
Found element By: By.xpath: //a[@class='login'][@title='Log in to your customer account']<br/>
Clicked on SignIn and object is [[ChromeDriver: chrome on XP (4d78b6ab0cba0a7c4429c8479102fe35)] -> xpath: //a[@class='login'][@title='Log in to your customer account']]<br/>
Found element By: By.xpath: //input[@id='email']<br/>
Element value changed to: [[ChromeDriver: chrome on XP (4d78b6ab0cba0a7c4429c8479102fe35)] -> xpath: //input[@id='email']]<br/>
Found element By: By.xpath: //input[@id='email']<br/>
Entered email address: testautomation5@gmail.com and object is [[ChromeDriver: chrome on XP (4d78b6ab0cba0a7c4429c8479102fe35)] -> xpath: //input[@id='email']]<br/>
Found element By: By.xpath: //input[@id='passwd']<br/>
Element value changed to: [[ChromeDriver: chrome on XP (4d78b6ab0cba0a7c4429c8479102fe35)] -> xpath: //input[@id='passwd']]<br/>
Found element By: By.xpath: //input[@id='passwd']<br/>
Entered password: password@123 and object is [[ChromeDriver: chrome on XP (4d78b6ab0cba0a7c4429c8479102fe35)] -> xpath: //input[@id='passwd']]<br/>
Found element By: By.xpath: //button[@id='SubmitLogin']<br/>
Trying to click on: [[ChromeDriver: chrome on XP (4d78b6ab0cba0a7c4429c8479102fe35)] -> xpath: //button[@id='SubmitLogin']]<br/>
Clicked on: [[ChromeDriver: chrome on XP (4d78b6ab0cba0a7c4429c8479102fe35)] -> xpath: //button[@id='SubmitLogin']]<br/>
Found element By: By.xpath: //button[@id='SubmitLogin']<br/>
Clicked on submit button and object is [[ChromeDriver: chrome on XP (4d78b6ab0cba0a7c4429c8479102fe35)] -> xpath: //button[@id='SubmitLogin']]<br/>
Found element By: By.xpath: //div[@id='center_column']/h1<br/>
User has successfully logged into his/her account<br/>
<a href='C:\Automation\Jan18\FirstMavenProject\uiAutomation\src\main\java\com\test\automation\uiAutomation\screenshot\testLogin_testautomation5@gmail.com_06_02_2019_07_54_53.png'><img src='C:\Automation\Jan18\FirstMavenProject\uiAutomation\src\main\java\com\test\automation\uiAutomation\screenshot\testLogin_testautomation5@gmail.com_06_02_2019_07_54_53.png' height='100' width='100'/> </a><br/>
Exception occured: org.openqa.selenium.NoSuchElementException: no such element: Unable to locate element: {"method":"xpath","selector":"//a[@class='logout']"}
  (Session info: chrome=71.0.3578.98)
  (Driver info: chromedriver=2.35.528161 (5b82f2d2aae0ca24b877009200ced9065a772e73),platform=Windows NT 10.0.17134 x86_64) (WARNING: The server did not provide any stacktrace information)
Command duration or timeout: 0 milliseconds
For documentation on this error, please visit: http://seleniumhq.org/exceptions/no_such_element.html
Build info: version: '3.8.1', revision: '6e95a6684b', time: '2017-12-01T18:33:54.468Z'
System info: host: 'HIMANI', ip: '192.168.1.5', os.name: 'Windows 10', os.arch: 'amd64', os.version: '10.0', java.version: '9.0.4'
Driver info: org.openqa.selenium.chrome.ChromeDriver
Capabilities {acceptInsecureCerts: false, acceptSslCerts: false, applicationCacheEnabled: false, browserConnectionEnabled: false, browserName: chrome, chrome: {chromedriverVersion: 2.35.528161 (5b82f2d2aae0ca..., userDataDir: C:\Users\Himani\AppData\Loc...}, cssSelectorsEnabled: true, databaseEnabled: false, handlesAlerts: true, hasTouchScreen: false, javascriptEnabled: true, locationContextEnabled: true, mobileEmulationEnabled: false, nativeEvents: true, networkConnectionEnabled: false, pageLoadStrategy: normal, platform: XP, platformName: XP, rotatable: false, setWindowRect: true, takesHeapSnapshot: true, takesScreenshot: true, unexpectedAlertBehaviour: , unhandledPromptBehavior: , version: 71.0.3578.98, webStorageEnabled: true}
Session ID: 4d78b6ab0cba0a7c4429c8479102fe35
*** Element info: {Using=xpath, value=//a[@class='logout']}<br/>
Exception occured: <br/>
</div>
</td>
<td><div><pre>org.openqa.selenium.NoSuchElementException: no such element: Unable to locate element: {&quot;method&quot;:&quot;xpath&quot;,&quot;selector&quot;:&quot;//a[@class=&apos;logout&apos;]&quot;}
  (Session info: chrome=71.0.3578.98)
  (Driver info: chromedriver=2.35.528161 (5b82f2d2aae0ca24b877009200ced9065a772e73),platform=Windows NT 10.0.17134 x86_64) (WARNING: The server did not provide any stacktrace information)
Command duration or timeout: 0 milliseconds
For documentation on this error, please visit: http://seleniumhq.org/exceptions/no_such_element.html
Build info: version: &apos;3.8.1&apos;, revision: &apos;6e95a6684b&apos;, time: &apos;2017-12-01T18:33:54.468Z&apos;
System info: host: &apos;HIMANI&apos;, ip: &apos;192.168.1.5&apos;, os.name: &apos;Windows 10&apos;, os.arch: &apos;amd64&apos;, os.version: &apos;10.0&apos;, java.version: &apos;9.0.4&apos;
Driver info: org.openqa.selenium.chrome.ChromeDriver
Capabilities {acceptInsecureCerts: false, acceptSslCerts: false, applicationCacheEnabled: false, browserConnectionEnabled: false, browserName: chrome, chrome: {chromedriverVersion: 2.35.528161 (5b82f2d2aae0ca..., userDataDir: C:\Users\Himani\AppData\Loc...}, cssSelectorsEnabled: true, databaseEnabled: false, handlesAlerts: true, hasTouchScreen: false, javascriptEnabled: true, locationContextEnabled: true, mobileEmulationEnabled: false, nativeEvents: true, networkConnectionEnabled: false, pageLoadStrategy: normal, platform: XP, platformName: XP, rotatable: false, setWindowRect: true, takesHeapSnapshot: true, takesScreenshot: true, unexpectedAlertBehaviour: , unhandledPromptBehavior: , version: 71.0.3578.98, webStorageEnabled: true}
Session ID: 4d78b6ab0cba0a7c4429c8479102fe35
*** Element info: {Using=xpath, value=//a[@class=&apos;logout&apos;]}
	at org.openqa.selenium.remote.ErrorHandler.createThrowable(ErrorHandler.java:214)
	at org.openqa.selenium.remote.ErrorHandler.throwIfResponseFailed(ErrorHandler.java:166)
	at org.openqa.selenium.remote.http.JsonHttpResponseCodec.reconstructValue(JsonHttpResponseCodec.java:40)
	at org.openqa.selenium.remote.http.AbstractHttpResponseCodec.decode(AbstractHttpResponseCodec.java:80)
	at org.openqa.selenium.remote.http.AbstractHttpResponseCodec.decode(AbstractHttpResponseCodec.java:44)
	at org.openqa.selenium.remote.HttpCommandExecutor.execute(HttpCommandExecutor.java:164)
	at org.openqa.selenium.remote.service.DriverCommandExecutor.execute(DriverCommandExecutor.java:83)
	at org.openqa.selenium.remote.RemoteWebDriver.execute(RemoteWebDriver.java:601)
	at org.openqa.selenium.remote.RemoteWebDriver.findElement(RemoteWebDriver.java:371)
	at org.openqa.selenium.remote.RemoteWebDriver.findElementByXPath(RemoteWebDriver.java:473)
	at org.openqa.selenium.By$ByXPath.findElement(By.java:361)
	at org.openqa.selenium.remote.RemoteWebDriver.findElement(RemoteWebDriver.java:363)
	at org.openqa.selenium.support.events.EventFiringWebDriver$2.invoke(EventFiringWebDriver.java:108)
	at com.sun.proxy.$Proxy15.findElement(Unknown Source)
	at org.openqa.selenium.support.events.EventFiringWebDriver.findElement(EventFiringWebDriver.java:192)
	at org.openqa.selenium.support.pagefactory.DefaultElementLocator.findElement(DefaultElementLocator.java:69)
	at org.openqa.selenium.support.pagefactory.internal.LocatingElementHandler.invoke(LocatingElementHandler.java:38)
	at com.sun.proxy.$Proxy19.click(Unknown Source)
	at com.test.automation.uiAutomation.uiActions.HomePage.logOutAccount(HomePage.java:209)
	at com.test.automation.uiAutomation.homepage.TC003_VerifyLoginWithDifferentRecords.TestLogin(TC003_VerifyLoginWithDifferentRecords.java:53)
... Removed 32 stack frames</pre></div><a href='#' onClick='toggleBox("stack-trace204078646", this, "Click to show all stack frames", "Click to hide stack frames")'>Click to show all stack frames</a>
<div class='stack-trace' id='stack-trace204078646'><pre>org.openqa.selenium.NoSuchElementException: no such element: Unable to locate element: {&quot;method&quot;:&quot;xpath&quot;,&quot;selector&quot;:&quot;//a[@class=&apos;logout&apos;]&quot;}
  (Session info: chrome=71.0.3578.98)
  (Driver info: chromedriver=2.35.528161 (5b82f2d2aae0ca24b877009200ced9065a772e73),platform=Windows NT 10.0.17134 x86_64) (WARNING: The server did not provide any stacktrace information)
Command duration or timeout: 0 milliseconds
For documentation on this error, please visit: http://seleniumhq.org/exceptions/no_such_element.html
Build info: version: &apos;3.8.1&apos;, revision: &apos;6e95a6684b&apos;, time: &apos;2017-12-01T18:33:54.468Z&apos;
System info: host: &apos;HIMANI&apos;, ip: &apos;192.168.1.5&apos;, os.name: &apos;Windows 10&apos;, os.arch: &apos;amd64&apos;, os.version: &apos;10.0&apos;, java.version: &apos;9.0.4&apos;
Driver info: org.openqa.selenium.chrome.ChromeDriver
Capabilities {acceptInsecureCerts: false, acceptSslCerts: false, applicationCacheEnabled: false, browserConnectionEnabled: false, browserName: chrome, chrome: {chromedriverVersion: 2.35.528161 (5b82f2d2aae0ca..., userDataDir: C:\Users\Himani\AppData\Loc...}, cssSelectorsEnabled: true, databaseEnabled: false, handlesAlerts: true, hasTouchScreen: false, javascriptEnabled: true, locationContextEnabled: true, mobileEmulationEnabled: false, nativeEvents: true, networkConnectionEnabled: false, pageLoadStrategy: normal, platform: XP, platformName: XP, rotatable: false, setWindowRect: true, takesHeapSnapshot: true, takesScreenshot: true, unexpectedAlertBehaviour: , unhandledPromptBehavior: , version: 71.0.3578.98, webStorageEnabled: true}
Session ID: 4d78b6ab0cba0a7c4429c8479102fe35
*** Element info: {Using=xpath, value=//a[@class=&apos;logout&apos;]}
	at java.base/jdk.internal.reflect.NativeConstructorAccessorImpl.newInstance0(Native Method)
	at java.base/jdk.internal.reflect.NativeConstructorAccessorImpl.newInstance(Unknown Source)
	at java.base/jdk.internal.reflect.DelegatingConstructorAccessorImpl.newInstance(Unknown Source)
	at java.base/java.lang.reflect.Constructor.newInstance(Unknown Source)
	at org.openqa.selenium.remote.ErrorHandler.createThrowable(ErrorHandler.java:214)
	at org.openqa.selenium.remote.ErrorHandler.throwIfResponseFailed(ErrorHandler.java:166)
	at org.openqa.selenium.remote.http.JsonHttpResponseCodec.reconstructValue(JsonHttpResponseCodec.java:40)
	at org.openqa.selenium.remote.http.AbstractHttpResponseCodec.decode(AbstractHttpResponseCodec.java:80)
	at org.openqa.selenium.remote.http.AbstractHttpResponseCodec.decode(AbstractHttpResponseCodec.java:44)
	at org.openqa.selenium.remote.HttpCommandExecutor.execute(HttpCommandExecutor.java:164)
	at org.openqa.selenium.remote.service.DriverCommandExecutor.execute(DriverCommandExecutor.java:83)
	at org.openqa.selenium.remote.RemoteWebDriver.execute(RemoteWebDriver.java:601)
	at org.openqa.selenium.remote.RemoteWebDriver.findElement(RemoteWebDriver.java:371)
	at org.openqa.selenium.remote.RemoteWebDriver.findElementByXPath(RemoteWebDriver.java:473)
	at org.openqa.selenium.By$ByXPath.findElement(By.java:361)
	at org.openqa.selenium.remote.RemoteWebDriver.findElement(RemoteWebDriver.java:363)
	at jdk.internal.reflect.GeneratedMethodAccessor8.invoke(Unknown Source)
	at java.base/jdk.internal.reflect.DelegatingMethodAccessorImpl.invoke(Unknown Source)
	at java.base/java.lang.reflect.Method.invoke(Unknown Source)
	at org.openqa.selenium.support.events.EventFiringWebDriver$2.invoke(EventFiringWebDriver.java:108)
	at com.sun.proxy.$Proxy15.findElement(Unknown Source)
	at org.openqa.selenium.support.events.EventFiringWebDriver.findElement(EventFiringWebDriver.java:192)
	at org.openqa.selenium.support.pagefactory.DefaultElementLocator.findElement(DefaultElementLocator.java:69)
	at org.openqa.selenium.support.pagefactory.internal.LocatingElementHandler.invoke(LocatingElementHandler.java:38)
	at com.sun.proxy.$Proxy19.click(Unknown Source)
	at com.test.automation.uiAutomation.uiActions.HomePage.logOutAccount(HomePage.java:209)
	at com.test.automation.uiAutomation.homepage.TC003_VerifyLoginWithDifferentRecords.TestLogin(TC003_VerifyLoginWithDifferentRecords.java:53)
	at java.base/jdk.internal.reflect.NativeMethodAccessorImpl.invoke0(Native Method)
	at java.base/jdk.internal.reflect.NativeMethodAccessorImpl.invoke(Unknown Source)
	at java.base/jdk.internal.reflect.DelegatingMethodAccessorImpl.invoke(Unknown Source)
	at java.base/java.lang.reflect.Method.invoke(Unknown Source)
	at org.testng.internal.MethodInvocationHelper.invokeMethod(MethodInvocationHelper.java:108)
	at org.testng.internal.Invoker.invokeMethod(Invoker.java:661)
	at org.testng.internal.Invoker.invokeTestMethod(Invoker.java:869)
	at org.testng.internal.Invoker.invokeTestMethods(Invoker.java:1193)
	at org.testng.internal.TestMethodWorker.invokeTestMethods(TestMethodWorker.java:126)
	at org.testng.internal.TestMethodWorker.run(TestMethodWorker.java:109)
	at org.testng.TestRunner.privateRun(TestRunner.java:744)
	at org.testng.TestRunner.run(TestRunner.java:602)
	at org.testng.SuiteRunner.runTest(SuiteRunner.java:380)
	at org.testng.SuiteRunner.runSequentially(SuiteRunner.java:375)
	at org.testng.SuiteRunner.privateRun(SuiteRunner.java:340)
	at org.testng.SuiteRunner.run(SuiteRunner.java:289)
	at org.testng.SuiteRunnerWorker.runSuite(SuiteRunnerWorker.java:52)
	at org.testng.SuiteRunnerWorker.run(SuiteRunnerWorker.java:86)
	at org.testng.TestNG.runSuitesSequentially(TestNG.java:1301)
	at org.testng.TestNG.runSuitesLocally(TestNG.java:1226)
	at org.testng.TestNG.runSuites(TestNG.java:1144)
	at org.testng.TestNG.run(TestNG.java:1115)
	at org.testng.remote.AbstractRemoteTestNG.run(AbstractRemoteTestNG.java:114)
	at org.testng.remote.RemoteTestNG.initAndRun(RemoteTestNG.java:251)
	at org.testng.remote.RemoteTestNG.main(RemoteTestNG.java:77)
</pre></div></td>
<td>35</td>
<td>com.test.automation.uiAutomation.homepage.TC003_VerifyLoginWithDifferentRecords@2bec854f</td></tr>
<tr>
<td title='com.test.automation.uiAutomation.homepage.TC003_VerifyLoginWithDifferentRecords.TestLogin()'><b>TestLogin</b><br>Test class: com.test.automation.uiAutomation.homepage.TC003_VerifyLoginWithDifferentRecords<br>Parameters: testautomation6@gmail.com, password@123, y<br/>
<a href="#Output-995911260" onClick='toggleBox("Output-995911260", this, "Show output", "Hide output");'>Show output</a>

<a href="#Output-995911260" onClick="toggleAllBoxes();">Show all outputs</a>
<div class='log' id="Output-995911260">
Found element By: By.xpath: //a[@class='login'][@title='Log in to your customer account']<br/>
Trying to click on: [[ChromeDriver: chrome on XP (4d78b6ab0cba0a7c4429c8479102fe35)] -> xpath: //a[@class='login'][@title='Log in to your customer account']]<br/>
Clicked on: [[ChromeDriver: chrome on XP (4d78b6ab0cba0a7c4429c8479102fe35)] -> xpath: //a[@class='login'][@title='Log in to your customer account']]<br/>
Found element By: By.xpath: //a[@class='login'][@title='Log in to your customer account']<br/>
Clicked on SignIn and object is [[ChromeDriver: chrome on XP (4d78b6ab0cba0a7c4429c8479102fe35)] -> xpath: //a[@class='login'][@title='Log in to your customer account']]<br/>
Found element By: By.xpath: //input[@id='email']<br/>
Element value changed to: [[ChromeDriver: chrome on XP (4d78b6ab0cba0a7c4429c8479102fe35)] -> xpath: //input[@id='email']]<br/>
Found element By: By.xpath: //input[@id='email']<br/>
Entered email address: testautomation6@gmail.com and object is [[ChromeDriver: chrome on XP (4d78b6ab0cba0a7c4429c8479102fe35)] -> xpath: //input[@id='email']]<br/>
Found element By: By.xpath: //input[@id='passwd']<br/>
Element value changed to: [[ChromeDriver: chrome on XP (4d78b6ab0cba0a7c4429c8479102fe35)] -> xpath: //input[@id='passwd']]<br/>
Found element By: By.xpath: //input[@id='passwd']<br/>
Entered password: password@123 and object is [[ChromeDriver: chrome on XP (4d78b6ab0cba0a7c4429c8479102fe35)] -> xpath: //input[@id='passwd']]<br/>
Found element By: By.xpath: //button[@id='SubmitLogin']<br/>
Trying to click on: [[ChromeDriver: chrome on XP (4d78b6ab0cba0a7c4429c8479102fe35)] -> xpath: //button[@id='SubmitLogin']]<br/>
Clicked on: [[ChromeDriver: chrome on XP (4d78b6ab0cba0a7c4429c8479102fe35)] -> xpath: //button[@id='SubmitLogin']]<br/>
Found element By: By.xpath: //button[@id='SubmitLogin']<br/>
Clicked on submit button and object is [[ChromeDriver: chrome on XP (4d78b6ab0cba0a7c4429c8479102fe35)] -> xpath: //button[@id='SubmitLogin']]<br/>
Found element By: By.xpath: //div[@id='center_column']/h1<br/>
User has successfully logged into his/her account<br/>
<a href='C:\Automation\Jan18\FirstMavenProject\uiAutomation\src\main\java\com\test\automation\uiAutomation\screenshot\testLogin_testautomation6@gmail.com_06_02_2019_07_55_28.png'><img src='C:\Automation\Jan18\FirstMavenProject\uiAutomation\src\main\java\com\test\automation\uiAutomation\screenshot\testLogin_testautomation6@gmail.com_06_02_2019_07_55_28.png' height='100' width='100'/> </a><br/>
Exception occured: org.openqa.selenium.NoSuchElementException: no such element: Unable to locate element: {"method":"xpath","selector":"//a[@class='logout']"}
  (Session info: chrome=71.0.3578.98)
  (Driver info: chromedriver=2.35.528161 (5b82f2d2aae0ca24b877009200ced9065a772e73),platform=Windows NT 10.0.17134 x86_64) (WARNING: The server did not provide any stacktrace information)
Command duration or timeout: 0 milliseconds
For documentation on this error, please visit: http://seleniumhq.org/exceptions/no_such_element.html
Build info: version: '3.8.1', revision: '6e95a6684b', time: '2017-12-01T18:33:54.468Z'
System info: host: 'HIMANI', ip: '192.168.1.5', os.name: 'Windows 10', os.arch: 'amd64', os.version: '10.0', java.version: '9.0.4'
Driver info: org.openqa.selenium.chrome.ChromeDriver
Capabilities {acceptInsecureCerts: false, acceptSslCerts: false, applicationCacheEnabled: false, browserConnectionEnabled: false, browserName: chrome, chrome: {chromedriverVersion: 2.35.528161 (5b82f2d2aae0ca..., userDataDir: C:\Users\Himani\AppData\Loc...}, cssSelectorsEnabled: true, databaseEnabled: false, handlesAlerts: true, hasTouchScreen: false, javascriptEnabled: true, locationContextEnabled: true, mobileEmulationEnabled: false, nativeEvents: true, networkConnectionEnabled: false, pageLoadStrategy: normal, platform: XP, platformName: XP, rotatable: false, setWindowRect: true, takesHeapSnapshot: true, takesScreenshot: true, unexpectedAlertBehaviour: , unhandledPromptBehavior: , version: 71.0.3578.98, webStorageEnabled: true}
Session ID: 4d78b6ab0cba0a7c4429c8479102fe35
*** Element info: {Using=xpath, value=//a[@class='logout']}<br/>
Exception occured: <br/>
</div>
</td>
<td><div><pre>org.openqa.selenium.NoSuchElementException: no such element: Unable to locate element: {&quot;method&quot;:&quot;xpath&quot;,&quot;selector&quot;:&quot;//a[@class=&apos;logout&apos;]&quot;}
  (Session info: chrome=71.0.3578.98)
  (Driver info: chromedriver=2.35.528161 (5b82f2d2aae0ca24b877009200ced9065a772e73),platform=Windows NT 10.0.17134 x86_64) (WARNING: The server did not provide any stacktrace information)
Command duration or timeout: 0 milliseconds
For documentation on this error, please visit: http://seleniumhq.org/exceptions/no_such_element.html
Build info: version: &apos;3.8.1&apos;, revision: &apos;6e95a6684b&apos;, time: &apos;2017-12-01T18:33:54.468Z&apos;
System info: host: &apos;HIMANI&apos;, ip: &apos;192.168.1.5&apos;, os.name: &apos;Windows 10&apos;, os.arch: &apos;amd64&apos;, os.version: &apos;10.0&apos;, java.version: &apos;9.0.4&apos;
Driver info: org.openqa.selenium.chrome.ChromeDriver
Capabilities {acceptInsecureCerts: false, acceptSslCerts: false, applicationCacheEnabled: false, browserConnectionEnabled: false, browserName: chrome, chrome: {chromedriverVersion: 2.35.528161 (5b82f2d2aae0ca..., userDataDir: C:\Users\Himani\AppData\Loc...}, cssSelectorsEnabled: true, databaseEnabled: false, handlesAlerts: true, hasTouchScreen: false, javascriptEnabled: true, locationContextEnabled: true, mobileEmulationEnabled: false, nativeEvents: true, networkConnectionEnabled: false, pageLoadStrategy: normal, platform: XP, platformName: XP, rotatable: false, setWindowRect: true, takesHeapSnapshot: true, takesScreenshot: true, unexpectedAlertBehaviour: , unhandledPromptBehavior: , version: 71.0.3578.98, webStorageEnabled: true}
Session ID: 4d78b6ab0cba0a7c4429c8479102fe35
*** Element info: {Using=xpath, value=//a[@class=&apos;logout&apos;]}
	at org.openqa.selenium.remote.ErrorHandler.createThrowable(ErrorHandler.java:214)
	at org.openqa.selenium.remote.ErrorHandler.throwIfResponseFailed(ErrorHandler.java:166)
	at org.openqa.selenium.remote.http.JsonHttpResponseCodec.reconstructValue(JsonHttpResponseCodec.java:40)
	at org.openqa.selenium.remote.http.AbstractHttpResponseCodec.decode(AbstractHttpResponseCodec.java:80)
	at org.openqa.selenium.remote.http.AbstractHttpResponseCodec.decode(AbstractHttpResponseCodec.java:44)
	at org.openqa.selenium.remote.HttpCommandExecutor.execute(HttpCommandExecutor.java:164)
	at org.openqa.selenium.remote.service.DriverCommandExecutor.execute(DriverCommandExecutor.java:83)
	at org.openqa.selenium.remote.RemoteWebDriver.execute(RemoteWebDriver.java:601)
	at org.openqa.selenium.remote.RemoteWebDriver.findElement(RemoteWebDriver.java:371)
	at org.openqa.selenium.remote.RemoteWebDriver.findElementByXPath(RemoteWebDriver.java:473)
	at org.openqa.selenium.By$ByXPath.findElement(By.java:361)
	at org.openqa.selenium.remote.RemoteWebDriver.findElement(RemoteWebDriver.java:363)
	at org.openqa.selenium.support.events.EventFiringWebDriver$2.invoke(EventFiringWebDriver.java:108)
	at com.sun.proxy.$Proxy15.findElement(Unknown Source)
	at org.openqa.selenium.support.events.EventFiringWebDriver.findElement(EventFiringWebDriver.java:192)
	at org.openqa.selenium.support.pagefactory.DefaultElementLocator.findElement(DefaultElementLocator.java:69)
	at org.openqa.selenium.support.pagefactory.internal.LocatingElementHandler.invoke(LocatingElementHandler.java:38)
	at com.sun.proxy.$Proxy19.click(Unknown Source)
	at com.test.automation.uiAutomation.uiActions.HomePage.logOutAccount(HomePage.java:209)
	at com.test.automation.uiAutomation.homepage.TC003_VerifyLoginWithDifferentRecords.TestLogin(TC003_VerifyLoginWithDifferentRecords.java:53)
... Removed 32 stack frames</pre></div><a href='#' onClick='toggleBox("stack-trace995911260", this, "Click to show all stack frames", "Click to hide stack frames")'>Click to show all stack frames</a>
<div class='stack-trace' id='stack-trace995911260'><pre>org.openqa.selenium.NoSuchElementException: no such element: Unable to locate element: {&quot;method&quot;:&quot;xpath&quot;,&quot;selector&quot;:&quot;//a[@class=&apos;logout&apos;]&quot;}
  (Session info: chrome=71.0.3578.98)
  (Driver info: chromedriver=2.35.528161 (5b82f2d2aae0ca24b877009200ced9065a772e73),platform=Windows NT 10.0.17134 x86_64) (WARNING: The server did not provide any stacktrace information)
Command duration or timeout: 0 milliseconds
For documentation on this error, please visit: http://seleniumhq.org/exceptions/no_such_element.html
Build info: version: &apos;3.8.1&apos;, revision: &apos;6e95a6684b&apos;, time: &apos;2017-12-01T18:33:54.468Z&apos;
System info: host: &apos;HIMANI&apos;, ip: &apos;192.168.1.5&apos;, os.name: &apos;Windows 10&apos;, os.arch: &apos;amd64&apos;, os.version: &apos;10.0&apos;, java.version: &apos;9.0.4&apos;
Driver info: org.openqa.selenium.chrome.ChromeDriver
Capabilities {acceptInsecureCerts: false, acceptSslCerts: false, applicationCacheEnabled: false, browserConnectionEnabled: false, browserName: chrome, chrome: {chromedriverVersion: 2.35.528161 (5b82f2d2aae0ca..., userDataDir: C:\Users\Himani\AppData\Loc...}, cssSelectorsEnabled: true, databaseEnabled: false, handlesAlerts: true, hasTouchScreen: false, javascriptEnabled: true, locationContextEnabled: true, mobileEmulationEnabled: false, nativeEvents: true, networkConnectionEnabled: false, pageLoadStrategy: normal, platform: XP, platformName: XP, rotatable: false, setWindowRect: true, takesHeapSnapshot: true, takesScreenshot: true, unexpectedAlertBehaviour: , unhandledPromptBehavior: , version: 71.0.3578.98, webStorageEnabled: true}
Session ID: 4d78b6ab0cba0a7c4429c8479102fe35
*** Element info: {Using=xpath, value=//a[@class=&apos;logout&apos;]}
	at java.base/jdk.internal.reflect.NativeConstructorAccessorImpl.newInstance0(Native Method)
	at java.base/jdk.internal.reflect.NativeConstructorAccessorImpl.newInstance(Unknown Source)
	at java.base/jdk.internal.reflect.DelegatingConstructorAccessorImpl.newInstance(Unknown Source)
	at java.base/java.lang.reflect.Constructor.newInstance(Unknown Source)
	at org.openqa.selenium.remote.ErrorHandler.createThrowable(ErrorHandler.java:214)
	at org.openqa.selenium.remote.ErrorHandler.throwIfResponseFailed(ErrorHandler.java:166)
	at org.openqa.selenium.remote.http.JsonHttpResponseCodec.reconstructValue(JsonHttpResponseCodec.java:40)
	at org.openqa.selenium.remote.http.AbstractHttpResponseCodec.decode(AbstractHttpResponseCodec.java:80)
	at org.openqa.selenium.remote.http.AbstractHttpResponseCodec.decode(AbstractHttpResponseCodec.java:44)
	at org.openqa.selenium.remote.HttpCommandExecutor.execute(HttpCommandExecutor.java:164)
	at org.openqa.selenium.remote.service.DriverCommandExecutor.execute(DriverCommandExecutor.java:83)
	at org.openqa.selenium.remote.RemoteWebDriver.execute(RemoteWebDriver.java:601)
	at org.openqa.selenium.remote.RemoteWebDriver.findElement(RemoteWebDriver.java:371)
	at org.openqa.selenium.remote.RemoteWebDriver.findElementByXPath(RemoteWebDriver.java:473)
	at org.openqa.selenium.By$ByXPath.findElement(By.java:361)
	at org.openqa.selenium.remote.RemoteWebDriver.findElement(RemoteWebDriver.java:363)
	at jdk.internal.reflect.GeneratedMethodAccessor8.invoke(Unknown Source)
	at java.base/jdk.internal.reflect.DelegatingMethodAccessorImpl.invoke(Unknown Source)
	at java.base/java.lang.reflect.Method.invoke(Unknown Source)
	at org.openqa.selenium.support.events.EventFiringWebDriver$2.invoke(EventFiringWebDriver.java:108)
	at com.sun.proxy.$Proxy15.findElement(Unknown Source)
	at org.openqa.selenium.support.events.EventFiringWebDriver.findElement(EventFiringWebDriver.java:192)
	at org.openqa.selenium.support.pagefactory.DefaultElementLocator.findElement(DefaultElementLocator.java:69)
	at org.openqa.selenium.support.pagefactory.internal.LocatingElementHandler.invoke(LocatingElementHandler.java:38)
	at com.sun.proxy.$Proxy19.click(Unknown Source)
	at com.test.automation.uiAutomation.uiActions.HomePage.logOutAccount(HomePage.java:209)
	at com.test.automation.uiAutomation.homepage.TC003_VerifyLoginWithDifferentRecords.TestLogin(TC003_VerifyLoginWithDifferentRecords.java:53)
	at java.base/jdk.internal.reflect.NativeMethodAccessorImpl.invoke0(Native Method)
	at java.base/jdk.internal.reflect.NativeMethodAccessorImpl.invoke(Unknown Source)
	at java.base/jdk.internal.reflect.DelegatingMethodAccessorImpl.invoke(Unknown Source)
	at java.base/java.lang.reflect.Method.invoke(Unknown Source)
	at org.testng.internal.MethodInvocationHelper.invokeMethod(MethodInvocationHelper.java:108)
	at org.testng.internal.Invoker.invokeMethod(Invoker.java:661)
	at org.testng.internal.Invoker.invokeTestMethod(Invoker.java:869)
	at org.testng.internal.Invoker.invokeTestMethods(Invoker.java:1193)
	at org.testng.internal.TestMethodWorker.invokeTestMethods(TestMethodWorker.java:126)
	at org.testng.internal.TestMethodWorker.run(TestMethodWorker.java:109)
	at org.testng.TestRunner.privateRun(TestRunner.java:744)
	at org.testng.TestRunner.run(TestRunner.java:602)
	at org.testng.SuiteRunner.runTest(SuiteRunner.java:380)
	at org.testng.SuiteRunner.runSequentially(SuiteRunner.java:375)
	at org.testng.SuiteRunner.privateRun(SuiteRunner.java:340)
	at org.testng.SuiteRunner.run(SuiteRunner.java:289)
	at org.testng.SuiteRunnerWorker.runSuite(SuiteRunnerWorker.java:52)
	at org.testng.SuiteRunnerWorker.run(SuiteRunnerWorker.java:86)
	at org.testng.TestNG.runSuitesSequentially(TestNG.java:1301)
	at org.testng.TestNG.runSuitesLocally(TestNG.java:1226)
	at org.testng.TestNG.runSuites(TestNG.java:1144)
	at org.testng.TestNG.run(TestNG.java:1115)
	at org.testng.remote.AbstractRemoteTestNG.run(AbstractRemoteTestNG.java:114)
	at org.testng.remote.RemoteTestNG.initAndRun(RemoteTestNG.java:251)
	at org.testng.remote.RemoteTestNG.main(RemoteTestNG.java:77)
</pre></div></td>
<td>35</td>
<td>com.test.automation.uiAutomation.homepage.TC003_VerifyLoginWithDifferentRecords@2bec854f</td></tr>
</table><p>
<table width='100%' border='1' class='invocation-passed'>
<tr><td colspan='4' align='center'><b>PASSED TESTS</b></td></tr>
<tr><td><b>Test method</b></td>
<td width="30%"><b>Exception</b></td>
<td width="10%"><b>Time (seconds)</b></td>
<td><b>Instance</b></td>
</tr>
<tr>
<td title='com.test.automation.uiAutomation.homepage.TC001_VerifyLoginWithInvalidCredentials.VerifyLoginWithInvalidCredentials()'><b>VerifyLoginWithInvalidCredentials</b><br>Test class: com.test.automation.uiAutomation.homepage.TC001_VerifyLoginWithInvalidCredentials<br/>
<a href="#Output-1152524191" onClick='toggleBox("Output-1152524191", this, "Show output", "Hide output");'>Show output</a>

<a href="#Output-1152524191" onClick="toggleAllBoxes();">Show all outputs</a>
<div class='log' id="Output-1152524191">
Found element By: By.xpath: //a[@class='login'][@title='Log in to your customer account']<br/>
Trying to click on: [[ChromeDriver: chrome on XP (1952e13e5cca128ea20567078ab28cec)] -> xpath: //a[@class='login'][@title='Log in to your customer account']]<br/>
Clicked on: [[ChromeDriver: chrome on XP (1952e13e5cca128ea20567078ab28cec)] -> xpath: //a[@class='login'][@title='Log in to your customer account']]<br/>
Found element By: By.xpath: //a[@class='login'][@title='Log in to your customer account']<br/>
Clicked on SignIn and object is [[ChromeDriver: chrome on XP (1952e13e5cca128ea20567078ab28cec)] -> xpath: //a[@class='login'][@title='Log in to your customer account']]<br/>
Found element By: By.xpath: //input[@id='email']<br/>
Element value changed to: [[ChromeDriver: chrome on XP (1952e13e5cca128ea20567078ab28cec)] -> xpath: //input[@id='email']]<br/>
Found element By: By.xpath: //input[@id='email']<br/>
Entered email address: test@gmail.com and object is [[ChromeDriver: chrome on XP (1952e13e5cca128ea20567078ab28cec)] -> xpath: //input[@id='email']]<br/>
Found element By: By.xpath: //input[@id='passwd']<br/>
Element value changed to: [[ChromeDriver: chrome on XP (1952e13e5cca128ea20567078ab28cec)] -> xpath: //input[@id='passwd']]<br/>
Found element By: By.xpath: //input[@id='passwd']<br/>
Entered password: password and object is [[ChromeDriver: chrome on XP (1952e13e5cca128ea20567078ab28cec)] -> xpath: //input[@id='passwd']]<br/>
Found element By: By.xpath: //button[@id='SubmitLogin']<br/>
Trying to click on: [[ChromeDriver: chrome on XP (1952e13e5cca128ea20567078ab28cec)] -> xpath: //button[@id='SubmitLogin']]<br/>
Clicked on: [[ChromeDriver: chrome on XP (1952e13e5cca128ea20567078ab28cec)] -> xpath: //button[@id='SubmitLogin']]<br/>
Found element By: By.xpath: //button[@id='SubmitLogin']<br/>
Clicked on submit button and object is [[ChromeDriver: chrome on XP (1952e13e5cca128ea20567078ab28cec)] -> xpath: //button[@id='SubmitLogin']]<br/>
Found element By: By.xpath: //div[@class='alert alert-danger']/ol/li<br/>
Error message is Authentication failed.<br/>
Found element By: By.xpath: //div[@class='alert alert-danger']/ol/li<br/>
</div>
</td>
<td></td>
<td>6</td>
<td>com.test.automation.uiAutomation.homepage.TC001_VerifyLoginWithInvalidCredentials@16c069df</td></tr>
<tr>
<td title='com.test.automation.uiAutomation.homepage.TC004_VerifyNavigationToApparelPage.VerifyNavigationToApparelPage()'><b>VerifyNavigationToApparelPage</b><br>Test class: com.test.automation.uiAutomation.homepage.TC004_VerifyNavigationToApparelPage<br/>
<a href="#Output-1698182759" onClick='toggleBox("Output-1698182759", this, "Show output", "Hide output");'>Show output</a>

<a href="#Output-1698182759" onClick="toggleAllBoxes();">Show all outputs</a>
<div class='log' id="Output-1698182759">
Found element By: By.cssSelector: ul[class^='sf-menu']>li>a[title='Women']<br/>
Exception occured: org.openqa.selenium.UnsupportedCommandException: actions
Build info: version: '3.8.1', revision: '6e95a6684b', time: '2017-12-01T18:33:54.468Z'
System info: host: 'HIMANI', ip: '192.168.1.5', os.name: 'Windows 10', os.arch: 'amd64', os.version: '10.0', java.version: '9.0.4'
Driver info: driver.version: EventFiringWebDriver<br/>
Exception occured: <br/>
Mouse hover over option: Women<br/>
<a href='C:\Automation\Jan18\FirstMavenProject\uiAutomation\src\main\java\com\test\automation\uiAutomation\screenshot\TC004_VerifyNavigationToApparelPage_ClickOnWomen_06_02_2019_07_56_22.png'><img src='C:\Automation\Jan18\FirstMavenProject\uiAutomation\src\main\java\com\test\automation\uiAutomation\screenshot\TC004_VerifyNavigationToApparelPage_ClickOnWomen_06_02_2019_07_56_22.png' height='100' width='100'/> </a><br/>
Found element By: By.cssSelector: ul[class^='sf-menu']>li>a[title='Women']+ul>li>ul>li>a[title='Blouses']<br/>
Exception occured: org.openqa.selenium.UnsupportedCommandException: actions
Build info: version: '3.8.1', revision: '6e95a6684b', time: '2017-12-01T18:33:54.468Z'
System info: host: 'HIMANI', ip: '192.168.1.5', os.name: 'Windows 10', os.arch: 'amd64', os.version: '10.0', java.version: '9.0.4'
Driver info: driver.version: EventFiringWebDriver<br/>
Exception occured: <br/>
Clicked on apparel option: Blouses in Women section<br/>
<a href='C:\Automation\Jan18\FirstMavenProject\uiAutomation\src\main\java\com\test\automation\uiAutomation\screenshot\TC004_VerifyNavigationToApparelPage_ClickOnApparelOption_06_02_2019_07_56_26.png'><img src='C:\Automation\Jan18\FirstMavenProject\uiAutomation\src\main\java\com\test\automation\uiAutomation\screenshot\TC004_VerifyNavigationToApparelPage_ClickOnApparelOption_06_02_2019_07_56_26.png' height='100' width='100'/> </a><br/>
</div>
</td>
<td></td>
<td>4</td>
<td>com.test.automation.uiAutomation.homepage.TC004_VerifyNavigationToApparelPage@31edaa7d</td></tr>
<tr>
<td title='com.test.automation.uiAutomation.homepage.TC002_VerifyRegistration.VerifyRegistration()'><b>VerifyRegistration</b><br>Test class: com.test.automation.uiAutomation.homepage.TC002_VerifyRegistration<br/>
<a href="#Output-797416363" onClick='toggleBox("Output-797416363", this, "Show output", "Hide output");'>Show output</a>

<a href="#Output-797416363" onClick="toggleAllBoxes();">Show all outputs</a>
<div class='log' id="Output-797416363">
Found element By: By.xpath: //a[@class='login'][@title='Log in to your customer account']<br/>
Trying to click on: [[ChromeDriver: chrome on XP (4006f5e4d54de3af072955a4fab1a8a0)] -> xpath: //a[@class='login'][@title='Log in to your customer account']]<br/>
Clicked on: [[ChromeDriver: chrome on XP (4006f5e4d54de3af072955a4fab1a8a0)] -> xpath: //a[@class='login'][@title='Log in to your customer account']]<br/>
Found element By: By.xpath: //a[@class='login'][@title='Log in to your customer account']<br/>
Clicked on SignIn and object is [[ChromeDriver: chrome on XP (4006f5e4d54de3af072955a4fab1a8a0)] -> xpath: //a[@class='login'][@title='Log in to your customer account']]<br/>
Found element By: By.xpath: //input[@id='email_create']<br/>
Element value changed to: [[ChromeDriver: chrome on XP (4006f5e4d54de3af072955a4fab1a8a0)] -> xpath: //input[@id='email_create']]<br/>
Found element By: By.xpath: //input[@id='email_create']<br/>
Element value changed to: [[ChromeDriver: chrome on XP (4006f5e4d54de3af072955a4fab1a8a0)] -> xpath: //input[@id='email_create']]<br/>
Found element By: By.xpath: //input[@id='email_create']<br/>
Entered email and object is [[ChromeDriver: chrome on XP (4006f5e4d54de3af072955a4fab1a8a0)] -> xpath: //input[@id='email_create']]<br/>
Found element By: By.xpath: //button[@id='SubmitCreate']<br/>
Trying to click on: [[ChromeDriver: chrome on XP (4006f5e4d54de3af072955a4fab1a8a0)] -> xpath: //button[@id='SubmitCreate']]<br/>
Clicked on: [[ChromeDriver: chrome on XP (4006f5e4d54de3af072955a4fab1a8a0)] -> xpath: //button[@id='SubmitCreate']]<br/>
Found element By: By.xpath: //button[@id='SubmitCreate']<br/>
Clicked on create account button and onject is [[ChromeDriver: chrome on XP (4006f5e4d54de3af072955a4fab1a8a0)] -> xpath: //button[@id='SubmitCreate']]<br/>
Found element By: By.xpath: //input[@id='id_gender2']<br/>
Trying to click on: [[ChromeDriver: chrome on XP (4006f5e4d54de3af072955a4fab1a8a0)] -> xpath: //input[@id='id_gender2']]<br/>
Clicked on: [[ChromeDriver: chrome on XP (4006f5e4d54de3af072955a4fab1a8a0)] -> xpath: //input[@id='id_gender2']]<br/>
Found element By: By.xpath: //input[@id='customer_firstname']<br/>
Element value changed to: [[ChromeDriver: chrome on XP (4006f5e4d54de3af072955a4fab1a8a0)] -> xpath: //input[@id='customer_firstname']]<br/>
Found element By: By.xpath: //input[@id='customer_firstname']<br/>
Element value changed to: [[ChromeDriver: chrome on XP (4006f5e4d54de3af072955a4fab1a8a0)] -> xpath: //input[@id='customer_firstname']]<br/>
Found element By: By.xpath: //input[@id='customer_lastname']<br/>
Element value changed to: [[ChromeDriver: chrome on XP (4006f5e4d54de3af072955a4fab1a8a0)] -> xpath: //input[@id='customer_lastname']]<br/>
Found element By: By.xpath: //input[@id='customer_lastname']<br/>
Element value changed to: [[ChromeDriver: chrome on XP (4006f5e4d54de3af072955a4fab1a8a0)] -> xpath: //input[@id='customer_lastname']]<br/>
Found element By: By.xpath: //input[@id='passwd']<br/>
Element value changed to: [[ChromeDriver: chrome on XP (4006f5e4d54de3af072955a4fab1a8a0)] -> xpath: //input[@id='passwd']]<br/>
Found element By: By.xpath: //input[@id='passwd']<br/>
Element value changed to: [[ChromeDriver: chrome on XP (4006f5e4d54de3af072955a4fab1a8a0)] -> xpath: //input[@id='passwd']]<br/>
Found element By: By.xpath: //input[@id='passwd']<br/>
Entered password and object is [[ChromeDriver: chrome on XP (4006f5e4d54de3af072955a4fab1a8a0)] -> xpath: //input[@id='passwd']]<br/>
Found element By: By.xpath: //select[@id='days']<br/>
Found element By: By.xpath: //select[@id='days']<br/>
Found element By: By.xpath: //select[@id='days']<br/>
Found element By: By.xpath: .//option[normalize-space(.) = "4  "]<br/>
Found element By: By.xpath: //select[@id='days']<br/>
Found element By: By.xpath: .//option[contains(., "4")]<br/>
Trying to click on: [[[[ChromeDriver: chrome on XP (4006f5e4d54de3af072955a4fab1a8a0)] -> xpath: //select[@id='days']]] -> xpath: .//option[contains(., "4")]]<br/>
Clicked on: [[[[ChromeDriver: chrome on XP (4006f5e4d54de3af072955a4fab1a8a0)] -> xpath: //select[@id='days']]] -> xpath: .//option[contains(., "4")]]<br/>
Found element By: By.xpath: //select[@id='months']<br/>
Found element By: By.xpath: //select[@id='months']<br/>
Found element By: By.xpath: //select[@id='months']<br/>
Found element By: By.xpath: .//option[normalize-space(.) = "April "]<br/>
Found element By: By.xpath: //select[@id='months']<br/>
Found element By: By.xpath: .//option[contains(., "April")]<br/>
Trying to click on: [[[[ChromeDriver: chrome on XP (4006f5e4d54de3af072955a4fab1a8a0)] -> xpath: //select[@id='months']]] -> xpath: .//option[contains(., "April")]]<br/>
Clicked on: [[[[ChromeDriver: chrome on XP (4006f5e4d54de3af072955a4fab1a8a0)] -> xpath: //select[@id='months']]] -> xpath: .//option[contains(., "April")]]<br/>
Found element By: By.xpath: //select[@id='years']<br/>
Found element By: By.xpath: //select[@id='years']<br/>
Found element By: By.xpath: //select[@id='years']<br/>
Found element By: By.xpath: .//option[normalize-space(.) = "1990  "]<br/>
Found element By: By.xpath: //select[@id='years']<br/>
Found element By: By.xpath: .//option[contains(., "1990")]<br/>
Trying to click on: [[[[ChromeDriver: chrome on XP (4006f5e4d54de3af072955a4fab1a8a0)] -> xpath: //select[@id='years']]] -> xpath: .//option[contains(., "1990")]]<br/>
Clicked on: [[[[ChromeDriver: chrome on XP (4006f5e4d54de3af072955a4fab1a8a0)] -> xpath: //select[@id='years']]] -> xpath: .//option[contains(., "1990")]]<br/>
Selected year and object is org.openqa.selenium.support.ui.Select@43cf6ea3<br/>
Found element By: By.xpath: //input[@id='address1']<br/>
Element value changed to: [[ChromeDriver: chrome on XP (4006f5e4d54de3af072955a4fab1a8a0)] -> xpath: //input[@id='address1']]<br/>
Found element By: By.xpath: //input[@id='address1']<br/>
Element value changed to: [[ChromeDriver: chrome on XP (4006f5e4d54de3af072955a4fab1a8a0)] -> xpath: //input[@id='address1']]<br/>
Found element By: By.xpath: //input[@id='city']<br/>
Element value changed to: [[ChromeDriver: chrome on XP (4006f5e4d54de3af072955a4fab1a8a0)] -> xpath: //input[@id='city']]<br/>
Found element By: By.xpath: //input[@id='city']<br/>
Element value changed to: [[ChromeDriver: chrome on XP (4006f5e4d54de3af072955a4fab1a8a0)] -> xpath: //input[@id='city']]<br/>
Found element By: By.xpath: //select[@id='id_state']<br/>
Found element By: By.xpath: //select[@id='id_state']<br/>
Found element By: By.xpath: //select[@id='id_state']<br/>
Found element By: By.xpath: .//option[@value = "2"]<br/>
Trying to click on: [[[[ChromeDriver: chrome on XP (4006f5e4d54de3af072955a4fab1a8a0)] -> xpath: //select[@id='id_state']]] -> xpath: .//option[@value = "2"]]<br/>
Clicked on: [[[[ChromeDriver: chrome on XP (4006f5e4d54de3af072955a4fab1a8a0)] -> xpath: //select[@id='id_state']]] -> xpath: .//option[@value = "2"]]<br/>
Found element By: By.xpath: //input[@id='postcode']<br/>
Element value changed to: [[ChromeDriver: chrome on XP (4006f5e4d54de3af072955a4fab1a8a0)] -> xpath: //input[@id='postcode']]<br/>
Found element By: By.xpath: //input[@id='postcode']<br/>
Element value changed to: [[ChromeDriver: chrome on XP (4006f5e4d54de3af072955a4fab1a8a0)] -> xpath: //input[@id='postcode']]<br/>
Found element By: By.xpath: //input[@id='postcode']<br/>
Enterted zipcode and object is [[ChromeDriver: chrome on XP (4006f5e4d54de3af072955a4fab1a8a0)] -> xpath: //input[@id='postcode']]<br/>
Found element By: By.xpath: //input[@id='phone_mobile']<br/>
Element value changed to: [[ChromeDriver: chrome on XP (4006f5e4d54de3af072955a4fab1a8a0)] -> xpath: //input[@id='phone_mobile']]<br/>
Found element By: By.xpath: //input[@id='alias']<br/>
Element value changed to: [[ChromeDriver: chrome on XP (4006f5e4d54de3af072955a4fab1a8a0)] -> xpath: //input[@id='alias']]<br/>
Found element By: By.xpath: //input[@id='alias']<br/>
Element value changed to: [[ChromeDriver: chrome on XP (4006f5e4d54de3af072955a4fab1a8a0)] -> xpath: //input[@id='alias']]<br/>
Found element By: By.xpath: //button[@id='submitAccount']<br/>
Trying to click on: [[ChromeDriver: chrome on XP (4006f5e4d54de3af072955a4fab1a8a0)] -> xpath: //button[@id='submitAccount']]<br/>
Clicked on: [[ChromeDriver: chrome on XP (4006f5e4d54de3af072955a4fab1a8a0)] -> xpath: //button[@id='submitAccount']]<br/>
Found element By: By.xpath: //div[@id='center_column']/h1<br/>
User has successfully logged into his/her account<br/>
</div>
</td>
<td></td>
<td>102</td>
<td>com.test.automation.uiAutomation.homepage.TC002_VerifyRegistration@15a04efb</td></tr>
</table><p>
<table width='100%' border='1' class='invocation-skipped'>
<tr><td colspan='4' align='center'><b>SKIPPED TESTS</b></td></tr>
<tr><td><b>Test method</b></td>
<td width="30%"><b>Exception</b></td>
<td width="10%"><b>Time (seconds)</b></td>
<td><b>Instance</b></td>
</tr>
<tr>
<td title='com.test.automation.uiAutomation.homepage.TC003_VerifyLoginWithDifferentRecords.TestLogin()'><b>TestLogin</b><br>Test class: com.test.automation.uiAutomation.homepage.TC003_VerifyLoginWithDifferentRecords<br>Parameters: testautomation7@gmail.com, password@123, n</td>
<td><div><pre>org.testng.SkipException: user marked this record as no run
	at com.test.automation.uiAutomation.homepage.TC003_VerifyLoginWithDifferentRecords.TestLogin(TC003_VerifyLoginWithDifferentRecords.java:42)
... Removed 25 stack frames</pre></div><a href='#' onClick='toggleBox("stack-trace1781297535", this, "Click to show all stack frames", "Click to hide stack frames")'>Click to show all stack frames</a>
<div class='stack-trace' id='stack-trace1781297535'><pre>org.testng.SkipException: user marked this record as no run
	at com.test.automation.uiAutomation.homepage.TC003_VerifyLoginWithDifferentRecords.TestLogin(TC003_VerifyLoginWithDifferentRecords.java:42)
	at java.base/jdk.internal.reflect.NativeMethodAccessorImpl.invoke0(Native Method)
	at java.base/jdk.internal.reflect.NativeMethodAccessorImpl.invoke(Unknown Source)
	at java.base/jdk.internal.reflect.DelegatingMethodAccessorImpl.invoke(Unknown Source)
	at java.base/java.lang.reflect.Method.invoke(Unknown Source)
	at org.testng.internal.MethodInvocationHelper.invokeMethod(MethodInvocationHelper.java:108)
	at org.testng.internal.Invoker.invokeMethod(Invoker.java:661)
	at org.testng.internal.Invoker.invokeTestMethod(Invoker.java:869)
	at org.testng.internal.Invoker.invokeTestMethods(Invoker.java:1193)
	at org.testng.internal.TestMethodWorker.invokeTestMethods(TestMethodWorker.java:126)
	at org.testng.internal.TestMethodWorker.run(TestMethodWorker.java:109)
	at org.testng.TestRunner.privateRun(TestRunner.java:744)
	at org.testng.TestRunner.run(TestRunner.java:602)
	at org.testng.SuiteRunner.runTest(SuiteRunner.java:380)
	at org.testng.SuiteRunner.runSequentially(SuiteRunner.java:375)
	at org.testng.SuiteRunner.privateRun(SuiteRunner.java:340)
	at org.testng.SuiteRunner.run(SuiteRunner.java:289)
	at org.testng.SuiteRunnerWorker.runSuite(SuiteRunnerWorker.java:52)
	at org.testng.SuiteRunnerWorker.run(SuiteRunnerWorker.java:86)
	at org.testng.TestNG.runSuitesSequentially(TestNG.java:1301)
	at org.testng.TestNG.runSuitesLocally(TestNG.java:1226)
	at org.testng.TestNG.runSuites(TestNG.java:1144)
	at org.testng.TestNG.run(TestNG.java:1115)
	at org.testng.remote.AbstractRemoteTestNG.run(AbstractRemoteTestNG.java:114)
	at org.testng.remote.RemoteTestNG.initAndRun(RemoteTestNG.java:251)
	at org.testng.remote.RemoteTestNG.main(RemoteTestNG.java:77)
</pre></div></td>
<td>0</td>
<td>com.test.automation.uiAutomation.homepage.TC003_VerifyLoginWithDifferentRecords@2bec854f</td></tr>
<tr>
<td title='com.test.automation.uiAutomation.homepage.TC003_VerifyLoginWithDifferentRecords.TestLogin()'><b>TestLogin</b><br>Test class: com.test.automation.uiAutomation.homepage.TC003_VerifyLoginWithDifferentRecords<br>Parameters: testautomation8@gmail.com, password@123, n</td>
<td><div><pre>org.testng.SkipException: user marked this record as no run
	at com.test.automation.uiAutomation.homepage.TC003_VerifyLoginWithDifferentRecords.TestLogin(TC003_VerifyLoginWithDifferentRecords.java:42)
... Removed 25 stack frames</pre></div><a href='#' onClick='toggleBox("stack-trace777748410", this, "Click to show all stack frames", "Click to hide stack frames")'>Click to show all stack frames</a>
<div class='stack-trace' id='stack-trace777748410'><pre>org.testng.SkipException: user marked this record as no run
	at com.test.automation.uiAutomation.homepage.TC003_VerifyLoginWithDifferentRecords.TestLogin(TC003_VerifyLoginWithDifferentRecords.java:42)
	at java.base/jdk.internal.reflect.NativeMethodAccessorImpl.invoke0(Native Method)
	at java.base/jdk.internal.reflect.NativeMethodAccessorImpl.invoke(Unknown Source)
	at java.base/jdk.internal.reflect.DelegatingMethodAccessorImpl.invoke(Unknown Source)
	at java.base/java.lang.reflect.Method.invoke(Unknown Source)
	at org.testng.internal.MethodInvocationHelper.invokeMethod(MethodInvocationHelper.java:108)
	at org.testng.internal.Invoker.invokeMethod(Invoker.java:661)
	at org.testng.internal.Invoker.invokeTestMethod(Invoker.java:869)
	at org.testng.internal.Invoker.invokeTestMethods(Invoker.java:1193)
	at org.testng.internal.TestMethodWorker.invokeTestMethods(TestMethodWorker.java:126)
	at org.testng.internal.TestMethodWorker.run(TestMethodWorker.java:109)
	at org.testng.TestRunner.privateRun(TestRunner.java:744)
	at org.testng.TestRunner.run(TestRunner.java:602)
	at org.testng.SuiteRunner.runTest(SuiteRunner.java:380)
	at org.testng.SuiteRunner.runSequentially(SuiteRunner.java:375)
	at org.testng.SuiteRunner.privateRun(SuiteRunner.java:340)
	at org.testng.SuiteRunner.run(SuiteRunner.java:289)
	at org.testng.SuiteRunnerWorker.runSuite(SuiteRunnerWorker.java:52)
	at org.testng.SuiteRunnerWorker.run(SuiteRunnerWorker.java:86)
	at org.testng.TestNG.runSuitesSequentially(TestNG.java:1301)
	at org.testng.TestNG.runSuitesLocally(TestNG.java:1226)
	at org.testng.TestNG.runSuites(TestNG.java:1144)
	at org.testng.TestNG.run(TestNG.java:1115)
	at org.testng.remote.AbstractRemoteTestNG.run(AbstractRemoteTestNG.java:114)
	at org.testng.remote.RemoteTestNG.initAndRun(RemoteTestNG.java:251)
	at org.testng.remote.RemoteTestNG.main(RemoteTestNG.java:77)
</pre></div></td>
<td>0</td>
<td>com.test.automation.uiAutomation.homepage.TC003_VerifyLoginWithDifferentRecords@2bec854f</td></tr>
</table><p>
</body>
</html>